[12/08/2011 16:42:34] Bulbasaur
[12/08/2011 16:42:35] Ivysaur
[12/08/2011 16:42:35] Venusaur
[12/08/2011 16:42:35] Charmander
[12/08/2011 16:42:35] Charmeleon
[12/08/2011 16:42:35] Charizard
[12/08/2011 16:42:36] Squirtle
[12/08/2011 16:42:36] Wartortle
[12/08/2011 16:42:36] Blastoise
[12/08/2011 16:42:36] Caterpie
[12/08/2011 16:42:36] Metapod
[12/08/2011 16:42:37] Butterfree
[12/08/2011 16:42:37] Weedle
[12/08/2011 16:42:37] Kakuna
[12/08/2011 16:42:37] Beedrill
[12/08/2011 16:42:37] Pidgey
[12/08/2011 16:42:38] Pidgeotto
[12/08/2011 16:42:38] Pidgeot
[12/08/2011 16:42:38] Rattata
[12/08/2011 16:42:38] Raticate
[12/08/2011 16:42:38] Spearow
[12/08/2011 16:42:39] Fearow
[12/08/2011 16:42:39] Ekans
[12/08/2011 16:42:39] Arbok
[12/08/2011 16:42:39] Pikachu
[12/08/2011 16:42:39] Raichu
[12/08/2011 16:42:40] Sandshrew
[12/08/2011 16:42:40] Sandslash
[12/08/2011 16:42:40] Nidoran Male
[12/08/2011 16:42:40] Nidorina
[12/08/2011 16:42:40] Nidoqueen
[12/08/2011 16:42:41] Nidoran Female
[12/08/2011 16:42:41] Nidorino
[12/08/2011 16:42:41] Nidoking
[12/08/2011 16:42:41] Clefairy
[12/08/2011 16:42:41] Clefable
[12/08/2011 16:42:42] Vulpix
[12/08/2011 16:42:42] Ninetales
[12/08/2011 16:42:42] Jigglypuff
[12/08/2011 16:42:42] Wigglytuff
[12/08/2011 16:42:42] Zubat
[12/08/2011 16:42:43] Golbat
[12/08/2011 16:42:43] Oddish
[12/08/2011 16:42:43] Gloom
[12/08/2011 16:42:43] Vileplume
[12/08/2011 16:42:43] Paras
[12/08/2011 16:42:44] Parasect
[12/08/2011 16:42:44] Venonat
[12/08/2011 16:42:44] Venomoth
[12/08/2011 16:42:44] Diglett
[12/08/2011 16:42:44] Dugtrio
[12/08/2011 16:42:45] Meowth
[12/08/2011 16:42:45] Persian
[12/08/2011 16:42:45] Psyduck
[12/08/2011 16:42:45] Golduck
[12/08/2011 16:42:45] Mankey
[12/08/2011 16:42:46] Primeape
[12/08/2011 16:42:46] Growlithe
[12/08/2011 16:42:46] Arcanine
[12/08/2011 16:42:46] Poliwag
[12/08/2011 16:42:46] Poliwhirl
[12/08/2011 16:42:47] Poliwrath
[12/08/2011 16:42:47] Abra
[12/08/2011 16:42:47] Kadabra
[12/08/2011 16:42:47] Alakazam
[12/08/2011 16:42:47] Machop
[12/08/2011 16:42:48] Machoke
[12/08/2011 16:42:48] Machamp
[12/08/2011 16:42:48] Bellsprout
[12/08/2011 16:42:48] Weepinbell
[12/08/2011 16:42:48] Victreebel
[12/08/2011 16:42:49] Tentacool
[12/08/2011 16:42:49] Tentacruel
[12/08/2011 16:42:49] Geodude
[12/08/2011 16:42:49] Graveler
[12/08/2011 16:42:49] Golem
[12/08/2011 16:42:50] Ponyta
[12/08/2011 16:42:50] Rapidash
[12/08/2011 16:42:50] Slowpoke
[12/08/2011 16:42:50] Slowbro
[12/08/2011 16:42:50] Magnemite
[12/08/2011 16:42:51] Magneton
[12/08/2011 16:42:51] Farfetchd
[12/08/2011 16:42:51] Doduo
[12/08/2011 16:42:51] Dodrio
[12/08/2011 16:42:51] Seel
[12/08/2011 16:42:52] Dewgong
[12/08/2011 16:42:52] Grimer
[12/08/2011 16:42:52] Muk
[12/08/2011 16:42:52] Shellder
[12/08/2011 16:42:52] Cloyster
[12/08/2011 16:42:53] Gastly
[12/08/2011 16:42:53] Haunter
[12/08/2011 16:42:53] Gengar
[12/08/2011 16:42:53] Onix
[12/08/2011 16:42:53] Drowzee
[12/08/2011 16:42:54] Hypno
[12/08/2011 16:42:54] Krabby
[12/08/2011 16:42:54] Kingler
[12/08/2011 16:42:54] Voltorb
[12/08/2011 16:42:54] Electrode
[12/08/2011 16:42:55] Exeggcute
[12/08/2011 16:42:55] Exeggutor
[12/08/2011 16:42:55] Cubone
[12/08/2011 16:42:55] Marowak
[12/08/2011 16:42:55] Hitmonlee
[12/08/2011 16:42:56] Hitmonchan
[12/08/2011 16:42:56] Lickitung
[12/08/2011 16:42:56] Koffing
[12/08/2011 16:42:56] Weezing
[12/08/2011 16:42:56] Rhyhorn
[12/08/2011 16:42:57] Rhydon
[12/08/2011 16:42:57] Chansey
[12/08/2011 16:42:57] Tangela
[12/08/2011 16:42:57] Kangaskhan
[12/08/2011 16:42:57] Horsea
[12/08/2011 16:42:58] Seadra
[12/08/2011 16:42:58] Goldeen
[12/08/2011 16:42:58] Seaking
[12/08/2011 16:42:58] Staryu
[12/08/2011 16:42:58] Starmie
[12/08/2011 16:42:59] Mr Mime
[12/08/2011 16:42:59] Scyther
[12/08/2011 16:42:59] Jynx
[12/08/2011 16:42:59] Electabuzz
[12/08/2011 16:42:59] Magmar
[12/08/2011 16:43:00] Pinsir
[12/08/2011 16:43:00] Tauros
[12/08/2011 16:43:00] Magikarp
[12/08/2011 16:43:00] Gyarados
[12/08/2011 16:43:00] Lapras
[12/08/2011 16:43:01] Ditto
[12/08/2011 16:43:01] Eevee
[12/08/2011 16:43:01] Vaporeon
[12/08/2011 16:43:01] Jolteon
[12/08/2011 16:43:01] Flareon
[12/08/2011 16:43:02] Porygon
[12/08/2011 16:43:02] Omanyte
[12/08/2011 16:43:02] Omastar
[12/08/2011 16:43:02] Kabuto
[12/08/2011 16:43:02] Kabutops
[12/08/2011 16:43:03] Aerodactyl
[12/08/2011 16:43:03] Snorlax
[12/08/2011 16:43:03] Articuno
[12/08/2011 16:43:03] Zapdos
[12/08/2011 16:43:03] Moltres
[12/08/2011 16:43:04] Dratini
[12/08/2011 16:43:04] Dragonair
[12/08/2011 16:43:04] Dragonite
[12/08/2011 16:43:04] Mewtwo
[12/08/2011 16:43:04] Mew
[31/10/2011 05:44:31] Bulbasaur
[31/10/2011 05:44:31] Ivysaur
[31/10/2011 05:44:31] Venusaur
[31/10/2011 05:44:31] Charmander
[31/10/2011 05:44:32] Charmeleon
[31/10/2011 05:44:32] Charizard
[31/10/2011 05:44:32] Squirtle
[31/10/2011 05:44:32] Wartortle
[31/10/2011 05:44:32] Blastoise
[31/10/2011 05:44:33] Caterpie
[31/10/2011 05:44:33] Metapod
[31/10/2011 05:44:33] Butterfree
[31/10/2011 05:44:33] Weedle
[31/10/2011 05:44:33] Kakuna
[31/10/2011 05:44:34] Beedrill
[31/10/2011 05:44:34] Pidgey
[31/10/2011 05:44:34] Pidgeotto
[31/10/2011 05:44:34] Pidgeot
[31/10/2011 05:44:34] Rattata
[31/10/2011 05:44:35] Raticate
[31/10/2011 05:44:35] Spearow
[31/10/2011 05:44:35] Fearow
[31/10/2011 05:44:35] Ekans
[31/10/2011 05:44:35] Arbok
[31/10/2011 05:44:36] Pikachu
[31/10/2011 05:44:36] Raichu
[31/10/2011 05:44:36] Sandshrew
[31/10/2011 05:44:36] Sandslash
[31/10/2011 05:44:36] Nidoran Male
[31/10/2011 05:44:37] Nidorina
[31/10/2011 05:44:37] Nidoqueen
[31/10/2011 05:44:37] Nidoran Female
[31/10/2011 05:44:37] Nidorino
[31/10/2011 05:44:37] Nidoking
[31/10/2011 05:44:38] Clefairy
[31/10/2011 05:44:38] Clefable
[31/10/2011 05:44:38] Vulpix
[31/10/2011 05:44:38] Ninetales
[31/10/2011 05:44:38] Jigglypuff
[31/10/2011 05:44:39] Wigglytuff
[31/10/2011 05:44:39] Zubat
[31/10/2011 05:44:39] Golbat
[31/10/2011 05:44:39] Oddish
[31/10/2011 05:44:39] Gloom
[31/10/2011 05:44:40] Vileplume
[31/10/2011 05:44:40] Paras
[31/10/2011 05:44:40] Parasect
[31/10/2011 05:44:40] Venonat
[31/10/2011 05:44:40] Venomoth
[31/10/2011 05:44:41] Diglett
[31/10/2011 05:44:41] Dugtrio
[31/10/2011 05:44:41] Meowth
[31/10/2011 05:44:41] Persian
[31/10/2011 05:44:41] Psyduck
[31/10/2011 05:44:42] Golduck
[31/10/2011 05:44:42] Mankey
[31/10/2011 05:44:42] Primeape
[31/10/2011 05:44:42] Growlithe
[31/10/2011 05:44:42] Arcanine
[31/10/2011 05:44:43] Poliwag
[31/10/2011 05:44:43] Poliwhirl
[31/10/2011 05:44:43] Poliwrath
[31/10/2011 05:44:43] Abra
[31/10/2011 05:44:43] Kadabra
[31/10/2011 05:44:44] Alakazam
[31/10/2011 05:44:44] Machop
[31/10/2011 05:44:44] Machoke
[31/10/2011 05:44:44] Machamp
[31/10/2011 05:44:44] Bellsprout
[31/10/2011 05:44:45] Weepinbell
[31/10/2011 05:44:45] Victreebel
[31/10/2011 05:44:45] Tentacool
[31/10/2011 05:44:45] Tentacruel
[31/10/2011 05:44:45] Geodude
[31/10/2011 05:44:46] Graveler
[31/10/2011 05:44:46] Golem
[31/10/2011 05:44:46] Ponyta
[31/10/2011 05:44:46] Rapidash
[31/10/2011 05:44:46] Slowpoke
[31/10/2011 05:44:47] Slowbro
[31/10/2011 05:44:47] Magnemite
[31/10/2011 05:44:47] Magneton
[31/10/2011 05:44:47] Farfetchd
[31/10/2011 05:44:47] Doduo
[31/10/2011 05:44:48] Dodrio
[31/10/2011 05:44:48] Seel
[31/10/2011 05:44:48] Dewgong
[31/10/2011 05:44:48] Grimer
[31/10/2011 05:44:48] Muk
[31/10/2011 05:44:49] Shellder
[31/10/2011 05:44:49] Cloyster
[31/10/2011 05:44:49] Gastly
[31/10/2011 05:44:49] Haunter
[31/10/2011 05:44:49] Gengar
[31/10/2011 05:44:50] Onix
[31/10/2011 05:44:50] Drowzee
[31/10/2011 05:44:50] Hypno
[31/10/2011 05:44:50] Krabby
[31/10/2011 05:44:50] Kingler
[31/10/2011 05:44:51] Voltorb
[31/10/2011 05:44:51] Electrode
[31/10/2011 05:44:51] Exeggcute
[31/10/2011 05:44:51] Exeggutor
[31/10/2011 05:44:51] Cubone
[31/10/2011 05:44:52] Marowak
[31/10/2011 05:44:52] Hitmonlee
[31/10/2011 05:44:52] Bulbasaur
[31/10/2011 05:44:52] Hitmonchan
[31/10/2011 05:44:52] Ivysaur
[31/10/2011 05:44:52] Lickitung
[31/10/2011 05:44:52] Venusaur
[31/10/2011 05:44:52] Koffing
[31/10/2011 05:44:53] Charmander
[31/10/2011 05:44:53] Weezing
[31/10/2011 05:44:53] Charmeleon
[31/10/2011 05:44:53] Rhyhorn
[31/10/2011 05:44:53] Charizard
[31/10/2011 05:44:53] Rhydon
[31/10/2011 05:44:53] Squirtle
[31/10/2011 05:44:53] Chansey
[31/10/2011 05:44:53] Wartortle
[31/10/2011 05:44:53] Tangela
[31/10/2011 05:44:54] Blastoise
[31/10/2011 05:44:54] Kangaskhan
[31/10/2011 05:44:54] Caterpie
[31/10/2011 05:44:54] Horsea
[31/10/2011 05:44:54] Metapod
[31/10/2011 05:44:54] Seadra
[31/10/2011 05:44:54] Butterfree
[31/10/2011 05:44:54] Goldeen
[31/10/2011 05:44:54] Weedle
[31/10/2011 05:44:54] Seaking
[31/10/2011 05:44:55] Kakuna
[31/10/2011 05:44:55] Staryu
[31/10/2011 05:44:55] Beedrill
[31/10/2011 05:44:55] Starmie
[31/10/2011 05:44:55] Pidgey
[31/10/2011 05:44:55] Mr Mime
[31/10/2011 05:44:55] Pidgeotto
[31/10/2011 05:44:55] Scyther
[31/10/2011 05:44:55] Pidgeot
[31/10/2011 05:44:55] Jynx
[31/10/2011 05:44:56] Rattata
[31/10/2011 05:44:56] Electabuzz
[31/10/2011 05:44:56] Raticate
[31/10/2011 05:44:56] Magmar
[31/10/2011 05:44:56] Spearow
[31/10/2011 05:44:56] Pinsir
[31/10/2011 05:44:56] Fearow
[31/10/2011 05:44:56] Tauros
[31/10/2011 05:44:56] Ekans
[31/10/2011 05:44:56] Magikarp
[31/10/2011 05:44:57] Arbok
[31/10/2011 05:44:57] Gyarados
[31/10/2011 05:44:57] Pikachu
[31/10/2011 05:44:57] Lapras
[31/10/2011 05:44:57] Raichu
[31/10/2011 05:44:57] Ditto
[31/10/2011 05:44:57] Sandshrew
[31/10/2011 05:44:57] Eevee
[31/10/2011 05:44:57] Sandslash
[31/10/2011 05:44:57] Vaporeon
[31/10/2011 05:44:58] Nidoran Male
[31/10/2011 05:44:58] Jolteon
[31/10/2011 05:44:58] Nidorina
[31/10/2011 05:44:58] Flareon
[31/10/2011 05:44:58] Nidoqueen
[31/10/2011 05:44:58] Porygon
[31/10/2011 05:44:58] Nidoran Female
[31/10/2011 05:44:58] Omanyte
[31/10/2011 05:44:58] Nidorino
[31/10/2011 05:44:58] Omastar
[31/10/2011 05:44:59] Nidoking
[31/10/2011 05:44:59] Kabuto
[31/10/2011 05:44:59] Clefairy
[31/10/2011 05:44:59] Kabutops
[31/10/2011 05:44:59] Clefable
[31/10/2011 05:44:59] Aerodactyl
[31/10/2011 05:44:59] Vulpix
[31/10/2011 05:44:59] Snorlax
[31/10/2011 05:44:59] Ninetales
[31/10/2011 05:44:59] Articuno
[31/10/2011 05:45:00] Jigglypuff
[31/10/2011 05:45:00] Zapdos
[31/10/2011 05:45:00] Wigglytuff
[31/10/2011 05:45:00] Moltres
[31/10/2011 05:45:00] Zubat
[31/10/2011 05:45:00] Dratini
[31/10/2011 05:45:00] Golbat
[31/10/2011 05:45:00] Dragonair
[31/10/2011 05:45:00] Oddish
[31/10/2011 05:45:00] Dragonite
[31/10/2011 05:45:01] Gloom
[31/10/2011 05:45:01] Mewtwo
[31/10/2011 05:45:01] Vileplume
[31/10/2011 05:45:01] Mew
[31/10/2011 05:45:01] Paras
[31/10/2011 05:45:01] Parasect
[31/10/2011 05:45:01] Venonat
[31/10/2011 05:45:02] Venomoth
[31/10/2011 05:45:02] Diglett
[31/10/2011 05:45:02] Dugtrio
[31/10/2011 05:45:02] Meowth
[31/10/2011 05:45:02] Persian
[31/10/2011 05:45:03] Psyduck
[31/10/2011 05:45:03] Golduck
[31/10/2011 05:45:03] Mankey
[31/10/2011 05:45:03] Primeape
[31/10/2011 05:45:03] Growlithe
[31/10/2011 05:45:04] Arcanine
[31/10/2011 05:45:04] Poliwag
[31/10/2011 05:45:04] Poliwhirl
[31/10/2011 05:45:04] Poliwrath
[31/10/2011 05:45:04] Abra
[31/10/2011 05:45:05] Kadabra
[31/10/2011 05:45:05] Alakazam
[31/10/2011 05:45:05] Machop
[31/10/2011 05:45:05] Machoke
[31/10/2011 05:45:05] Machamp
[31/10/2011 05:45:06] Bellsprout
[31/10/2011 05:45:06] Weepinbell
[31/10/2011 05:45:06] Victreebel
[31/10/2011 05:45:06] Tentacool
[31/10/2011 05:45:06] Tentacruel
[31/10/2011 05:45:07] Geodude
[31/10/2011 05:45:07] Graveler
[31/10/2011 05:45:07] Golem
[31/10/2011 05:45:07] Ponyta
[31/10/2011 05:45:07] Rapidash
[31/10/2011 05:45:08] Slowpoke
[31/10/2011 05:45:08] Slowbro
[31/10/2011 05:45:08] Magnemite
[31/10/2011 05:45:08] Magneton
[31/10/2011 05:45:08] Farfetchd
[31/10/2011 05:45:09] Doduo
[31/10/2011 05:45:09] Dodrio
[31/10/2011 05:45:09] Seel
[31/10/2011 05:45:09] Dewgong
[31/10/2011 05:45:09] Grimer
[31/10/2011 05:45:10] Muk
[31/10/2011 05:45:10] Shellder
[31/10/2011 05:45:10] Cloyster
[31/10/2011 05:45:10] Gastly
[31/10/2011 05:45:10] Haunter
[31/10/2011 05:45:11] Gengar
[31/10/2011 05:45:11] Onix
[31/10/2011 05:45:11] Drowzee
[31/10/2011 05:45:11] Hypno
[31/10/2011 05:45:11] Krabby
[31/10/2011 05:45:12] Kingler
[31/10/2011 05:45:12] Voltorb
[31/10/2011 05:45:12] Electrode
[31/10/2011 05:45:12] Exeggcute
[31/10/2011 05:45:12] Exeggutor
[31/10/2011 05:45:13] Cubone
[31/10/2011 05:45:13] Marowak
[31/10/2011 05:45:13] Hitmonlee
[31/10/2011 05:45:13] Hitmonchan
[31/10/2011 05:45:13] Lickitung
[31/10/2011 05:45:14] Koffing
[31/10/2011 05:45:14] Weezing
[31/10/2011 05:45:14] Rhyhorn
[31/10/2011 05:45:14] Rhydon
[31/10/2011 05:45:14] Chansey
[31/10/2011 05:45:15] Tangela
[31/10/2011 05:45:15] Kangaskhan
[31/10/2011 05:45:15] Horsea
[31/10/2011 05:45:15] Seadra
[31/10/2011 05:45:15] Goldeen
[31/10/2011 05:45:16] Seaking
[31/10/2011 05:45:16] Staryu
[31/10/2011 05:45:16] Starmie
[31/10/2011 05:45:16] Mr Mime
[31/10/2011 05:45:16] Scyther
[31/10/2011 05:45:17] Jynx
[31/10/2011 05:45:17] Electabuzz
[31/10/2011 05:45:17] Magmar
[31/10/2011 05:45:17] Pinsir
[31/10/2011 05:45:17] Tauros
[31/10/2011 05:45:18] Magikarp
[31/10/2011 05:45:18] Gyarados
[31/10/2011 05:45:18] Lapras
[31/10/2011 05:45:18] Ditto
[31/10/2011 05:45:18] Eevee
[31/10/2011 05:45:19] Vaporeon
[31/10/2011 05:45:19] Jolteon
[31/10/2011 05:45:19] Flareon
[31/10/2011 05:45:19] Porygon
[31/10/2011 05:45:19] Omanyte
[31/10/2011 05:45:20] Omastar
[31/10/2011 05:45:20] Kabuto
[31/10/2011 05:45:20] Kabutops
[31/10/2011 05:45:20] Aerodactyl
[31/10/2011 05:45:20] Snorlax
[31/10/2011 05:45:21] Articuno
[31/10/2011 05:45:21] Zapdos
[31/10/2011 05:45:21] Moltres
[31/10/2011 05:45:21] Dratini
[31/10/2011 05:45:21] Dragonair
[31/10/2011 05:45:22] Dragonite
[31/10/2011 05:45:22] Mewtwo
[31/10/2011 05:45:22] Mew
[31/10/2011 05:45:30] Bulbasaur
[31/10/2011 05:45:30] Ivysaur
[31/10/2011 05:45:30] Venusaur
[31/10/2011 05:45:31] Charmander
[31/10/2011 05:45:31] Charmeleon
[31/10/2011 05:45:31] Charizard
[31/10/2011 05:45:31] Squirtle
[31/10/2011 05:45:31] Wartortle
[31/10/2011 05:45:32] Blastoise
[31/10/2011 05:45:32] Caterpie
[31/10/2011 05:45:32] Metapod
[31/10/2011 05:45:32] Butterfree
[31/10/2011 05:45:32] Weedle
[31/10/2011 05:45:33] Kakuna
[31/10/2011 05:45:33] Beedrill
[31/10/2011 05:45:33] Pidgey
[31/10/2011 05:45:33] Pidgeotto
[31/10/2011 05:45:33] Pidgeot
[31/10/2011 05:45:34] Rattata
[31/10/2011 05:45:34] Raticate
[31/10/2011 05:45:34] Spearow
[31/10/2011 05:45:34] Fearow
[31/10/2011 05:45:34] Ekans
[31/10/2011 05:45:35] Arbok
[31/10/2011 05:45:35] Pikachu
[31/10/2011 05:45:35] Raichu
[31/10/2011 05:45:35] Sandshrew
[31/10/2011 05:45:35] Sandslash
[31/10/2011 05:45:36] Nidoran Male
[31/10/2011 05:45:36] Nidorina
[31/10/2011 05:45:36] Nidoqueen
[31/10/2011 05:45:36] Nidoran Female
[31/10/2011 05:45:36] Nidorino
[31/10/2011 05:45:37] Nidoking
[31/10/2011 05:45:37] Clefairy
[31/10/2011 05:45:37] Clefable
[31/10/2011 05:45:37] Vulpix
[31/10/2011 05:45:37] Ninetales
[31/10/2011 05:45:38] Jigglypuff
[31/10/2011 05:45:38] Wigglytuff
[31/10/2011 05:45:38] Zubat
[31/10/2011 05:45:38] Golbat
[31/10/2011 05:45:38] Oddish
[31/10/2011 05:45:39] Gloom
[31/10/2011 05:45:39] Vileplume
[31/10/2011 05:45:39] Paras
[31/10/2011 05:45:39] Parasect
[31/10/2011 05:45:39] Venonat
[31/10/2011 05:45:40] Venomoth
[31/10/2011 05:45:40] Diglett
[31/10/2011 05:45:40] Dugtrio
[31/10/2011 05:45:40] Meowth
[31/10/2011 05:45:40] Persian
[31/10/2011 05:45:41] Psyduck
[31/10/2011 05:45:41] Golduck
[31/10/2011 05:45:41] Mankey
[31/10/2011 05:45:41] Primeape
[31/10/2011 05:45:41] Growlithe
[31/10/2011 05:45:42] Arcanine
[31/10/2011 05:45:42] Poliwag
[31/10/2011 05:45:42] Poliwhirl
[31/10/2011 05:45:42] Poliwrath
[31/10/2011 05:45:42] Abra
[31/10/2011 05:45:43] Kadabra
[31/10/2011 05:45:43] Alakazam
[31/10/2011 05:45:43] Machop
[31/10/2011 05:45:43] Machoke
[31/10/2011 05:45:43] Machamp
[31/10/2011 05:45:44] Bellsprout
[31/10/2011 05:45:44] Weepinbell
[31/10/2011 05:45:44] Victreebel
[31/10/2011 05:45:44] Tentacool
[31/10/2011 05:45:44] Tentacruel
[31/10/2011 05:45:45] Geodude
[31/10/2011 05:45:45] Graveler
[31/10/2011 05:45:45] Golem
[31/10/2011 05:45:45] Ponyta
[31/10/2011 05:45:45] Rapidash
[31/10/2011 05:45:46] Slowpoke
[31/10/2011 05:45:46] Slowbro
[31/10/2011 05:45:46] Magnemite
[31/10/2011 05:45:46] Magneton
[31/10/2011 05:45:46] Farfetchd
[31/10/2011 05:45:47] Doduo
[31/10/2011 05:45:47] Dodrio
[31/10/2011 05:45:47] Seel
[31/10/2011 05:45:47] Dewgong
[31/10/2011 05:45:47] Grimer
[31/10/2011 05:45:48] Muk
[31/10/2011 05:45:48] Shellder
[31/10/2011 05:45:48] Cloyster
[31/10/2011 05:45:48] Gastly
[31/10/2011 05:45:48] Haunter
[31/10/2011 05:45:49] Gengar
[31/10/2011 05:45:49] Onix
[31/10/2011 05:45:49] Drowzee
[31/10/2011 05:45:49] Hypno
[31/10/2011 05:45:49] Krabby
[31/10/2011 05:45:50] Kingler
[31/10/2011 05:45:50] Voltorb
[31/10/2011 05:45:50] Electrode
[31/10/2011 05:45:50] Exeggcute
[31/10/2011 05:45:50] Exeggutor
[31/10/2011 05:45:51] Cubone
[31/10/2011 05:45:51] Marowak
[31/10/2011 05:45:51] Hitmonlee
[31/10/2011 05:45:51] Hitmonchan
[31/10/2011 05:45:51] Lickitung
[31/10/2011 05:45:52] Koffing
[31/10/2011 05:45:52] Weezing
[31/10/2011 05:45:52] Rhyhorn
[31/10/2011 05:45:52] Rhydon
[31/10/2011 05:45:52] Chansey
[31/10/2011 05:45:53] Tangela
[31/10/2011 05:45:53] Kangaskhan
[31/10/2011 05:45:53] Horsea
[31/10/2011 05:45:53] Seadra
[31/10/2011 05:45:53] Goldeen
[31/10/2011 05:45:54] Seaking
[31/10/2011 05:45:54] Staryu
[31/10/2011 05:45:54] Starmie
[31/10/2011 05:45:54] Mr Mime
[31/10/2011 05:45:54] Scyther
[31/10/2011 05:45:55] Jynx
[31/10/2011 05:45:55] Electabuzz
[31/10/2011 05:45:55] Magmar
[31/10/2011 05:45:55] Pinsir
[31/10/2011 05:45:55] Tauros
[31/10/2011 05:45:56] Magikarp
[31/10/2011 05:45:56] Gyarados
[31/10/2011 05:45:56] Lapras
[31/10/2011 05:45:56] Ditto
[31/10/2011 05:45:56] Eevee
[31/10/2011 05:45:57] Vaporeon
[31/10/2011 05:45:57] Jolteon
[31/10/2011 05:45:57] Flareon
[31/10/2011 05:45:57] Porygon
[31/10/2011 05:45:57] Omanyte
[31/10/2011 05:45:58] Omastar
[31/10/2011 05:45:58] Kabuto
[31/10/2011 05:45:58] Kabutops
[31/10/2011 05:45:58] Aerodactyl
[31/10/2011 05:45:58] Snorlax
[31/10/2011 05:45:59] Articuno
[31/10/2011 05:45:59] Zapdos
[31/10/2011 05:45:59] Moltres
[31/10/2011 05:45:59] Dratini
[31/10/2011 05:45:59] Dragonair
[31/10/2011 05:46:00] Dragonite
[31/10/2011 05:46:00] Mewtwo
[31/10/2011 05:46:00] Mew
[31/10/2011 05:46:21] Bulbasaur
[31/10/2011 05:46:21] Ivysaur
[31/10/2011 05:46:22] Venusaur
[31/10/2011 05:46:22] Charmander
[31/10/2011 05:46:22] Charmeleon
[31/10/2011 05:46:22] Charizard
[31/10/2011 05:46:22] Squirtle
[31/10/2011 05:46:23] Wartortle
[31/10/2011 05:46:23] Blastoise
[31/10/2011 05:46:23] Caterpie
[31/10/2011 05:46:23] Metapod
[31/10/2011 05:46:23] Butterfree
[31/10/2011 05:46:24] Weedle
[31/10/2011 05:46:24] Kakuna
[31/10/2011 05:46:24] Beedrill
[31/10/2011 05:46:24] Pidgey
[31/10/2011 05:46:24] Pidgeotto
[31/10/2011 05:46:25] Pidgeot
[31/10/2011 05:46:25] Rattata
[31/10/2011 05:46:25] Raticate
[31/10/2011 05:46:25] Spearow
[31/10/2011 05:46:25] Fearow
[31/10/2011 05:46:26] Ekans
[31/10/2011 05:46:26] Arbok
[31/10/2011 05:46:26] Pikachu
[31/10/2011 05:46:26] Raichu
[31/10/2011 05:46:26] Sandshrew
[31/10/2011 05:46:27] Sandslash
[31/10/2011 05:46:27] Nidoran Male
[31/10/2011 05:46:27] Nidorina
[31/10/2011 05:46:27] Nidoqueen
[31/10/2011 05:46:27] Nidoran Female
[31/10/2011 05:46:28] Nidorino
[31/10/2011 05:46:28] Nidoking
[31/10/2011 05:46:28] Clefairy
[31/10/2011 05:46:28] Clefable
[31/10/2011 05:46:28] Vulpix
[31/10/2011 05:46:29] Ninetales
[31/10/2011 05:46:29] Jigglypuff
[31/10/2011 05:46:29] Wigglytuff
[31/10/2011 05:46:29] Zubat
[31/10/2011 05:46:29] Golbat
[31/10/2011 05:46:30] Oddish
[31/10/2011 05:46:30] Gloom
[31/10/2011 05:46:30] Vileplume
[31/10/2011 05:46:30] Paras
[31/10/2011 05:46:30] Parasect
[31/10/2011 05:46:31] Venonat
[31/10/2011 05:46:31] Venomoth
[31/10/2011 05:46:31] Diglett
[31/10/2011 05:46:31] Dugtrio
[31/10/2011 05:46:31] Meowth
[31/10/2011 05:46:32] Persian
[31/10/2011 05:46:32] Psyduck
[31/10/2011 05:46:32] Golduck
[31/10/2011 05:46:32] Mankey
[31/10/2011 05:46:32] Primeape
[31/10/2011 05:46:33] Growlithe
[31/10/2011 05:46:33] Arcanine
[31/10/2011 05:46:33] Poliwag
[31/10/2011 05:46:33] Poliwhirl
[31/10/2011 05:46:33] Poliwrath
[31/10/2011 05:46:34] Abra
[31/10/2011 05:46:34] Kadabra
[31/10/2011 05:46:34] Alakazam
[31/10/2011 05:46:34] Machop
[31/10/2011 05:46:34] Machoke
[31/10/2011 05:46:35] Machamp
[31/10/2011 05:46:35] Bellsprout
[31/10/2011 05:46:35] Weepinbell
[31/10/2011 05:46:35] Victreebel
[31/10/2011 05:46:35] Tentacool
[31/10/2011 05:46:36] Tentacruel
[31/10/2011 05:46:36] Geodude
[31/10/2011 05:46:36] Graveler
[31/10/2011 05:46:36] Golem
[31/10/2011 05:46:36] Ponyta
[31/10/2011 05:46:37] Rapidash
[31/10/2011 05:46:37] Slowpoke
[31/10/2011 05:46:37] Slowbro
[31/10/2011 05:46:37] Magnemite
[31/10/2011 05:46:37] Magneton
[31/10/2011 05:46:38] Farfetchd
[31/10/2011 05:46:38] Doduo
[31/10/2011 05:46:38] Dodrio
[31/10/2011 05:46:38] Seel
[31/10/2011 05:46:38] Dewgong
[31/10/2011 05:46:39] Grimer
[31/10/2011 05:46:39] Muk
[31/10/2011 05:46:39] Shellder
[31/10/2011 05:46:39] Cloyster
[31/10/2011 05:46:39] Gastly
[31/10/2011 05:46:40] Haunter
[31/10/2011 05:46:40] Gengar
[31/10/2011 05:46:40] Onix
[31/10/2011 05:46:40] Drowzee
[31/10/2011 05:46:40] Hypno
[31/10/2011 05:46:41] Krabby
[31/10/2011 05:46:41] Kingler
[31/10/2011 05:46:41] Voltorb
[31/10/2011 05:46:41] Electrode
[31/10/2011 05:46:41] Exeggcute
[31/10/2011 05:46:42] Exeggutor
[31/10/2011 05:46:42] Cubone
[31/10/2011 05:46:42] Marowak
[31/10/2011 05:46:42] Hitmonlee
[31/10/2011 05:46:42] Hitmonchan
[31/10/2011 05:46:43] Lickitung
[31/10/2011 05:46:43] Koffing
[31/10/2011 05:46:43] Weezing
[31/10/2011 05:46:43] Rhyhorn
[31/10/2011 05:46:43] Rhydon
[31/10/2011 05:46:44] Chansey
[31/10/2011 05:46:44] Tangela
[31/10/2011 05:46:44] Kangaskhan
[31/10/2011 05:46:44] Horsea
[31/10/2011 05:46:44] Seadra
[31/10/2011 05:46:45] Goldeen
[31/10/2011 05:46:45] Seaking
[31/10/2011 05:46:45] Staryu
[31/10/2011 05:46:45] Starmie
[31/10/2011 05:46:45] Mr Mime
[31/10/2011 05:46:46] Scyther
[31/10/2011 05:46:46] Jynx
[31/10/2011 05:46:46] Electabuzz
[31/10/2011 05:46:46] Magmar
[31/10/2011 05:46:46] Pinsir
[31/10/2011 05:46:47] Tauros
[31/10/2011 05:46:47] Magikarp
[31/10/2011 05:46:47] Gyarados
[31/10/2011 05:46:47] Lapras
[31/10/2011 05:46:47] Ditto
[31/10/2011 05:46:48] Eevee
[31/10/2011 05:46:48] Vaporeon
[31/10/2011 05:46:48] Jolteon
[31/10/2011 05:46:48] Flareon
[31/10/2011 05:46:48] Porygon
[31/10/2011 05:46:49] Omanyte
[31/10/2011 05:46:49] Omastar
[31/10/2011 05:46:49] Kabuto
[31/10/2011 05:46:49] Kabutops
[31/10/2011 05:46:49] Aerodactyl
[31/10/2011 05:46:50] Snorlax
[31/10/2011 05:46:50] Articuno
[31/10/2011 05:46:50] Zapdos
[31/10/2011 05:46:50] Moltres
[31/10/2011 05:46:50] Dratini
[31/10/2011 05:46:51] Dragonair
[31/10/2011 05:46:51] Dragonite
[31/10/2011 05:46:51] Mewtwo
[31/10/2011 05:46:51] Mew
