[03/04/2011 13:37:06] Player [Kpdo]Smith comprou Small Diamonds
[03/04/2011 13:38:48] Player [Kpdo]Smith comprou Small Diamonds
[03/04/2011 13:47:56] Player [Kpdo]Smith comprou Small Diamonds
[03/04/2011 13:53:06] Player [Kpdo]Smith comprou Small Diamonds
[03/04/2011 13:53:37] Player [Kpdo]Smith comprou Small Diamonds
[03/04/2011 13:59:16] Player [Kpdo]Smith comprou Small Diamonds
[03/04/2011 14:01:56] Player [Kpdo]Smith comprou Small Diamonds
[03/04/2011 14:01:56] Player [Kpdo]Smith comprou Small Diamonds
[08/04/2011 07:21:24] Player [Kpdo]Smith comprou Small Diamonds
[08/04/2011 07:24:59] Player [Kpdo]Smith comprou Small Diamonds
[08/04/2011 07:27:41] Player [Kpdo]Smith comprou Small Diamonds
[09/04/2011 16:01:12] Player [Kpdo]ADM comprou Small Diamonds
[24/04/2011 23:07:33] Player Vini comprou Small Diamonds
[26/04/2011 15:07:39] Player [kpdo]smith comprou Small Diamonds
[30/04/2011 07:21:54] Player Reres comprou 100 x Ultra Ball
[01/05/2011 05:42:49] Player Unike Char comprou Small Diamonds
[13/06/2011 16:19:07] Player Nova Jornada comprou 100 x Hyper Ball
[13/06/2011 16:20:09] Player Char Virgem comprou 100 x Hyper Ball
[13/06/2011 16:20:09] Player Char Virgem comprou Small Diamonds
[13/06/2011 16:20:40] Player Char Virgem comprou 100 x Hyper Ball
[13/06/2011 16:20:40] Player Char Virgem comprou 100 x Ultra Ball
[13/06/2011 16:20:40] Player Char Virgem comprou Small Diamonds
[01/07/2011 20:28:06] Player Cater comprou Small Diamonds
[01/07/2011 20:28:06] Player Alguem comprou 100 x Hyper Ball
[01/07/2011 20:29:08] Player Cater comprou Small Diamonds
[01/07/2011 20:29:39] Player Cater comprou Small Diamonds
[01/07/2011 20:29:39] Player Alguem comprou 100 x Ultra Ball
[01/07/2011 20:29:39] Player Duduo comprou 100 x Hyper Ball
[01/07/2011 20:30:41] Player Alguem comprou 100 x Ultra Ball
[01/07/2011 20:30:41] Player Alguem comprou 100 x Ultra Ball
[01/07/2011 20:30:41] Player Alguem comprou 100 x Ultra Ball
[01/07/2011 20:30:41] Player Alguem comprou 100 x Ultra Ball
[01/07/2011 20:30:41] Player Alguem comprou 100 x Ultra Ball
[01/07/2011 20:31:12] Player Alguem comprou 100 x Ultra Ball
[01/07/2011 20:31:12] Player Alguem comprou 100 x Ultra Ball
[01/07/2011 20:31:12] Player Alguem comprou 100 x Ultra Ball
[01/07/2011 20:31:12] Player Alguem comprou 100 x Ultra Ball
[01/07/2011 20:31:12] Player Alguem comprou 100 x Ultra Ball
[01/07/2011 20:31:12] Player Alguem comprou 100 x Ultra Ball
[01/07/2011 20:31:12] Player Alguem comprou 100 x Ultra Ball
[01/07/2011 20:31:12] Player Alguem comprou 100 x Ultra Ball
[01/07/2011 20:31:12] Player Alguem comprou 100 x Ultra Ball
[01/07/2011 20:31:12] Player Alguem comprou 100 x Ultra Ball
[01/07/2011 20:31:12] Player Alguem comprou 100 x Ultra Ball
[01/07/2011 20:31:12] Player Alguem comprou 100 x Ultra Ball
[01/07/2011 23:14:59] Player Porae comprou 100 x Hyper Ball
[12/07/2011 17:59:59] Player Infinit comprou 100 x Hyper Ball
[12/07/2011 20:35:56] Player Dash comprou 100 x Hyper Ball
[19/07/2011 01:27:27] Player Dash comprou 100 x Hyper Ball
[19/07/2011 01:27:58] Player Dash comprou 100 x Hyper Ball
[10/08/2011 16:11:24] Player Cogumelos Azuis comprou Small Diamonds
[10/08/2011 23:43:51] Player Mabbit comprou Small Diamonds
[10/08/2011 23:48:56] Player Flay comprou Small Diamonds
[11/08/2011 13:48:05] Player Carlos comprou Small Diamonds
[12/08/2011 15:33:06] Player Aquarium comprou Small Diamonds
[12/08/2011 21:02:50] Player Maluco Rirushima Iprovavel comprou Small Diamonds
[12/08/2011 21:45:32] Player Lord Demoniac comprou Small Diamonds
[13/08/2011 01:15:20] Player Lord Demoniac comprou Small Diamonds
[16/08/2011 17:19:09] Player Harry Potter comprou Small Diamonds
[16/08/2011 17:31:21] Player Harry Potter comprou Small Diamonds
[16/08/2011 17:49:39] Player Frajola comprou Small Diamonds
[16/08/2011 17:51:41] Player Soldarkness comprou Small Diamonds
[16/08/2011 18:16:05] Player Blakee comprou Small Diamonds
[16/08/2011 20:35:25] Player Sexy Trainer comprou Small Diamonds
[17/08/2011 11:59:50] Player Queijo comprou Small Diamonds
[17/08/2011 12:42:34] Player Harry Potter comprou Small Diamonds
[17/08/2011 15:11:11] Player Tionegao comprou Small Diamonds
[17/08/2011 15:11:11] Player Tionegao comprou Small Diamonds
[17/08/2011 15:11:11] Player Tionegao comprou Small Diamonds
[17/08/2011 17:04:04] Player Bielzinhoxd comprou Small Diamonds
[17/08/2011 17:16:19] Player Delirius comprou Small Diamonds
[17/08/2011 17:16:19] Player Delirius comprou Small Diamonds
[29/08/2011 18:43:15] Player Cogumelos Roxos comprou Small Diamonds
[30/08/2011 20:02:54] Player Cogumelo Amarelos comprou Small Diamonds
[01/09/2011 15:41:35] Player Sirius Black comprou Small Diamonds
[01/09/2011 15:41:35] Player Sirius Black comprou Small Diamonds
[02/09/2011 08:26:04] Player Rtk Mice comprou Small Diamonds
[03/09/2011 19:09:03] Player [kpdo]Cater comprou 100 x Hyper Ball
[03/09/2011 19:12:06] Player For Fun comprou 100 x Hyper Ball
[03/09/2011 19:13:07] Player For Fun comprou 100 x Hyper Ball
[03/09/2011 19:14:08] Player For Fun comprou Small Diamonds
[03/09/2011 19:14:08] Player For Fun comprou Small Diamonds
[03/09/2011 19:47:17] Player [kpdo]Cater comprou 100 x Hyper Ball
[03/09/2011 19:47:17] Player [kpdo]Cater comprou 100 x Hyper Ball
[03/09/2011 19:47:17] Player [kpdo]Cater comprou 100 x Hyper Ball
[03/09/2011 19:47:17] Player [kpdo]Cater comprou 100 x Hyper Ball
[03/09/2011 19:47:17] Player [kpdo]Cater comprou 100 x Hyper Ball
[03/09/2011 19:47:17] Player [kpdo]Cater comprou 100 x Hyper Ball
[03/09/2011 19:47:17] Player [kpdo]Cater comprou 100 x Hyper Ball
[03/09/2011 19:47:17] Player [kpdo]Cater comprou 100 x Hyper Ball
[03/09/2011 19:47:17] Player [kpdo]Cater comprou 100 x Hyper Ball
[03/09/2011 19:47:17] Player [kpdo]Cater comprou 100 x Hyper Ball
