[19/10/2013 17:39:10] [kpdo]Cater: .
[19/10/2013 17:41:01] [kpdo]Cater: x
[19/10/2013 17:41:05] [kpdo]Cater: x
[19/10/2013 17:45:35] [kpdo]Cater: xx
[19/10/2013 17:46:24] [kpdo]Cater: xx
[19/10/2013 17:46:29] [kpdo]Cater: xx
[19/10/2013 17:46:31] [kpdo]Cater: xx
[19/10/2013 17:46:32] [kpdo]Cater: xx
[19/10/2013 17:46:36] [kpdo]Cater: skaoskaoska
[20/10/2013 16:45:13] [kpdo]Cater: /bcx
[20/10/2013 16:45:22] [kpdo]Cater: dksodks
[20/10/2013 16:45:24] [kpdo]Cater: kdoskosdkosd
[20/10/2013 16:45:58] [kpdo]Cater: ksoakoskdsdkod
[20/10/2013 16:45:58] [kpdo]Cater: d
[20/10/2013 16:45:59] [kpdo]Cater: doskdoskdposkd
[20/10/2013 16:45:59] [kpdo]Cater: skdso
[20/10/2013 16:46:00] [kpdo]Cater: dkskd
[20/10/2013 16:46:00] [kpdo]Cater: sdkoskd
[20/10/2013 16:46:00] [kpdo]Cater: skds
[20/10/2013 16:46:00] [kpdo]Cater: kdso
[20/10/2013 16:46:00] [kpdo]Cater: kd
[20/10/2013 16:46:01] [kpdo]Cater: skds
[20/10/2013 16:49:22] [kpdo]Cater: x
[20/10/2013 16:57:20] [kpdo]Cater: k
[20/10/2013 16:57:22] [kpdo]Cater: kkk
[20/10/2013 16:57:24] [kpdo]Cater: kokokokokok
[20/10/2013 16:57:26] [kpdo]Cater: kokokokokok
[20/10/2013 17:00:25] [kpdo]Cater: /bcx
[20/10/2013 17:21:46] [kpdo]Cater: oi
[20/10/2013 17:21:48] [kpdo]Cater: dkosdkosdks
[20/10/2013 17:21:50] [kpdo]Cater: kdsokdosd
[20/10/2013 17:21:53] Pbo Test: viadinho
[20/10/2013 17:22:00] Pbo Test: viadinho
[20/10/2013 17:22:04] Pbo Test: viadinho
[20/10/2013 17:22:13] Pbo Test: via
[20/10/2013 17:22:24] [kpdo]Cater: .
[20/10/2013 17:23:33] [kpdo]Cater: kdsokdosdks
[20/10/2013 17:23:34] [kpdo]Cater: doskosdksodksodks
[20/10/2013 17:23:35] [kpdo]Cater: dksodksodks
[20/10/2013 17:23:52] [kpdo]Cater: dsokdoskdo
[20/10/2013 17:23:54] [kpdo]Cater: sdksokdosdkso
[20/10/2013 17:23:56] Pbo Test: kdsokdosdks
[20/10/2013 17:24:01] Pbo Test: kdsodkoskd
[20/10/2013 17:24:03] [kpdo]Cater: kdsokdsokdsokds
[20/10/2013 17:24:07] [kpdo]Cater: kdoskdsokdosdkso
[20/10/2013 17:24:10] [kpdo]Cater: dksodksokds
[20/10/2013 17:24:10] [kpdo]Cater: dksodksokds
[20/10/2013 17:24:11] [kpdo]Cater: dksodksokds
[20/10/2013 17:24:11] [kpdo]Cater: dksodksokds
[08/11/2013 12:50:16] Renan: /re.
[08/11/2013 12:50:25] Renan: .
[08/11/2013 12:50:45] Renan: ..
[08/11/2013 17:26:21] [kpdo]Cater: .
[08/11/2013 17:26:36] [kpdo]Cater: .
[08/11/2013 17:26:38] [kpdo]Cater: .
[08/11/2013 17:29:58] [kpdo]Cater: /red s
[08/11/2013 17:29:59] [kpdo]Cater: s
[08/11/2013 17:40:26] Arrumados: .
[08/11/2013 17:40:31] [kpdo]Cater: .
[08/11/2013 17:40:39] [kpdo]Cater: .
[08/11/2013 17:40:57] Arrumados: .
[08/11/2013 17:44:20] Pbo Test: .
[08/11/2013 17:44:29] [kpdo]Cater: oi
[08/11/2013 17:47:02] [kpdo]Cater: .
[08/11/2013 17:47:11] [kpdo]Cater: dksodksodk
[08/11/2013 17:47:16] [kpdo]Cater: kdsokdsod
[08/11/2013 17:47:55] [kpdo]Cater: ksdodkso
[08/11/2013 17:48:10] [kpdo]Cater: seu putinho
[08/11/2013 17:48:12] [kpdo]Cater: kdoskdosdkso
