[06/08/2011 16:57:33] /t
[06/08/2011 17:00:53] /goto [kpdo]cater
[06/08/2011 17:01:52] /goto queijo
[06/08/2011 17:06:47] /t
[06/08/2011 17:51:19] /t
[06/08/2011 17:51:36] /goto [kpdo]cater
[06/08/2011 17:51:54] /goto [kpdo]cater
[06/08/2011 17:52:28] /goto [kpdo]cater
[06/08/2011 17:54:45] /ghost
[06/08/2011 18:15:15] /ghost
[06/08/2011 18:15:23] /goto [kpdo]cater
[06/08/2011 18:16:32] /t
[06/08/2011 18:21:26] /goto crystal onix
[06/08/2011 18:22:47] /t
[06/08/2011 18:50:07] /goto [kpdo]cater
[06/08/2011 18:50:20] /ghost
[06/08/2011 18:51:57] /ghost
[06/08/2011 18:55:52] /goto [kpdo]porai
[06/08/2011 18:55:58] /goto [kpdo]cater
[06/08/2011 19:04:35] /goto kabal
[06/08/2011 19:06:30] /ghost
[06/08/2011 19:20:54] /goto [kpdo]cater
[06/08/2011 19:32:35] /goto [kpdo]cater
[06/08/2011 20:09:00] /goto [kpdo]cater
[07/08/2011 07:43:11] /ghost
[07/08/2011 08:29:26] /ghost
[07/08/2011 08:35:13] /ghost
[07/08/2011 09:00:16] /ghost
[07/08/2011 09:02:04] /ghost
[07/08/2011 09:03:58] /ghost
[07/08/2011 09:10:44] /t
[07/08/2011 09:10:47] /ghost
[07/08/2011 12:38:50] /ghost
[07/08/2011 16:56:58] /ghost
[07/08/2011 16:58:22] /goto scooter
[07/08/2011 16:58:42] /goto [kpdo]cater
[07/08/2011 16:58:51] /ghost
[07/08/2011 17:21:16] /a 3
[07/08/2011 19:24:45] /goto [kpdo]cater
[07/08/2011 19:25:38] /goto [kpdo]cater
[07/08/2011 19:25:51] /ghost
[07/08/2011 19:25:57] /goto cogumelos azuis
[07/08/2011 19:26:26] /a 2
[07/08/2011 19:26:35] /goto [kpdo]cater
[07/08/2011 19:27:14] /ghost
[07/08/2011 19:28:15] /goto shiny pidgeotto
[07/08/2011 19:32:10] /ghost
[07/08/2011 19:32:12] /goto bravo
[07/08/2011 19:32:22] /goto [kpdo]cater
[07/08/2011 19:32:33] /ghost
[07/08/2011 19:43:34] /goto [kpdo]cater
[07/08/2011 19:43:45] /goto [kpdo]cater
[08/08/2011 09:59:47] /ghost
[08/08/2011 09:59:52] /goto okaya
[08/08/2011 12:04:37] /t
[08/08/2011 12:05:16] /ghost
[08/08/2011 14:37:32] /goto [kpdo]cater
[08/08/2011 14:39:53] /goto [kpdo]cater
[08/08/2011 14:40:21] /a 2
[08/08/2011 14:40:35] /a 2
[08/08/2011 15:01:39] /goto coldkross
[08/08/2011 15:01:52] /t
[08/08/2011 15:03:01] /c [kpdo]cater
[08/08/2011 15:15:27] /goto norris
[08/08/2011 15:15:54] /goto [kpdo]cater
[08/08/2011 15:25:30] /goto [kpdo]cater
[08/08/2011 15:26:37] /goto [kpdo]cater
[08/08/2011 16:25:35] /a 10
[08/08/2011 16:25:36] /a 10
[08/08/2011 16:25:37] /a 10
[08/08/2011 16:25:38] /a 10
[08/08/2011 16:25:39] /a 10
[08/08/2011 16:25:39] /a 10
[08/08/2011 16:25:40] /a 10
[08/08/2011 16:25:41] /a 10
[08/08/2011 16:25:41] /a 10
[08/08/2011 16:25:41] /a 10
[08/08/2011 16:25:42] /a 10
[08/08/2011 16:25:44] /a 10
[08/08/2011 16:25:48] /a 10
[08/08/2011 16:25:49] /a 10
[08/08/2011 16:25:51] /a 10
[08/08/2011 16:25:53] /a 10
[08/08/2011 16:26:06] /a 10
[08/08/2011 16:26:07] /a 10
[08/08/2011 16:26:10] /a 10
[08/08/2011 16:26:12] /a 10
[08/08/2011 16:26:13] /a 10
[08/08/2011 16:26:14] /a 10
[08/08/2011 16:26:16] /a 10
[08/08/2011 16:26:17] /a 10
[08/08/2011 16:26:18] /a 10
[08/08/2011 16:26:26] /a 5
[08/08/2011 16:26:31] /a 5
[08/08/2011 16:26:32] /a 5
[08/08/2011 16:26:35] /a 2
[08/08/2011 16:33:31] /ghost
[08/08/2011 17:17:25] /t
[08/08/2011 17:17:50] /goto [kpdo]cater
[08/08/2011 17:20:50] /goto [kpdo]cater
[08/08/2011 17:21:09] /goto [kpdo]cater
[08/08/2011 17:21:11] /goto [kpdo]cater
[08/08/2011 17:21:13] /goto [kpdo]cater
[08/08/2011 17:21:15] /goto [kpdo]cater
[08/08/2011 17:21:16] /goto [kpdo]cater
[08/08/2011 17:21:19] /goto [kpdo]cater
[08/08/2011 17:21:22] /goto [kpdo]cater
[08/08/2011 17:21:25] /goto [kpdo]cater
[08/08/2011 17:21:29] /goto [kpdo]cater
[08/08/2011 17:21:31] /goto [kpdo]cater
[08/08/2011 17:21:33] /goto [kpdo]cater
[08/08/2011 17:21:35] /goto [kpdo]cater
[08/08/2011 17:21:44] /goto [kpdo]cater
[08/08/2011 17:21:47] /goto [kpdo]cater
[08/08/2011 17:21:52] /goto [kpdo]cater
[08/08/2011 17:21:57] /goto [kpdo]cater
[08/08/2011 17:22:33] /goto [kpdo]cater
[08/08/2011 17:22:37] /goto [kpdo]cater
[08/08/2011 17:22:39] /goto [kpdo]cater
[08/08/2011 17:22:40] /goto [kpdo]cater
[08/08/2011 17:22:41] /goto [kpdo]cater
[08/08/2011 17:22:43] /goto [kpdo]cater
[08/08/2011 17:22:43] /goto [kpdo]cater
[08/08/2011 17:22:44] /goto [kpdo]cater
[08/08/2011 17:22:45] /goto [kpdo]cater
[08/08/2011 17:22:45] /goto [kpdo]cater
[08/08/2011 17:22:45] /goto [kpdo]cater
[08/08/2011 17:22:46] /goto [kpdo]cater
[08/08/2011 17:22:47] /goto [kpdo]cater
[08/08/2011 17:22:50] /goto [kpdo]cater
[08/08/2011 17:22:52] /goto [kpdo]cater
[08/08/2011 17:22:54] /goto [kpdo]cater
[08/08/2011 17:23:11] /goto [kpdo]cater
[08/08/2011 17:23:13] /goto [kpdo]cater
[08/08/2011 17:23:15] /goto [kpdo]cater
[08/08/2011 17:23:18] /goto [kpdo]cater
[08/08/2011 17:23:19] /goto [kpdo]cater
[08/08/2011 17:23:21] /goto [kpdo]cater
[08/08/2011 17:23:22] /goto [kpdo]cater
[08/08/2011 17:23:24] /goto [kpdo]cater
[08/08/2011 17:23:25] /goto [kpdo]cater
[08/08/2011 17:23:30] /a 2
[08/08/2011 17:24:50] /goto shiny zubat
[08/08/2011 17:24:58] /t
[08/08/2011 17:30:37] /goto shiny zubat
[08/08/2011 17:49:07] /goto shiny zubat
[08/08/2011 19:31:27] /t
[08/08/2011 19:31:35] /goto [kpdo]cater
[08/08/2011 19:31:57] /goto [kpdo]porai
[08/08/2011 19:33:01] /goto bruunown
[08/08/2011 19:33:14] /goto [kpdo]porai
[08/08/2011 19:35:16] /goto shiny zubat
[08/08/2011 19:35:24] /goto shiny zubat
[08/08/2011 19:36:12] /t
[08/08/2011 19:37:56] /goto [kpdo]porai
[08/08/2011 19:38:37] /ghost
[08/08/2011 19:40:35] /t
[08/08/2011 21:04:10] /ghost
[08/08/2011 21:04:15] /goto bravo
[08/08/2011 21:04:29] /goto okaya
[09/08/2011 10:48:24] /ghost
[09/08/2011 10:48:24] /t
[09/08/2011 10:53:02] /goto lucera fyre
[09/08/2011 10:54:03] /c lucera fyre
[09/08/2011 11:32:03] /goto [kpdo]cater
[09/08/2011 11:53:43] /goto [kpdo]cater
[09/08/2011 12:11:41] /goto [kpdo]cater
[09/08/2011 12:12:46] /c deletee
[09/08/2011 12:14:58] /goto bobmarley
[09/08/2011 12:16:19] /t
[09/08/2011 12:20:31] /goto carla erica
[09/08/2011 12:20:49] /c carla erica
[09/08/2011 12:20:49] /t
[09/08/2011 12:20:55] /goto carla erica
[09/08/2011 12:20:57] /t
[09/08/2011 12:39:28] /goto [kpdo]cater
[09/08/2011 14:56:13] /goto [kpdo]cater
[09/08/2011 14:56:41] /ghost
[09/08/2011 14:56:45] /goto [kpdo]porai
[09/08/2011 15:00:59] /goto bravo
[09/08/2011 15:02:03] /goto bravo
[09/08/2011 15:02:08] /goto bravo
[09/08/2011 15:02:13] /goto bravo
[09/08/2011 15:02:16] /goto bravo
[09/08/2011 15:02:21] /goto bravo
[09/08/2011 15:02:25] /goto bravo
[09/08/2011 15:03:12] /goto bravo
[09/08/2011 15:03:19] /goto bravo
[09/08/2011 15:03:25] /goto bravo
[09/08/2011 15:05:46] /goto okaya
[09/08/2011 15:10:50] /goto okaya
[09/08/2011 15:14:19] /t
[09/08/2011 15:15:29] /ghost
[09/08/2011 15:25:55] /goto [kpdo]cater
[09/08/2011 15:32:20] /goto [kpdo]cater
[09/08/2011 15:39:55] /goto [kpdo]cater
[09/08/2011 15:40:13] /t
[09/08/2011 19:31:09] /goto [kpdo]porai
[09/08/2011 19:31:20] /goto [kpdo]porai
[09/08/2011 19:31:36] /a 3
[09/08/2011 19:34:30] /c okaya
[09/08/2011 19:38:43] /t
[09/08/2011 19:40:21] /goto okaya
[09/08/2011 19:43:56] /goto [kpdo]porai
[09/08/2011 19:44:04] /goto [kpdo]porai
[09/08/2011 19:44:06] /goto [kpdo]porai
[09/08/2011 19:44:09] /goto [kpdo]porai
[09/08/2011 19:44:54] /t
[09/08/2011 19:50:07] /goto [kpdo]porai
[09/08/2011 19:52:06] /goto [kpdo]porai
[09/08/2011 19:52:17] /t
[09/08/2011 19:55:00] /goto [kpdo]porai
[09/08/2011 19:55:45] /goto [kpdo]porai
[09/08/2011 19:56:13] /goto [kpdo]porai
[09/08/2011 19:58:40] /t
[09/08/2011 21:22:29] /goto Y
[09/08/2011 21:22:45] /goto Y
[09/08/2011 21:22:53] /t
[09/08/2011 21:23:13] /a 10
[09/08/2011 21:23:14] /a 10
[09/08/2011 21:23:18] /a 10
[09/08/2011 21:23:19] /a 10
[09/08/2011 21:23:20] /a 10
[09/08/2011 21:23:20] /a 10
[09/08/2011 21:23:22] /a 10
[09/08/2011 21:23:23] /a 10
[09/08/2011 21:23:24] /a 10
[09/08/2011 21:23:24] /a 10
[09/08/2011 21:23:25] /a 10
[09/08/2011 21:23:25] /a 10
[09/08/2011 21:23:25] /a 10
[09/08/2011 21:23:26] /a 10
[09/08/2011 21:23:27] /a 10
[09/08/2011 21:23:28] /a 10
[09/08/2011 21:23:29] /a 10
[09/08/2011 21:23:29] /a 10
[09/08/2011 21:23:30] /a 10
[09/08/2011 21:23:31] /a 10
[09/08/2011 21:23:32] /a 10
[09/08/2011 21:23:34] /a 10
[09/08/2011 21:23:35] /a 10
[09/08/2011 21:23:35] /a 10
[09/08/2011 21:23:36] /a 10
[09/08/2011 21:23:37] /a 10
[09/08/2011 21:23:39] /a 10
[09/08/2011 21:23:40] /a 10
[09/08/2011 21:23:41] /a 10
[09/08/2011 21:23:42] /a 10
[09/08/2011 21:23:50] /a 10
[09/08/2011 21:23:50] /a 10
[09/08/2011 21:23:51] /a 10
[09/08/2011 21:23:51] /a 10
[09/08/2011 21:23:52] /a 10
[09/08/2011 21:23:55] /a 10
[09/08/2011 21:23:57] /a 10
[09/08/2011 21:23:57] /a 10
[09/08/2011 21:23:58] /a 10
[09/08/2011 21:23:58] /a 10
[09/08/2011 21:24:01] /a 10
[09/08/2011 21:24:35] /goto y
[09/08/2011 21:27:10] /ghost
[09/08/2011 21:29:00] /goto bobmarley
[09/08/2011 21:32:44] /a 2
[09/08/2011 21:32:46] /a 5
[09/08/2011 21:32:51] /a 5
[09/08/2011 21:32:52] /a 5
[09/08/2011 21:32:53] /a 5
[09/08/2011 21:32:54] /a 5
[09/08/2011 21:32:55] /a 5
[09/08/2011 21:32:57] /a 5
[09/08/2011 21:32:59] /a 5
[09/08/2011 21:33:01] /a 5
[09/08/2011 21:33:02] /a 5
[09/08/2011 21:36:31] /a 100
[09/08/2011 21:36:35] /a 
[09/08/2011 21:36:38] /a 10
[09/08/2011 21:36:50] /a 10
[09/08/2011 21:36:52] /a 10
[09/08/2011 21:36:53] /a 10
[09/08/2011 21:36:54] /a 10
[09/08/2011 21:36:56] /a 10
[09/08/2011 21:36:58] /a 10
[09/08/2011 21:36:59] /a 10
[09/08/2011 21:37:00] /a 10
[09/08/2011 21:37:03] /t
[09/08/2011 21:41:48] /goto shiny zubat
[10/08/2011 11:46:28] /ban Star King,1
[10/08/2011 11:46:37] /ghost
[10/08/2011 11:46:39] /a 100
[10/08/2011 11:46:44] /a 100
[10/08/2011 11:46:48] /a 50
[10/08/2011 11:46:51] /a 10
[10/08/2011 12:06:12] /goto [kpdo]cater
[10/08/2011 13:50:29] /goto [kpdo]cater
[10/08/2011 13:51:11] /goto rtk pops
[10/08/2011 13:52:27] /goto [kpdo]cater
[10/08/2011 14:23:25] /goto kenezin
[10/08/2011 14:24:04] /t
[10/08/2011 14:24:16] /goto [kpdo]cater
[10/08/2011 14:27:31] /goto [kpdo]cater
[10/08/2011 14:38:30] /goto shinakura sashira
[10/08/2011 14:39:22] /goto [kpdo]cater
[10/08/2011 14:39:27] /goto [kpdo]porai
[10/08/2011 14:43:49] /goto santi
[10/08/2011 14:44:04] /goto [kpdo]cater
[10/08/2011 14:58:22] /goto [kpdo]cater
[10/08/2011 14:58:30] /t
[10/08/2011 15:17:35] /goto [kpdo]cater
[10/08/2011 15:24:10] /goto [kpdo]cater
[10/08/2011 15:43:53] /goto [kpdo]cater
[10/08/2011 15:44:04] /goto [kpdo]porai
[10/08/2011 16:02:19] /goto [kpdo]cater
[10/08/2011 16:03:06] /goto anjo crow
[10/08/2011 16:03:23] /goto anjo crow
[10/08/2011 16:03:51] /goto anjo crow
[10/08/2011 16:03:54] /goto anjo crow
[10/08/2011 16:04:34] /goto anjo crow
[10/08/2011 16:05:11] /goto anjo crow
[10/08/2011 16:05:32] /goto anjo crow
[10/08/2011 16:05:56] /goto anjo crow
[10/08/2011 16:05:58] /goto anjo crow
[10/08/2011 16:06:02] /goto anjo crow
[10/08/2011 16:06:05] /goto anjo crow
[10/08/2011 16:06:08] /goto anjo crow
[10/08/2011 16:06:19] /goto anjo crow
[10/08/2011 16:07:45] /t
[10/08/2011 16:08:20] /goto shinakura sashira
[10/08/2011 16:09:33] /goto shinakura sashira
[10/08/2011 16:10:49] /goto [kpdo]cater
[10/08/2011 16:11:19] /goto okaya
[10/08/2011 16:35:33] /goto [kpdo]cater
[10/08/2011 16:36:46] /goto [kpdo]cater
[10/08/2011 16:40:00] /goto [kpdo]cater
[10/08/2011 16:41:33] /goto [kpdo]cater
[10/08/2011 16:41:54] /goto [kpdo]cater
[10/08/2011 16:41:57] /goto [kpdo]cater
[10/08/2011 16:42:24] /goto [kpdo]cater
[10/08/2011 17:05:03] /goto [kpdo]cater
[10/08/2011 17:05:08] /goto okaya
[10/08/2011 17:05:17] /a 2
[10/08/2011 17:05:24] /a 2
[10/08/2011 17:05:30] /a 2
[10/08/2011 17:05:49] /a 2
[10/08/2011 17:06:03] /a 2
[10/08/2011 17:06:20] /goto okaya
[10/08/2011 17:06:23] /goto [kpdo]cater
[10/08/2011 17:06:49] /t
[10/08/2011 17:25:05] /goto mark
[10/08/2011 17:26:45] /goto [kpdo]cater
[10/08/2011 19:09:08] /goto chorris
[10/08/2011 19:09:16] /goto chorris
[10/08/2011 19:09:23] /a 5
[10/08/2011 19:09:24] /a 5
[10/08/2011 19:09:26] /a 5
[10/08/2011 19:09:27] /a 5
[10/08/2011 19:09:28] /a 5
[10/08/2011 19:09:32] /a 5
[10/08/2011 19:09:35] /a 5
[10/08/2011 19:09:37] /a 5
[10/08/2011 19:09:40] /a 5
[10/08/2011 19:09:42] /a 5
[10/08/2011 19:09:43] /a 5
[10/08/2011 19:09:46] /a 5
[10/08/2011 19:09:48] /a 5
[10/08/2011 19:09:49] /a 5
[10/08/2011 19:09:53] /a 5
[10/08/2011 19:09:59] /a 5
[10/08/2011 19:10:00] /a 5
[10/08/2011 19:10:42] /goto shinakura sashira
[10/08/2011 19:11:08] /t
[10/08/2011 19:13:14] /goto [kpdo]cater
[10/08/2011 19:51:46] /goto [kpdo]cater
[10/08/2011 20:10:51] /ghost
[10/08/2011 20:10:55] /goto okaya
[10/08/2011 20:19:07] /t
[10/08/2011 20:20:13] /ghost
[10/08/2011 20:22:01] /a 5
[10/08/2011 20:36:29] /goto brock
[10/08/2011 20:36:34] /a 2
[10/08/2011 20:38:14] /goto dark
[10/08/2011 20:38:20] /goto dark
[10/08/2011 20:38:23] /goto dark
[10/08/2011 20:39:06] /goto brock
[10/08/2011 20:39:51] /goto cogumelos azuis
[10/08/2011 20:39:54] /goto cogumelos azuis
[10/08/2011 20:39:58] /goto cogumelos azuis
[10/08/2011 20:40:22] /goto brock
[10/08/2011 20:40:28] /a 5
[10/08/2011 20:40:54] /c raul seixas
[10/08/2011 20:41:06] /c cogumelos amarelos
[10/08/2011 20:42:27] /c cogumelo amarelos
[10/08/2011 20:44:28] /a 5
[10/08/2011 20:44:32] /c raul seixas
[10/08/2011 20:44:37] /c cogumelos amarelos
[10/08/2011 20:44:41] /c cogumelo amarelos
[10/08/2011 20:44:50] /a 2
[10/08/2011 20:44:51] /a 2
[10/08/2011 20:45:49] /c Brnziin In Control
[10/08/2011 20:46:01] /c cogumelo roxo
[10/08/2011 20:46:08] /c cogumelos roxo
[10/08/2011 20:46:13] /c cogumelo roxos
[10/08/2011 20:46:38] /c cogumelos roxos
[10/08/2011 20:48:41] /a 2
[10/08/2011 20:48:46] /c cogumelos roxos
[10/08/2011 20:48:51] /c brnziin in control
[10/08/2011 20:48:59] /a 2
[10/08/2011 20:49:09] /goto misty
[10/08/2011 20:49:14] /goto mysti
[10/08/2011 20:49:18] /goto misty
[10/08/2011 20:49:22] /a 2
[10/08/2011 20:51:13] /c feliipe
[10/08/2011 20:51:24] /c siir kyron
[10/08/2011 20:53:33] /a 2
[10/08/2011 20:53:40] /c Siir Kyron
[10/08/2011 20:53:44] /c feliipe
[10/08/2011 20:53:52] /a 2
[10/08/2011 20:53:53] /a 2
[10/08/2011 20:55:06] /goto lokio
[10/08/2011 20:55:25] /goto misty
[10/08/2011 20:55:29] /goto mystiy
[10/08/2011 20:55:33] /goto mysti
[10/08/2011 20:55:44] /goto misty
[10/08/2011 20:55:47] /a 5
[10/08/2011 20:55:50] /a 2
[10/08/2011 20:56:31] /c Sweet zenx
[10/08/2011 20:56:35] /c lokio
[10/08/2011 20:59:34] /a 5
[10/08/2011 20:59:35] /a 5
[10/08/2011 20:59:40] /c Sweet zenx
[10/08/2011 20:59:42] /a 2
[10/08/2011 20:59:44] /a 2
[10/08/2011 20:59:57] /c siir kyron
[10/08/2011 21:05:15] /a 2
[10/08/2011 21:05:19] /c lokio
[10/08/2011 21:05:42] /a 2
[10/08/2011 21:05:53] /c siir kyron
[10/08/2011 21:06:04] /a 10
[10/08/2011 21:06:16] /c raul seixas
[10/08/2011 21:06:24] /c raul seixas
[10/08/2011 21:06:38] /c Brnziin In Control 
[10/08/2011 21:07:41] /goto siir kyron
[10/08/2011 21:08:03] /t
[10/08/2011 21:08:55] /goto cogumelos azuis
[10/08/2011 21:09:00] /goto cogumelos azuis
[10/08/2011 21:09:21] /t
[10/08/2011 21:17:53] /ghost
[10/08/2011 21:19:10] /goto sirius black
[10/08/2011 21:19:54] /t
[10/08/2011 21:21:28] /ghost
[11/08/2011 12:13:02] /goto [kpdo]cater
[11/08/2011 15:39:37] /goto [kpdo]cater
[11/08/2011 17:10:48] /goto [kpdo]cater
[11/08/2011 18:10:35] /goto [kpdo]cater
[11/08/2011 19:13:55] /goto magellan
[11/08/2011 19:17:19] /t
[12/08/2011 12:28:44] /ghost
[12/08/2011 12:28:49] /goto bravo
[12/08/2011 12:28:54] /goto bravo
[12/08/2011 18:57:02] /t
[12/08/2011 19:50:36] /goto [kpdo]cater
[12/08/2011 19:51:00] /ghost
[12/08/2011 19:51:20] /goto [kpdo]cater
[12/08/2011 19:53:43] /a 50
[12/08/2011 19:53:46] /a 50
[12/08/2011 19:53:47] /a 50
[13/08/2011 09:52:47] /goto queijo
[13/08/2011 09:52:52] /goto queijo
[13/08/2011 09:54:42] /t
[13/08/2011 10:46:39] /goto [kpdo]cater
[13/08/2011 11:38:00] /goto [kpdo]cater
[13/08/2011 12:32:23] /goto [kpdo]cater
[13/08/2011 12:33:24] /ghost
[13/08/2011 12:33:28] /goto shiny tangela
[13/08/2011 12:34:56] /goto [kpdo]cater
[13/08/2011 12:35:28] /goto okaya
[13/08/2011 12:35:32] /goto okaya
[13/08/2011 12:35:37] /t
[13/08/2011 13:30:26] /goto [kpdo]cater
[13/08/2011 13:44:51] /goto [kpdo]cater
[13/08/2011 16:52:05] /goto [kpdo]cater
[13/08/2011 16:54:16] /ghost
[13/08/2011 18:20:37] /goto [kpdo]cater
[13/08/2011 18:20:41] /a 2
[13/08/2011 19:01:31] /goto [kpdo]cater
[13/08/2011 19:01:36] /t
[13/08/2011 19:01:44] /ghost
[13/08/2011 19:01:46] /goto okaya
[13/08/2011 19:01:53] /goto okaya
[13/08/2011 19:03:56] /t
[13/08/2011 19:45:52] /ghost
[13/08/2011 20:09:33] /goto santi
[13/08/2011 20:12:26] /t
[13/08/2011 20:17:54] /goto rtk pops
[13/08/2011 20:18:09] /goto Rtk Pops
[13/08/2011 20:18:17] /a 2
[13/08/2011 20:18:21] /a 2
[13/08/2011 20:18:24] /c misty
[14/08/2011 07:03:07] /goto [kpdo]cater
[14/08/2011 08:51:25] /goto [kpdo]cater
[14/08/2011 11:25:48] /goto [kpdo]cater
[14/08/2011 11:29:43] /goto rtk pops
[14/08/2011 11:29:48] /a 2
[14/08/2011 11:29:57] /c rtk pops
[14/08/2011 11:30:03] /t
[14/08/2011 11:31:48] /ghost
[14/08/2011 11:31:53] /goto shiny pidgeot
[14/08/2011 11:32:40] /t
[14/08/2011 11:35:38] /goto mijaro nakara
[14/08/2011 11:36:25] /goto shiny beedrill
[14/08/2011 11:36:28] /t
[14/08/2011 11:37:15] /goto grimer
[14/08/2011 11:37:25] /goto shiny grimer
[14/08/2011 11:37:39] /goto shiny muk
[14/08/2011 11:37:56] /t
[14/08/2011 11:38:17] /goto shiny mankey
[14/08/2011 11:42:35] /goto mijaro nakara
[14/08/2011 11:43:42] /t
[14/08/2011 11:43:48] /goto crystal onix
[14/08/2011 11:44:08] /a 2
[14/08/2011 11:44:09] /a 2
[14/08/2011 16:57:53] /goto [kpdo]cater
[14/08/2011 16:57:56] /t
[14/08/2011 16:58:05] /ghost
[14/08/2011 17:20:03] /goto baltaniar
[14/08/2011 17:20:10] /a 2
[14/08/2011 17:20:10] /a 2
[14/08/2011 17:20:11] /a 2
[14/08/2011 17:20:12] /a 2
[14/08/2011 17:20:17] /c baltanair
[14/08/2011 17:20:24] /c baltaniar
[14/08/2011 17:20:38] /c misty
[14/08/2011 17:20:49] /t
[14/08/2011 17:26:17] /goto talkflex
[14/08/2011 17:27:22] /t talkflex
[14/08/2011 17:27:25] /t
[14/08/2011 19:12:48] /goto bieell
[14/08/2011 19:12:53] /goto bieell
[14/08/2011 19:12:56] /goto bieell
[14/08/2011 19:13:44] /t
[14/08/2011 19:59:21] /goto [kpdo]cater
[14/08/2011 21:46:25] /goto [kpdo]cater
[14/08/2011 21:46:48] /ghost
[14/08/2011 21:46:54] /goto mijaro nakara
[14/08/2011 21:46:58] /goto mijaro nakara
[14/08/2011 21:47:09] /t mijaro nakara
[14/08/2011 21:47:28] /c mijaro nakara
[14/08/2011 21:48:22] /goto cogumelos azuis
[14/08/2011 21:50:10] /goto y
[14/08/2011 21:50:17] /goto scyther
[14/08/2011 21:50:22] /t
[15/08/2011 16:11:10] /t
[15/08/2011 16:11:19] /ghost
[15/08/2011 16:11:22] /goto [kpdo]cater
[15/08/2011 16:12:18] /ghost
[15/08/2011 16:12:22] /goto vuulcanoz
[15/08/2011 16:12:28] /goto vuulcanuuz
[15/08/2011 16:12:32] /goto vuulcanuu
[15/08/2011 16:12:34] /goto vuulcanuus
[15/08/2011 16:12:40] /goto vulcanuus
[15/08/2011 16:12:55] /t
[15/08/2011 16:15:43] /goto okaya
[15/08/2011 16:16:54] /goto okaya
[15/08/2011 16:50:03] /goto okaya
[15/08/2011 16:53:20] /t
[15/08/2011 16:53:30] /ghost
[15/08/2011 17:54:45] /ghost
[15/08/2011 17:54:47] /goto okaya
[15/08/2011 17:56:39] /goto mark
[15/08/2011 17:57:04] /goto okaya
[15/08/2011 17:57:30] /t
[15/08/2011 17:58:10] /goto elven
[15/08/2011 17:58:15] /goto elver
[15/08/2011 17:58:24] /t
[15/08/2011 18:25:22] /goto okaya
[15/08/2011 18:25:50] /goto mark
[15/08/2011 18:26:04] /goto okaya
[15/08/2011 18:26:19] /a 2
[15/08/2011 18:26:20] /a 2
[15/08/2011 18:26:20] /a 2
[15/08/2011 18:26:21] /a 2
[15/08/2011 18:26:21] /a 2
[15/08/2011 18:26:22] /a 2
[15/08/2011 18:26:22] /a 2
[15/08/2011 18:26:22] /a 2
[15/08/2011 18:26:22] /a 2
[15/08/2011 18:26:23] /a 2
[15/08/2011 18:26:23] /a 2
[15/08/2011 18:26:24] /a 2
[15/08/2011 18:26:24] /a 2
[15/08/2011 18:26:25] /a 2
[15/08/2011 18:26:25] /a 2
[15/08/2011 18:26:25] /a 2
[15/08/2011 18:26:26] /a 2
[15/08/2011 18:26:26] /a 2
[15/08/2011 18:26:27] /a 2
[15/08/2011 18:26:27] /a 2
[15/08/2011 18:26:27] /a 2
[15/08/2011 18:26:28] /a 2
[15/08/2011 18:26:28] /a 2
[15/08/2011 18:26:29] /a 2
[15/08/2011 18:26:29] /a 2
[15/08/2011 18:26:30] /t
[15/08/2011 18:26:32] /a 5
[15/08/2011 18:26:34] /a 5
[15/08/2011 18:26:34] /a 5
[15/08/2011 18:26:35] /a 5
[15/08/2011 18:26:35] /a 5
[15/08/2011 18:26:35] /a 5
[15/08/2011 18:26:36] /a 5
[15/08/2011 18:26:37] /a 5
[15/08/2011 18:26:37] /a 5
[15/08/2011 18:26:38] /a 5
[15/08/2011 18:26:38] /a 5
[15/08/2011 18:26:39] /a 5
[15/08/2011 18:26:40] /a 5
[15/08/2011 18:26:40] /a 5
[15/08/2011 18:26:41] /a 5
[15/08/2011 18:26:41] /a 5
[15/08/2011 18:26:41] /a 5
[15/08/2011 18:26:42] /a 5
[15/08/2011 18:26:42] /a 5
[15/08/2011 18:26:43] /a 5
[15/08/2011 18:26:45] /a 5
[15/08/2011 18:26:46] /a 5
[15/08/2011 18:26:47] /a 5
[15/08/2011 18:26:47] /a 5
[15/08/2011 18:26:48] /a 5
[15/08/2011 18:26:48] /a 5
[15/08/2011 18:26:48] /a 5
[15/08/2011 18:26:49] /a 5
[15/08/2011 18:26:49] /a 5
[15/08/2011 18:26:51] /a 5
[15/08/2011 18:26:51] /a 5
[15/08/2011 18:26:52] /a 5
[15/08/2011 18:26:52] /a 5
[15/08/2011 18:26:52] /a 5
[15/08/2011 18:26:53] /a 5
[15/08/2011 18:26:54] /a 5
[15/08/2011 18:26:55] /a 5
[15/08/2011 18:26:55] /a 5
[15/08/2011 18:26:55] /a 5
[15/08/2011 18:26:57] /a 5
[15/08/2011 18:26:57] /a 5
[15/08/2011 18:26:57] /a 5
[15/08/2011 18:26:58] /a 5
[15/08/2011 18:26:58] /a 5
[15/08/2011 18:26:58] /a 5
[15/08/2011 18:26:59] /a 5
[15/08/2011 18:27:00] /a 5
[15/08/2011 18:27:00] /a 5
[15/08/2011 18:27:01] /a 5
[15/08/2011 18:27:01] /a 5
[15/08/2011 18:27:02] /a 5
[15/08/2011 18:27:04] /a 5
[15/08/2011 18:27:04] /a 5
[15/08/2011 18:27:04] /a 5
[15/08/2011 18:27:04] /a 5
[15/08/2011 18:48:07] /t
[15/08/2011 18:48:19] /ghost
[16/08/2011 12:27:48] /goto mijaro nakara
[16/08/2011 12:28:39] /t
[16/08/2011 12:28:50] /c mijaro nakara
[16/08/2011 12:47:54] /ghost
[16/08/2011 12:47:56] /goto okaya
[16/08/2011 12:48:01] /goto okaya
[16/08/2011 15:06:10] /goto master dragon
[16/08/2011 15:06:33] /t
[16/08/2011 16:14:54] /goto fosia
[16/08/2011 16:15:02] /goto player fosia
[16/08/2011 16:26:36] /ghost
[16/08/2011 16:40:45] /c forgotten firefly
[16/08/2011 17:50:41] /c lord demoniac
[16/08/2011 17:52:33] /goto [kpdo]cater
[16/08/2011 17:54:15] /c blakee
[16/08/2011 19:27:45] /goto darkzao
[16/08/2011 19:27:55] /t
[16/08/2011 19:28:52] /ghost
[16/08/2011 19:29:00] /goto okaya
[16/08/2011 19:29:42] /goto okaya
[16/08/2011 19:33:02] /goto okaya
[16/08/2011 19:34:05] /goto okaya
[16/08/2011 19:39:38] /goto okaya
[16/08/2011 19:39:43] /goto okaya
[16/08/2011 19:39:45] /goto okaya
[16/08/2011 19:39:48] /goto okaya
[16/08/2011 19:39:50] /goto okaya
[16/08/2011 19:39:58] /goto okaya
[16/08/2011 19:39:59] /goto okaya
[16/08/2011 19:40:26] /goto okaya
[16/08/2011 19:42:10] /goto okaya
[16/08/2011 19:42:15] /goto okaya
[16/08/2011 19:42:41] /goto okaya
[16/08/2011 19:42:59] /goto okaya
[16/08/2011 19:43:01] /goto okaya
[16/08/2011 19:43:07] /goto okaya
[16/08/2011 19:43:19] /goto okaya
[16/08/2011 19:43:22] /goto okaya
[16/08/2011 19:43:33] /goto okaya
[16/08/2011 19:43:47] /goto okaya
[16/08/2011 19:43:54] /goto okaya
[16/08/2011 19:43:59] /goto okaya
[16/08/2011 19:44:42] /goto okaya
[16/08/2011 19:44:47] /goto okaya
[16/08/2011 19:45:01] /goto okaya
[16/08/2011 19:45:05] /goto okaya
[16/08/2011 19:45:24] /goto okaya
[16/08/2011 19:46:13] /goto okaya
[16/08/2011 19:46:27] /goto okaya
[16/08/2011 19:46:30] /goto okaya
[16/08/2011 19:46:34] /goto okaya
[16/08/2011 20:34:16] /t
[17/08/2011 13:20:20] /goto tionegao
[17/08/2011 13:20:33] /t
[17/08/2011 15:41:40] /ghost
[17/08/2011 16:14:19] /goto edgar mestre
[17/08/2011 16:14:35] /t
[17/08/2011 17:45:48] /ghost
[17/08/2011 17:45:56] /goto radioactive
[17/08/2011 17:46:03] /t
[17/08/2011 20:57:25] /ghost
[17/08/2011 22:07:13] /ghost
[17/08/2011 22:07:17] /goto shiny golbat
[17/08/2011 22:07:23] /goto shiny zubat
[17/08/2011 22:07:34] /goto shiny zubat
[29/08/2011 18:46:27] /t
[30/08/2011 16:06:37] /goto abra
[30/08/2011 16:06:42] /goto alakazam
[30/08/2011 16:06:46] /goto kadabra
[30/08/2011 16:06:51] /c okaya
[30/08/2011 18:28:15] /t
[30/08/2011 18:28:17] /c okaya
[30/08/2011 19:12:58] /goto okaya
[30/08/2011 19:13:05] /goto okaya
[30/08/2011 19:13:11] /goto okaya
[30/08/2011 19:13:15] /goto okaya
[30/08/2011 19:13:40] /goto okaya
[30/08/2011 19:13:48] /goto okaya
[30/08/2011 19:13:56] /goto okaya
[30/08/2011 19:14:00] /goto okaya
[30/08/2011 19:16:30] /a 10
[30/08/2011 19:16:32] /a 10
[30/08/2011 19:16:38] /a 10
[30/08/2011 19:19:52] /c okaya
[30/08/2011 19:20:04] /goto okaya
[30/08/2011 19:31:14] /t
[30/08/2011 19:31:18] /goto [kpdo]cater
[30/08/2011 19:50:05] /goto okaya
[30/08/2011 19:50:21] /t
[30/08/2011 19:51:21] /goto okaya
[31/08/2011 15:23:37] /goto [kpdo]cater
[31/08/2011 15:23:39] /t
[31/08/2011 15:24:01] /a 
[31/08/2011 15:24:02] /a 
[31/08/2011 15:24:03] /a 
[31/08/2011 15:24:03] /a 
[31/08/2011 15:24:04] /a 
[31/08/2011 15:24:04] /a 
[31/08/2011 15:24:05] /a 
[31/08/2011 15:24:20] /a 10
[31/08/2011 15:24:28] /a 10
[31/08/2011 15:24:28] /a 10
[31/08/2011 15:24:29] /a 10
[31/08/2011 15:24:29] /a 10
[31/08/2011 15:24:30] /a 10
[31/08/2011 15:24:30] /a 10
[31/08/2011 15:24:31] /a 10
[31/08/2011 15:24:32] /a 10
[31/08/2011 15:24:36] /a 10
[31/08/2011 15:24:36] /a 10
[31/08/2011 15:24:45] /a 10
[31/08/2011 15:24:46] /a 10
[31/08/2011 15:24:46] /a 10
[31/08/2011 15:24:47] /a 10
[31/08/2011 15:24:48] /a 10
[31/08/2011 15:37:17] /a 10
[31/08/2011 15:37:23] /a 2
[31/08/2011 15:37:23] /a 2
[31/08/2011 15:37:24] /a 2
[31/08/2011 15:37:24] /a 2
[31/08/2011 15:37:25] /a 2
[31/08/2011 15:37:25] /a 2
[31/08/2011 15:37:26] /a 2
[31/08/2011 15:37:26] /a 2
[31/08/2011 15:37:26] /a 2
[31/08/2011 15:37:27] /a 2
[31/08/2011 15:37:27] /a 2
[31/08/2011 15:37:30] /a 2
[31/08/2011 15:37:31] /a 2
[31/08/2011 15:37:32] /a 2
[31/08/2011 15:37:34] /a 2
[31/08/2011 15:37:35] /a 2
[31/08/2011 15:37:35] /a 2
[31/08/2011 15:37:35] /a 2
[31/08/2011 15:37:36] /a 2
[31/08/2011 15:37:36] /a 2
[31/08/2011 15:37:37] /a 2
[31/08/2011 15:37:37] /a 2
[31/08/2011 15:37:38] /a 2
[31/08/2011 15:37:40] /a 2
[31/08/2011 15:37:41] /a 2
[31/08/2011 15:37:42] /a 2
[31/08/2011 15:37:42] /a 2
[31/08/2011 15:37:43] /a 2
[31/08/2011 15:37:43] /a 2
[31/08/2011 15:37:44] /a 2
[31/08/2011 15:37:44] /a 2
[31/08/2011 15:37:45] /a 2
[31/08/2011 15:37:45] /a 2
[31/08/2011 15:37:46] /a 2
[31/08/2011 15:37:46] /a 2
[31/08/2011 15:37:47] /a 2
[31/08/2011 15:37:47] /a 2
[31/08/2011 15:37:48] /a 2
[31/08/2011 15:37:50] /a 20
[31/08/2011 15:37:51] /a 20
[31/08/2011 15:37:53] /a 20
[31/08/2011 15:37:54] /a 20
[31/08/2011 15:37:57] /a 5
[31/08/2011 15:37:58] /a 5
[31/08/2011 15:37:59] /a 5
[31/08/2011 15:38:00] /a 5
[31/08/2011 15:38:01] /a 5
[31/08/2011 15:38:02] /a 5
[31/08/2011 15:38:03] /a 5
[31/08/2011 15:38:03] /a 5
[31/08/2011 15:38:04] /a 5
[31/08/2011 15:38:04] /a 5
[31/08/2011 15:38:17] /ghost
[31/08/2011 16:06:30] /goto [kpdo]cater
[31/08/2011 16:14:17] /goto [kpdo]cater
[31/08/2011 19:43:12] /ghost
[31/08/2011 19:43:18] /a 10
[31/08/2011 19:43:19] /a 10
[31/08/2011 19:43:20] /a 10
[31/08/2011 19:43:20] /a 10
[31/08/2011 19:43:25] /a 10
[31/08/2011 19:43:25] /a 10
[31/08/2011 19:43:26] /a 10
[31/08/2011 19:43:27] /a 10
[31/08/2011 19:43:30] /a 10
[31/08/2011 19:43:31] /a 10
[31/08/2011 19:43:31] /a 10
[31/08/2011 19:43:32] /a 10
[31/08/2011 19:43:32] /a 10
[31/08/2011 19:43:33] /a 10
[31/08/2011 19:43:33] /a 10
[31/08/2011 19:43:33] /a 10
[31/08/2011 19:43:34] /a 10
[31/08/2011 19:43:34] /a 10
[31/08/2011 19:43:35] /a 10
[31/08/2011 19:43:35] /a 10
[31/08/2011 19:43:36] /a 10
[31/08/2011 19:43:36] /a 10
[31/08/2011 19:43:37] /a 10
[31/08/2011 19:43:37] /a 10
[31/08/2011 19:43:38] /a 10
[31/08/2011 19:43:41] /a 10
[31/08/2011 19:43:43] /a 10
[31/08/2011 19:43:43] /a 10
[31/08/2011 19:43:44] /a 10
[31/08/2011 19:43:44] /a 10
[31/08/2011 19:43:45] /a 10
[31/08/2011 19:43:45] /a 10
[31/08/2011 19:43:45] /a 10
[31/08/2011 19:43:46] /a 10
[31/08/2011 19:43:46] /a 10
[31/08/2011 19:43:47] /a 10
[31/08/2011 19:43:47] /a 10
[31/08/2011 19:43:48] /a 10
[31/08/2011 19:43:48] /a 10
[31/08/2011 19:43:49] /a 10
[31/08/2011 19:43:52] /a 10
[31/08/2011 19:43:53] /a 10
[31/08/2011 19:43:53] /a 10
[31/08/2011 19:43:54] /a 10
[31/08/2011 19:43:54] /a 10
[31/08/2011 19:43:55] /a 10
[31/08/2011 19:43:55] /a 10
[31/08/2011 19:43:56] /a 10
[31/08/2011 19:43:57] /a 10
[31/08/2011 19:44:06] /a 100
[31/08/2011 19:44:13] /a 10
[31/08/2011 19:44:18] /a 10
[31/08/2011 19:44:18] /a 10
[31/08/2011 19:44:19] /a 10
[31/08/2011 19:44:22] /a 10
[31/08/2011 19:44:23] /a 10
[31/08/2011 19:44:24] /a 10
[31/08/2011 19:44:25] /a 10
[31/08/2011 19:44:25] /a 10
[31/08/2011 19:44:28] /a 10
[31/08/2011 19:44:29] /a 10
[31/08/2011 19:44:32] /c okaya
[31/08/2011 20:54:16] /goto alakazam
[31/08/2011 20:55:35] /c okaya
[31/08/2011 20:56:04] /goto kadabra
[31/08/2011 20:56:12] /a 5
[31/08/2011 20:56:12] /a 5
[31/08/2011 20:56:13] /a 5
[31/08/2011 20:56:14] /a 5
[31/08/2011 20:56:14] /a 5
[31/08/2011 20:56:15] /a 5
[31/08/2011 20:56:16] /a 5
[31/08/2011 20:56:17] /a 5
[31/08/2011 20:56:18] /a 5
[31/08/2011 20:56:19] /a 5
[31/08/2011 20:56:20] /a 5
[31/08/2011 20:56:21] /a 5
[31/08/2011 20:56:21] /a 5
[31/08/2011 20:56:21] /a 5
[31/08/2011 20:56:22] /a 5
[31/08/2011 20:56:23] /a 5
[31/08/2011 20:56:23] /a 5
[31/08/2011 20:56:24] /a 5
[31/08/2011 20:56:24] /a 5
[31/08/2011 20:56:24] /a 5
[31/08/2011 20:56:25] /a 5
[31/08/2011 20:56:26] /a 5
[31/08/2011 20:56:26] /a 5
[31/08/2011 20:56:27] /a 5
[31/08/2011 20:56:27] /a 5
[31/08/2011 20:56:27] /a 5
[31/08/2011 20:56:28] /a 5
[31/08/2011 20:56:28] /a 5
[31/08/2011 20:56:29] /a 5
[31/08/2011 20:56:29] /a 5
[31/08/2011 20:56:30] /a 5
[31/08/2011 20:56:30] /a 5
[31/08/2011 20:56:31] /a 5
[31/08/2011 20:56:31] /a 5
[31/08/2011 20:56:32] /a 5
[31/08/2011 20:56:33] /a 5
[31/08/2011 20:56:33] /a 5
[31/08/2011 20:56:34] /a 5
[31/08/2011 20:56:34] /a 5
[31/08/2011 20:56:34] /a 5
[31/08/2011 20:56:35] /a 5
[31/08/2011 20:56:36] /a 5
[31/08/2011 20:56:36] /a 5
[31/08/2011 20:56:37] /a 5
[31/08/2011 20:56:37] /a 5
[31/08/2011 20:56:38] /a 5
[31/08/2011 20:56:38] /a 5
[31/08/2011 20:56:39] /a 5
[31/08/2011 20:56:39] /a 5
[31/08/2011 20:56:40] /a 5
[31/08/2011 20:56:40] /a 5
[31/08/2011 20:56:41] /a 5
[31/08/2011 20:56:42] /a 5
[31/08/2011 20:56:42] /a 5
[31/08/2011 20:56:42] /a 5
[31/08/2011 20:56:43] /a 5
[31/08/2011 20:56:43] /a 5
[31/08/2011 20:56:44] /a 5
[31/08/2011 20:56:45] /a 5
[31/08/2011 20:56:46] /a 5
[31/08/2011 20:56:46] /a 5
[31/08/2011 20:56:46] /a 5
[31/08/2011 20:56:47] /a 5
[31/08/2011 20:56:47] /a 5
[31/08/2011 20:56:48] /a 5
[31/08/2011 20:56:48] /a 5
[31/08/2011 20:56:49] /a 5
[31/08/2011 20:56:50] /a 5
[31/08/2011 20:56:50] /a 5
[31/08/2011 20:56:51] /a 5
[31/08/2011 20:56:51] /a 5
[31/08/2011 20:56:51] /a 5
[31/08/2011 20:56:52] /a 5
[31/08/2011 20:56:53] /a 5
[31/08/2011 20:56:54] /a 5
[31/08/2011 20:56:54] /a 5
[31/08/2011 20:56:55] /a 5
[31/08/2011 20:56:55] /a 5
[31/08/2011 20:56:56] /a 5
[31/08/2011 20:56:56] /a 5
[31/08/2011 20:56:57] /a 5
[31/08/2011 20:56:57] /a 5
[31/08/2011 20:56:58] /a 5
[31/08/2011 20:56:58] /a 5
[31/08/2011 20:56:59] /a 5
[31/08/2011 20:56:59] /a 5
[31/08/2011 20:57:00] /a 5
[31/08/2011 20:57:00] /a 5
[31/08/2011 20:57:01] /a 5
[31/08/2011 20:57:01] /a 5
[31/08/2011 20:57:02] /a 5
[31/08/2011 20:57:02] /a 5
[31/08/2011 20:57:03] /a 5
[31/08/2011 20:57:03] /a 5
[31/08/2011 20:57:04] /a 5
[31/08/2011 20:57:04] /a 5
[31/08/2011 20:57:05] /a 5
[31/08/2011 20:57:06] /a 5
[31/08/2011 20:57:06] /a 5
[31/08/2011 20:57:07] /a 5
[31/08/2011 20:57:07] /a 5
[31/08/2011 20:57:08] /a 5
[31/08/2011 20:57:08] /a 5
[31/08/2011 20:57:09] /a 5
[31/08/2011 20:57:10] /a 5
[31/08/2011 20:57:10] /a 5
[31/08/2011 20:57:10] /a 5
[31/08/2011 20:57:11] /a 5
[31/08/2011 20:57:11] /a 5
[31/08/2011 20:57:12] /a 5
[31/08/2011 20:57:13] /a 5
[31/08/2011 20:57:14] /a 5
[31/08/2011 20:57:14] /a 5
[31/08/2011 20:57:15] /a 5
[31/08/2011 20:57:15] /a 5
[31/08/2011 20:57:15] /a 5
[31/08/2011 20:57:16] /a 5
[31/08/2011 20:57:17] /a 5
[31/08/2011 20:57:17] /a 5
[31/08/2011 20:57:18] /a 5
[31/08/2011 20:57:18] /a 5
[31/08/2011 20:57:19] /a 5
[31/08/2011 20:57:19] /a 5
[31/08/2011 20:57:20] /a 5
[31/08/2011 20:57:20] /a 5
[31/08/2011 20:57:21] /a 5
[31/08/2011 20:57:21] /a 5
[31/08/2011 20:57:22] /a 5
[31/08/2011 20:57:22] /a 5
[31/08/2011 20:57:22] /a 5
[31/08/2011 20:57:23] /a 5
[31/08/2011 20:57:24] /a 5
[31/08/2011 20:57:24] /a 5
[31/08/2011 20:57:25] /a 5
[31/08/2011 20:57:25] /a 5
[31/08/2011 20:57:26] /a 5
[31/08/2011 20:57:56] /c okaya
[31/08/2011 20:58:43] /a 2
[31/08/2011 20:58:44] /a 2
[31/08/2011 20:58:44] /a 2
[31/08/2011 20:58:44] /a 2
[31/08/2011 20:58:45] /a 2
[31/08/2011 20:58:45] /a 2
[31/08/2011 20:58:46] /a 2
[31/08/2011 20:58:46] /a 2
[31/08/2011 20:58:46] /a 2
[31/08/2011 20:58:47] /a 2
[31/08/2011 20:58:47] /a 2
[31/08/2011 20:58:48] /a 2
[31/08/2011 20:58:48] /a 2
[31/08/2011 20:58:49] /a 2
[31/08/2011 20:58:49] /a 2
[31/08/2011 20:58:49] /a 2
[31/08/2011 20:58:50] /a 2
[31/08/2011 20:58:50] /a 2
[31/08/2011 20:58:51] /a 2
[31/08/2011 20:58:51] /a 2
[31/08/2011 20:58:52] /a 2
[31/08/2011 20:58:52] /a 2
[31/08/2011 20:58:53] /a 2
[31/08/2011 20:58:53] /a 2
[31/08/2011 20:58:54] /a 2
[31/08/2011 20:58:54] /a 2
[31/08/2011 20:58:55] /a 2
[31/08/2011 20:58:55] /a 2
[31/08/2011 20:58:55] /a 2
[31/08/2011 20:58:56] /a 2
[31/08/2011 20:58:56] /a 2
[31/08/2011 20:58:57] /a 2
[31/08/2011 20:58:57] /a 2
[31/08/2011 20:58:58] /a 2
[31/08/2011 20:58:58] /a 2
[31/08/2011 20:58:59] /a 2
[31/08/2011 20:58:59] /a 2
[31/08/2011 20:58:59] /a 2
[31/08/2011 20:59:00] /a 2
[31/08/2011 20:59:00] /a 2
[31/08/2011 20:59:01] /a 2
[31/08/2011 20:59:01] /a 2
[31/08/2011 20:59:02] /a 2
[31/08/2011 20:59:02] /a 2
[31/08/2011 20:59:03] /a 2
[31/08/2011 20:59:04] /a 2
[31/08/2011 20:59:04] /a 2
[31/08/2011 20:59:05] /a 2
[31/08/2011 20:59:05] /a 2
[31/08/2011 20:59:05] /a 2
[31/08/2011 20:59:06] /a 2
[31/08/2011 20:59:06] /a 2
[31/08/2011 20:59:07] /a 2
[31/08/2011 20:59:08] /a 2
[31/08/2011 20:59:09] /a 2
[31/08/2011 20:59:09] /a 2
[31/08/2011 20:59:10] /a 2
[31/08/2011 20:59:10] /a 2
[31/08/2011 20:59:11] /a 2
[31/08/2011 20:59:11] /a 2
[31/08/2011 20:59:12] /a 2
[31/08/2011 20:59:12] /a 2
[31/08/2011 20:59:13] /a 2
[31/08/2011 20:59:13] /a 2
[31/08/2011 20:59:14] /a 2
[31/08/2011 20:59:14] /a 2
[31/08/2011 20:59:15] /a 2
[31/08/2011 20:59:15] /a 2
[31/08/2011 20:59:16] /a 2
[31/08/2011 20:59:16] /a 2
[31/08/2011 20:59:17] /a 2
[31/08/2011 20:59:17] /a 2
[31/08/2011 20:59:18] /a 2
[31/08/2011 20:59:18] /a 2
[31/08/2011 20:59:19] /a 2
[31/08/2011 20:59:19] /a 2
[31/08/2011 20:59:20] /a 2
[31/08/2011 20:59:20] /a 2
[31/08/2011 20:59:21] /a 2
[31/08/2011 20:59:21] /a 2
[31/08/2011 20:59:22] /a 2
[31/08/2011 20:59:22] /a 2
[31/08/2011 20:59:27] /a 2
[31/08/2011 20:59:27] /a 2
[31/08/2011 20:59:28] /a 2
[31/08/2011 20:59:28] /a 2
[31/08/2011 20:59:28] /a 2
[31/08/2011 20:59:29] /a 2
[31/08/2011 20:59:29] /a 2
[31/08/2011 20:59:30] /a 2
[31/08/2011 20:59:30] /a 2
[31/08/2011 20:59:31] /a 2
[31/08/2011 20:59:49] /goto okaya
[31/08/2011 21:01:08] /t
[31/08/2011 21:01:10] /a 2
[31/08/2011 21:01:11] /a 2
[31/08/2011 21:01:12] /a 2
[31/08/2011 21:01:12] /a 2
[31/08/2011 21:01:13] /a 2
[31/08/2011 21:01:13] /a 2
[31/08/2011 21:01:14] /a 2
[31/08/2011 21:01:14] /a 2
[31/08/2011 21:01:15] /a 2
[31/08/2011 21:01:15] /a 2
[31/08/2011 21:01:16] /a 2
[31/08/2011 21:01:16] /a 2
[31/08/2011 21:01:17] /a 2
[31/08/2011 21:01:18] /a 2
[31/08/2011 21:01:19] /a 2
[31/08/2011 21:01:20] /a 2
[31/08/2011 21:01:21] /a 2
[31/08/2011 21:01:22] /a 2
[31/08/2011 21:01:22] /a 2
[31/08/2011 21:01:22] /a 2
[31/08/2011 21:01:23] /a 2
[31/08/2011 21:01:23] /a 2
[31/08/2011 21:01:24] /a 2
[31/08/2011 21:01:24] /a 2
[31/08/2011 21:01:25] /a 2
[31/08/2011 21:01:26] /a 2
[31/08/2011 21:01:26] /a 2
[31/08/2011 21:01:28] /a 2
[31/08/2011 21:01:29] /a 2
[31/08/2011 21:01:31] /a 2
[31/08/2011 21:01:31] /a 2
[31/08/2011 21:01:32] /a 2
[31/08/2011 21:01:33] /a 2
[31/08/2011 21:01:33] /a 2
[31/08/2011 21:01:34] /a 2
[31/08/2011 21:01:34] /a 2
[31/08/2011 21:01:36] /a 2
[31/08/2011 21:01:37] /a 2
[31/08/2011 21:01:38] /a 2
[31/08/2011 21:01:38] /a 2
[31/08/2011 21:01:39] /a 2
[31/08/2011 21:01:39] /a 2
[31/08/2011 21:01:41] /a 2
[31/08/2011 21:01:42] /a 2
[31/08/2011 21:01:43] /a 2
[31/08/2011 21:01:43] /a 2
[31/08/2011 21:01:44] /a 2
[31/08/2011 21:01:44] /a 2
[31/08/2011 21:01:45] /a 2
[31/08/2011 21:01:45] /a 2
[31/08/2011 21:01:46] /a 2
[31/08/2011 21:01:46] /a 2
[31/08/2011 21:01:47] /a 2
[31/08/2011 21:01:48] /a 2
[31/08/2011 21:01:48] /a 2
[31/08/2011 21:01:48] /a 2
[31/08/2011 21:01:49] /a 2
[31/08/2011 21:01:50] /a 2
[31/08/2011 21:01:50] /a 2
[31/08/2011 21:01:51] /a 2
[31/08/2011 21:01:51] /a 2
[31/08/2011 21:01:52] /a 2
[31/08/2011 21:01:52] /a 2
[31/08/2011 21:01:55] /a 2
[31/08/2011 21:01:56] /a 2
[31/08/2011 21:01:56] /a 2
[31/08/2011 21:01:57] /a 2
[31/08/2011 21:01:57] /a 2
[31/08/2011 21:01:58] /a 2
[31/08/2011 21:01:58] /a 2
[31/08/2011 21:01:58] /a 2
[31/08/2011 21:01:59] /a 2
[31/08/2011 21:01:59] /a 2
[31/08/2011 21:02:00] /a 2
[31/08/2011 21:02:01] /a 2
[31/08/2011 21:02:01] /a 2
[31/08/2011 21:02:02] /a 2
[31/08/2011 21:02:02] /a 2
[31/08/2011 21:02:09] /a 2
[31/08/2011 21:02:09] /a 2
[31/08/2011 21:02:10] /a 2
[31/08/2011 21:02:10] /a 2
[31/08/2011 21:02:11] /a 2
[31/08/2011 21:02:11] /a 2
[31/08/2011 21:02:12] /a 2
[31/08/2011 21:02:12] /a 2
[31/08/2011 21:02:13] /a 2
[31/08/2011 21:02:13] /a 2
[31/08/2011 21:02:14] /a 2
[31/08/2011 21:02:14] /a 2
[31/08/2011 21:02:18] /a 2
[31/08/2011 21:02:18] /a 2
[31/08/2011 21:02:19] /a 2
[31/08/2011 21:02:19] /a 2
[31/08/2011 21:02:20] /a 2
[31/08/2011 21:02:20] /a 2
[31/08/2011 21:02:21] /a 2
[31/08/2011 21:02:21] /a 2
[31/08/2011 21:02:21] /a 2
[31/08/2011 21:02:22] /a 2
[31/08/2011 21:02:22] /a 2
[31/08/2011 21:02:23] /a 2
[31/08/2011 21:02:23] /a 2
[31/08/2011 21:02:24] /a 2
[31/08/2011 21:02:24] /a 2
[31/08/2011 21:02:25] /a 2
[31/08/2011 21:02:25] /a 2
[31/08/2011 21:02:26] /a 2
[31/08/2011 21:02:26] /a 2
[31/08/2011 21:02:27] /a 2
[31/08/2011 21:02:27] /a 2
[31/08/2011 21:02:27] /a 2
[31/08/2011 21:02:28] /a 2
[31/08/2011 21:02:28] /a 2
[31/08/2011 21:02:29] /a 2
[31/08/2011 21:02:29] /a 2
[31/08/2011 21:02:30] /a 2
[31/08/2011 21:02:30] /a 2
[31/08/2011 21:02:31] /a 2
[31/08/2011 21:02:31] /a 2
[31/08/2011 21:02:32] /a 2
[31/08/2011 21:02:32] /a 2
[31/08/2011 21:02:33] /a 2
[31/08/2011 21:02:33] /a 2
[31/08/2011 21:02:34] /a 2
[31/08/2011 21:02:35] /a 2
[31/08/2011 21:02:36] /a 2
[31/08/2011 21:02:36] /a 2
[31/08/2011 21:02:37] /a 2
[31/08/2011 21:02:37] /a 2
[31/08/2011 21:02:38] /a 2
[01/09/2011 15:51:33] /t
[01/09/2011 15:51:50] /ghost
[01/09/2011 21:10:29] /ghost
[01/09/2011 21:10:36] /goto okaya
[01/09/2011 21:10:40] /goto okaya
[01/09/2011 21:11:33] /goto vaporeon
[01/09/2011 21:11:37] /c okaya
[01/09/2011 21:13:32] /t
[03/09/2011 19:19:23] /goto okaya
[03/09/2011 19:31:17] /ghost
[03/09/2011 19:32:51] /goto [kpdo]cater
[04/09/2011 07:22:35] /ghost
