[06/08/2011 14:18:19] /t
[06/08/2011 14:18:22] /goto [kpdo]cater
[06/08/2011 14:21:04] /cp Cleffa,0,0
[06/08/2011 14:23:40] /i heart stone
[06/08/2011 14:23:41] /i heart stone
[06/08/2011 14:45:33] /goto [kpdo]cater
[06/08/2011 15:28:57] /goto [kpdo/cater
[06/08/2011 15:29:01] /goto [kpdo]cater
[06/08/2011 15:30:53] /ghost
[06/08/2011 15:54:34] /m raticate s
[06/08/2011 15:54:40] /attr droploot 10000
[06/08/2011 15:54:44] /attr droploot 10000
[06/08/2011 15:55:15] /m raticate s
[06/08/2011 15:55:24] /m raticate s
[06/08/2011 15:55:26] /attr droploot 100000000
[06/08/2011 15:55:40] /m pidgeot s
[06/08/2011 15:55:41] /attr droploot 100000000
[06/08/2011 15:55:43] /attr droploot 100000000
[06/08/2011 15:55:45] /attr droploot 100000000
[06/08/2011 15:55:46] /attr droploot 100000000
[06/08/2011 15:55:49] /attr droploot 100000000
[06/08/2011 15:56:01] /m pidgeot s
[06/08/2011 15:56:06] /attr droploot 10000000
[06/08/2011 16:53:02] /goto [kpdo]cater
[06/08/2011 17:10:34] /mc
[06/08/2011 17:17:09] /c [cm]mero mero mei
[06/08/2011 17:17:13] /attr health -1000000
[06/08/2011 17:32:21] /m geodude s
[06/08/2011 17:32:22] /m geodude s
[06/08/2011 17:32:55] /m caterpie s
[06/08/2011 17:32:55] /m caterpie s
[06/08/2011 17:32:56] /m caterpie s
[06/08/2011 17:32:56] /m caterpie s
[06/08/2011 17:33:32] /m geodude s
[06/08/2011 17:40:41] /m Shiny Tangela s
[06/08/2011 18:12:13] /t 10
[06/08/2011 18:12:16] /town 10
[06/08/2011 18:12:18] /town 11
[06/08/2011 18:34:45] /t
[06/08/2011 18:34:57] /t
[06/08/2011 18:35:00] /town 10
[06/08/2011 18:35:07] /s Charizard,0,0
[06/08/2011 18:35:11] /s charizard s
[06/08/2011 18:35:19] /newtype 10
[06/08/2011 18:37:02] /newtype 60
[06/08/2011 18:37:05] /newtype 90
[06/08/2011 18:37:07] /newtype 96
[06/08/2011 18:37:08] /newtype 120
[06/08/2011 18:37:10] /newtype 123
[06/08/2011 18:37:11] /newtype 129
[06/08/2011 18:37:12] /newtype 140
[06/08/2011 18:37:14] /newtype 142
[06/08/2011 18:37:16] /newtype 141
[06/08/2011 18:37:17] /newtype 143
[06/08/2011 18:37:22] /town 1
[06/08/2011 18:37:24] /town 2
[06/08/2011 18:37:25] /ghost
[06/08/2011 18:39:15] /ghost
[06/08/2011 18:50:42] /c [cm]mero mero mei
[06/08/2011 18:51:07] /t [cm]mero mero mei
[06/08/2011 18:52:00] /a 2
[06/08/2011 18:52:05] /a 2
[06/08/2011 18:52:27] /a 2
[06/08/2011 18:52:48] /ghost
[06/08/2011 18:52:49] /a 5
[06/08/2011 18:52:50] /a 5
[06/08/2011 18:52:52] /ghost
[06/08/2011 18:52:54] /a 2
[06/08/2011 19:29:07] /a 2
[06/08/2011 19:31:56] /t
[06/08/2011 19:31:59] /a 2
[06/08/2011 19:32:02] /a 2
[06/08/2011 19:32:10] /ghost
[06/08/2011 19:33:13] /ghost
[06/08/2011 20:09:56] /a 4
[06/08/2011 20:10:02] /z 4
[06/08/2011 20:10:08] /a 6
[06/08/2011 20:10:43] /town 2
[06/08/2011 20:10:45] /town 3
[06/08/2011 20:10:46] /town 1
[06/08/2011 20:10:57] /town 4
[06/08/2011 20:10:58] /town 5
[06/08/2011 20:10:59] /town 6
[06/08/2011 20:11:02] /town 8
[06/08/2011 20:11:09] /town 1
[06/08/2011 20:11:12] /z 4
[06/08/2011 20:11:15] /t
[06/08/2011 20:11:17] /z 4
[06/08/2011 20:12:12] /t
[06/08/2011 20:17:02] /t
[06/08/2011 20:17:07] /goto amrk
[06/08/2011 20:17:09] /goto mark
[06/08/2011 20:17:23] /cp Raticate,0,0
[06/08/2011 20:17:24] /cp Raticate,0,0
[06/08/2011 20:17:24] /cp Raticate,0,0
[06/08/2011 20:17:25] /cp Raticate,0,0
[06/08/2011 20:17:25] /cp Raticate,0,0
[06/08/2011 20:17:33] /cliport
[06/08/2011 20:18:38] /i
[06/08/2011 20:19:21] /m caterpie s
[06/08/2011 20:19:22] /m caterpie s
[06/08/2011 20:19:24] /r
[06/08/2011 20:20:26] /ghost
[06/08/2011 20:20:27] /ghost
[06/08/2011 20:20:33] /m Crobat s
[06/08/2011 20:20:36] /attr cannotmove 1
[06/08/2011 20:20:40] /m Golbat s
[06/08/2011 20:20:43] /attr cannotmove 1
[06/08/2011 20:20:47] /attr droploot 1000000
[06/08/2011 20:21:06] /m golbat s
[06/08/2011 20:21:07] /attr droploot 1000
[06/08/2011 20:21:10] /attr droploot 1000
[06/08/2011 20:21:16] /m golbat s
[06/08/2011 20:21:19] /attr droploot 1
[06/08/2011 20:21:23] /m golbat s
[06/08/2011 20:21:26] /attr droploot 0
[06/08/2011 20:21:32] /attr droploot -1
[06/08/2011 20:21:34] /m golbat s
[06/08/2011 20:21:36] /attr droploot -1
[06/08/2011 20:21:59] /m Golbat s
[06/08/2011 23:07:26] /goto [kpdo]cater
[06/08/2011 23:07:43] /goto bobmarley
[06/08/2011 23:07:49] /t
[07/08/2011 09:44:40] /goto [kpdo]cater
[07/08/2011 09:45:04] /ghost
[07/08/2011 09:45:25] /cp Ledian,0,Ledian
[07/08/2011 09:51:23] /cp Caterpie,0,0
[07/08/2011 09:51:38] /m poliwag s
[07/08/2011 09:51:52] /m poliwag 
[07/08/2011 09:52:29] /m poliwag s
[07/08/2011 09:52:48] /m poliwag s
[07/08/2011 09:53:00] /m poliwag s
[07/08/2011 10:30:33] /ghost
[08/08/2011 13:59:50] /goto [kpdo]cater
[08/08/2011 14:03:27] /goto Santi
[08/08/2011 14:05:58] /r
[08/08/2011 14:06:07] /r
[08/08/2011 14:06:17] /r
[08/08/2011 14:06:23] /r
[08/08/2011 14:06:36] /a 2
[08/08/2011 14:06:39] /a 2
[08/08/2011 14:07:23] /goto mark
[08/08/2011 14:07:37] /goto santi
[08/08/2011 14:07:38] /a 2
[08/08/2011 14:07:39] /a 2
[08/08/2011 14:07:39] /a 2
[08/08/2011 14:07:40] /a 2
[08/08/2011 14:07:40] /a 2
[08/08/2011 14:07:40] /a 2
[08/08/2011 14:07:41] /a 2
[08/08/2011 14:07:42] /a 2
[08/08/2011 14:08:36] /ghost
[08/08/2011 14:09:22] /goto raafa rox
[08/08/2011 14:09:56] /r
[08/08/2011 14:10:00] /r
[08/08/2011 14:10:27] /i
[08/08/2011 14:10:29] /i 54
[08/08/2011 14:10:31] /i 5462
[08/08/2011 14:10:33] /i leaf stone
[08/08/2011 14:11:28] /a 2
[08/08/2011 14:12:10] /a 2
[08/08/2011 14:12:18] /a 2
[08/08/2011 14:16:08] /cp Caterpie,0,0
[08/08/2011 14:16:13] /cp caterpie,0,0
[08/08/2011 14:17:04] /goto raafa rox
[08/08/2011 14:17:11] /r
[08/08/2011 14:17:13] /r
[08/08/2011 14:17:15] /r
[08/08/2011 14:17:15] /r
[08/08/2011 14:17:16] /r
[08/08/2011 14:17:17] /r
[08/08/2011 14:17:17] /r
[08/08/2011 14:17:17] /r
[08/08/2011 14:17:18] /r
[08/08/2011 14:17:18] /r
[08/08/2011 14:17:18] /r
[08/08/2011 14:17:19] /r
[08/08/2011 14:17:19] /r
[08/08/2011 14:17:19] /r
[08/08/2011 14:17:19] /r
[08/08/2011 14:17:20] /r
[08/08/2011 14:17:23] /r 100
[08/08/2011 14:17:25] /r 100
[08/08/2011 14:17:25] /r 100
[08/08/2011 14:17:25] /r 100
[08/08/2011 14:17:25] /r 100
[08/08/2011 14:17:26] /r 100
[08/08/2011 14:17:26] /r 100
[08/08/2011 14:17:26] /r 100
[08/08/2011 14:17:26] /r 100
[08/08/2011 14:17:26] /r 100
[08/08/2011 14:17:26] /r 100
[08/08/2011 14:17:26] /r 100
[08/08/2011 14:17:26] /r 100
[08/08/2011 14:17:26] /r 100
[08/08/2011 14:17:26] /r 100
[08/08/2011 14:17:27] /r 100
[08/08/2011 14:17:27] /r 100
[08/08/2011 14:17:27] /r 100
[08/08/2011 14:17:27] /r 100
[08/08/2011 14:17:27] /r 100
[08/08/2011 14:17:27] /r 100
[08/08/2011 14:17:27] /r 100
[08/08/2011 14:17:27] /r 100
[08/08/2011 14:17:28] /r 100
[08/08/2011 14:17:28] /r 100
[08/08/2011 14:17:28] /r 100
[08/08/2011 14:17:28] /r 100
[08/08/2011 14:17:28] /r 100
[08/08/2011 14:17:28] /r 100
[08/08/2011 14:17:28] /r 100
[08/08/2011 14:17:28] /r 100
[08/08/2011 14:17:28] /r 100
[08/08/2011 14:17:28] /r 100
[08/08/2011 14:17:29] /r 100
[08/08/2011 14:17:29] /r 100
[08/08/2011 14:17:29] /r 100
[08/08/2011 14:17:31] /r 100
[08/08/2011 14:17:32] /r 100
[08/08/2011 14:17:32] /r 100
[08/08/2011 14:17:32] /r 100
[08/08/2011 14:17:32] /r 100
[08/08/2011 14:17:32] /r 100
[08/08/2011 14:17:32] /r 100
[08/08/2011 14:17:32] /r 100
[08/08/2011 14:17:32] /r 100
[08/08/2011 14:17:33] /r 100
[08/08/2011 14:17:33] /r 100
[08/08/2011 14:17:33] /r 100
[08/08/2011 14:17:33] /r 100
[08/08/2011 14:17:33] /r 100
[08/08/2011 14:17:33] /r 100
[08/08/2011 14:17:33] /r 100
[08/08/2011 14:17:33] /r 100
[08/08/2011 14:17:33] /r 100
[08/08/2011 14:17:33] /r 100
[08/08/2011 14:17:34] /r 100
[08/08/2011 14:17:34] /r 100
[08/08/2011 14:17:34] /r 100
[08/08/2011 14:17:34] /r 100
[08/08/2011 14:17:34] /r 100
[08/08/2011 14:17:34] /r 100
[08/08/2011 14:17:34] /r 100
[08/08/2011 14:17:34] /r 100
[08/08/2011 14:17:34] /r 100
[08/08/2011 14:17:35] /r 100
[08/08/2011 14:17:35] /r 100
[08/08/2011 14:17:35] /r 100
[08/08/2011 14:17:36] /r 100
[08/08/2011 14:17:36] /r 100
[08/08/2011 14:17:36] /r 100
[08/08/2011 14:17:36] /r 100
[08/08/2011 14:17:36] /r 100
[08/08/2011 14:17:36] /r 100
[08/08/2011 14:17:36] /r 100
[08/08/2011 14:17:36] /r 100
[08/08/2011 14:17:36] /r 100
[08/08/2011 14:17:36] /r 100
[08/08/2011 14:17:36] /r 100
[08/08/2011 14:17:36] /r 100
[08/08/2011 14:17:36] /r 100
[08/08/2011 14:17:36] /r 100
[08/08/2011 14:17:36] /r 100
[08/08/2011 14:17:36] /r 100
[08/08/2011 14:17:36] /r 100
[08/08/2011 14:17:37] /r 100
[08/08/2011 14:17:37] /r 100
[08/08/2011 14:17:37] /r 100
[08/08/2011 14:17:39] /r 100
[08/08/2011 14:17:39] /r 100
[08/08/2011 14:17:39] /r 100
[08/08/2011 14:17:39] /r 100
[08/08/2011 14:17:39] /r 100
[08/08/2011 14:17:39] /r 100
[08/08/2011 14:17:39] /r 100
[08/08/2011 14:17:40] /r 100
[08/08/2011 14:17:43] /r 100
[08/08/2011 14:17:44] /r 100
[08/08/2011 14:17:44] /r 100
[08/08/2011 14:17:44] /r 100
[08/08/2011 14:17:44] /r 100
[08/08/2011 14:17:44] /r 100
[08/08/2011 14:17:45] /r 100
[08/08/2011 14:17:45] /r 100
[08/08/2011 14:17:45] /r 100
[08/08/2011 14:17:45] /r 100
[08/08/2011 14:17:45] /r 100
[08/08/2011 14:17:45] /r 100
[08/08/2011 14:17:45] /r 100
[08/08/2011 14:17:45] /r 100
[08/08/2011 14:17:45] /r 100
[08/08/2011 14:17:45] /r 100
[08/08/2011 14:17:46] /r 100
[08/08/2011 14:17:46] /r 100
[08/08/2011 14:17:46] /r 100
[08/08/2011 14:17:46] /r 100
[08/08/2011 14:17:46] /r 100
[08/08/2011 14:17:46] /r 100
[08/08/2011 14:17:46] /r 100
[08/08/2011 14:17:46] /r 100
[08/08/2011 14:17:46] /r 100
[08/08/2011 14:17:47] /r 100
[08/08/2011 14:17:47] /r 100
[08/08/2011 14:17:47] /r 100
[08/08/2011 14:17:47] /r 100
[08/08/2011 14:17:47] /r 100
[08/08/2011 14:17:47] /r 100
[08/08/2011 14:17:47] /r 100
[08/08/2011 14:17:47] /r 100
[08/08/2011 14:17:47] /r 100
[08/08/2011 14:17:47] /r 100
[08/08/2011 14:17:47] /r 100
[08/08/2011 14:17:47] /r 100
[08/08/2011 14:17:48] /r 100
[08/08/2011 14:17:48] /r 100
[08/08/2011 14:17:48] /r 100
[08/08/2011 14:17:48] /r 100
[08/08/2011 14:17:48] /r 100
[08/08/2011 14:17:48] /r 100
[08/08/2011 14:17:48] /r 100
[08/08/2011 14:17:48] /r 100
[08/08/2011 14:17:48] /r 100
[08/08/2011 14:17:49] /r 100
[08/08/2011 14:17:49] /r 100
[08/08/2011 14:17:49] /r 100
[08/08/2011 14:17:49] /r 100
[08/08/2011 14:17:49] /r 100
[08/08/2011 14:17:49] /r 100
[08/08/2011 14:17:49] /r 100
[08/08/2011 14:17:49] /r 100
[08/08/2011 14:17:49] /r 100
[08/08/2011 14:17:49] /r 100
[08/08/2011 14:17:50] /r 100
[08/08/2011 14:17:50] /r 100
[08/08/2011 14:17:50] /r 100
[08/08/2011 14:17:50] /r 100
[08/08/2011 14:17:50] /r 100
[08/08/2011 14:17:50] /r 100
[08/08/2011 14:17:50] /r 100
[08/08/2011 14:17:50] /r 100
[08/08/2011 14:17:50] /r 100
[08/08/2011 14:17:51] /r 100
[08/08/2011 14:17:51] /r 100
[08/08/2011 14:17:51] /r 100
[08/08/2011 14:17:51] /r 100
[08/08/2011 14:17:51] /r 100
[08/08/2011 14:17:51] /r 100
[08/08/2011 14:17:51] /r 100
[08/08/2011 14:17:51] /r 100
[08/08/2011 14:17:51] /r 100
[08/08/2011 14:17:51] /r 100
[08/08/2011 14:17:51] /r 100
[08/08/2011 14:17:51] /r 100
[08/08/2011 14:17:52] /r 100
[08/08/2011 14:17:52] /r 100
[08/08/2011 14:17:52] /r 100
[08/08/2011 14:17:52] /r 100
[08/08/2011 14:17:52] /r 100
[08/08/2011 14:17:52] /r 100
[08/08/2011 14:17:52] /r 100
[08/08/2011 14:17:52] /r 100
[08/08/2011 14:17:52] /r 100
[08/08/2011 14:17:53] /r 100
[08/08/2011 14:17:53] /r 100
[08/08/2011 14:17:53] /r 100
[08/08/2011 14:17:53] /r 100
[08/08/2011 14:17:53] /r 100
[08/08/2011 14:17:53] /r 100
[08/08/2011 14:17:53] /r 100
[08/08/2011 14:17:53] /r 100
[08/08/2011 14:17:53] /r 100
[08/08/2011 14:17:53] /r 100
[08/08/2011 14:17:53] /r 100
[08/08/2011 14:17:57] /goto azrael
[08/08/2011 14:18:12] /cp
[08/08/2011 14:18:13] /i
[08/08/2011 14:18:16] /i
[08/08/2011 14:18:25] /a 
[08/08/2011 14:18:31] /c
[08/08/2011 14:18:50] /bc
[08/08/2011 14:24:08] /ghost
[08/08/2011 14:24:11] /goto flay
[08/08/2011 15:09:01] /goto [kpdo]cater
[08/08/2011 15:12:06] /cp
[08/08/2011 15:12:07] /i
[08/08/2011 15:12:22] /i
[08/08/2011 15:12:25] /cp
[08/08/2011 15:14:40] /t
[08/08/2011 15:14:42] /town 
[08/08/2011 15:14:51] /town 2
[08/08/2011 15:14:53] /town 3
[08/08/2011 15:14:55] /town 4
[08/08/2011 15:20:05] /goto [kpdo]cater
[08/08/2011 15:21:32] /goto [kpdo]cater
[08/08/2011 16:01:37] /t
[08/08/2011 16:01:39] /a 2
[08/08/2011 16:01:42] /ghost
[08/08/2011 16:01:59] /cp caterpie,0,0
[08/08/2011 16:02:25] /goto [kpdo]cate
[08/08/2011 16:02:27] /goto [kpdo]cater
[08/08/2011 16:02:29] /goto [kpdo]cater
[08/08/2011 16:03:24] /ghost
[08/08/2011 16:10:07] /goto [kpdo]cater
[08/08/2011 16:10:16] /a 2
[08/08/2011 16:10:20] /a 2
[08/08/2011 16:10:21] /a 2
[08/08/2011 16:10:22] /a 2
[08/08/2011 16:10:23] /a 2
[08/08/2011 16:10:23] /a 2
[08/08/2011 16:10:23] /a 2
[08/08/2011 16:10:24] /a 2
[08/08/2011 16:10:24] /a 2
[08/08/2011 16:10:24] /a 2
[08/08/2011 16:10:26] /a 2
[08/08/2011 16:10:26] /a 2
[08/08/2011 16:10:27] /a 2
[08/08/2011 16:10:27] /a 2
[08/08/2011 16:10:29] /a 2
[08/08/2011 16:10:30] /a 2
[08/08/2011 16:10:41] /goto [kpdo]cater
[08/08/2011 16:10:43] /goto [kpdo]cater
[08/08/2011 16:10:44] /goto [kpdo]cater
[08/08/2011 16:10:45] /goto [kpdo]cater
[08/08/2011 16:10:46] /goto [kpdo]cater
[08/08/2011 16:10:47] /goto [kpdo]cater
[08/08/2011 16:10:48] /goto [kpdo]cater
[08/08/2011 16:10:49] /goto [kpdo]cater
[08/08/2011 16:10:51] /goto [kpdo]cater
[08/08/2011 16:10:53] /goto [kpdo]cater
[08/08/2011 16:10:55] /goto [kpdo]cater
[08/08/2011 16:10:57] /goto [kpdo]cater
[08/08/2011 16:11:00] /goto [kpdo]cater
[08/08/2011 16:11:06] /goto [kpdo]cater
[08/08/2011 16:11:08] /goto [kpdo]cater
[08/08/2011 16:11:10] /goto [kpdo]cater
[08/08/2011 16:11:17] /goto [kpdo]cater
[08/08/2011 16:11:19] /goto [kpdo]cater
[08/08/2011 16:11:20] /goto [kpdo]cater
[08/08/2011 16:11:21] /goto [kpdo]cater
[08/08/2011 16:11:24] /goto [kpdo]cater
[08/08/2011 16:11:26] /goto [kpdo]cater
[08/08/2011 16:11:29] /goto [kpdo]cater
[08/08/2011 16:11:30] /goto [kpdo]cater
[08/08/2011 16:11:35] /goto [kpdo]cater
[08/08/2011 16:11:38] /goto [kpdo]cater
[08/08/2011 16:11:41] /goto [kpdo]cater
[08/08/2011 16:11:44] /goto [kpdo]cater
[08/08/2011 16:11:46] /goto [kpdo]cater
[08/08/2011 16:11:49] /goto [kpdo]cater
[08/08/2011 16:11:50] /goto [kpdo]cater
[08/08/2011 16:11:52] /goto [kpdo]cater
[08/08/2011 16:11:53] /goto [kpdo]cater
[08/08/2011 16:11:54] /goto [kpdo]cater
[08/08/2011 16:18:34] /x 1
[08/08/2011 16:18:35] /x 2
[08/08/2011 16:18:36] /x 3
[08/08/2011 16:18:36] /x 4
[08/08/2011 16:18:37] /x 5
[08/08/2011 16:18:38] /x 6
[08/08/2011 16:18:38] /x 7
[08/08/2011 16:18:40] /x 8
[08/08/2011 16:18:41] /x 7
[08/08/2011 16:18:43] /x 8
[08/08/2011 16:18:44] /x 9
[08/08/2011 16:18:45] /x 10
[08/08/2011 16:18:46] /x 11
[08/08/2011 16:18:47] /x 12
[08/08/2011 16:18:48] /x 13
[08/08/2011 16:18:48] /x 14
[08/08/2011 16:18:49] /x 15
[08/08/2011 16:18:50] /x 16
[08/08/2011 16:18:51] /x 17
[08/08/2011 16:18:52] /x 18
[08/08/2011 16:18:53] /x 19
[08/08/2011 16:18:55] /x 20
[08/08/2011 16:18:56] /x 21
[08/08/2011 16:18:57] /x 23
[08/08/2011 16:18:58] /x 24
[08/08/2011 16:18:59] /x 25
[08/08/2011 16:19:00] /x 26
[08/08/2011 16:19:00] /x 27
[08/08/2011 16:19:02] /x 26
[08/08/2011 16:19:04] /x 26
[08/08/2011 16:19:05] /x 26
[08/08/2011 16:19:06] /x 26
[08/08/2011 16:19:06] /x 26
[08/08/2011 16:19:07] /x 26
[08/08/2011 16:19:08] /x 26
[08/08/2011 16:19:09] /x 26
[08/08/2011 16:19:10] /x 26
[08/08/2011 16:19:21] /x 28
[08/08/2011 16:19:23] /x 29
[08/08/2011 16:19:24] /x 30
[08/08/2011 16:19:25] /x 31
[08/08/2011 16:19:26] /x 32
[08/08/2011 16:19:27] /x 33
[08/08/2011 16:19:28] /x 34
[08/08/2011 16:19:29] /x 35
[08/08/2011 16:19:30] /x 36
[08/08/2011 16:19:32] /x 37
[08/08/2011 16:19:33] /x 38
[08/08/2011 16:19:34] /x 3
[08/08/2011 16:19:35] /x 38
[08/08/2011 16:19:36] /x 38
[08/08/2011 16:19:38] /x 39
[08/08/2011 16:19:39] /x 40
[08/08/2011 16:19:40] /x 41
[08/08/2011 16:24:01] /goto [kpdo]cater
[08/08/2011 16:24:03] /goto [kpdo]cater
[08/08/2011 16:24:05] /goto [kpdo]cater
[08/08/2011 16:24:12] /goto [kpdo]cater
[08/08/2011 16:24:13] /goto [kpdo]cater
[08/08/2011 16:53:36] /goto [kpdo]cater
[08/08/2011 16:53:38] /t
[08/08/2011 17:03:25] /town 2
[08/08/2011 17:03:29] /town 6
[08/08/2011 17:03:32] /town 8
[08/08/2011 17:03:35] /town 10
[08/08/2011 17:03:43] /town 12
[08/08/2011 17:03:47] /town 11
[08/08/2011 17:05:13] /c [kpdo]cater
[08/08/2011 17:06:20] /town 10
[08/08/2011 17:06:22] /town 11
[08/08/2011 17:06:28] /goto [kpdo]cater
[08/08/2011 17:06:36] /m pidgeot s
[08/08/2011 17:06:58] /m pidgeot s
[08/08/2011 17:07:12] /m pidgeot s
[08/08/2011 17:07:23] /i revive
[08/08/2011 17:07:24] /i revive
[08/08/2011 17:07:35] /i revive
[08/08/2011 17:11:04] /i
[08/08/2011 17:11:07] /cp
[08/08/2011 17:11:54] /info
[08/08/2011 17:11:59] /info comamnds
[08/08/2011 17:12:00] /info comamnd
[08/08/2011 17:12:03] /info [kpdo]Cater
[08/08/2011 17:12:20] /info [kpdo]Porai
[08/08/2011 17:13:24] /r
[08/08/2011 17:13:26] /r
[08/08/2011 17:13:37] /info command
[08/08/2011 17:13:43] /y
[08/08/2011 17:15:32] /town 11
[08/08/2011 17:15:37] /goto [kpdo]cater
[08/08/2011 17:15:39] /m Pidgeot s
[08/08/2011 17:15:51] /m pidgeot s
[08/08/2011 17:16:05] /m pidgeot s
[08/08/2011 17:16:16] /m pidgeot s
[08/08/2011 17:17:28] /s
[08/08/2011 17:20:33] /town 10
[08/08/2011 17:20:55] /goto [kpdo]cater
[08/08/2011 17:21:15] /goto [kpdo]cater
[08/08/2011 17:21:20] /goto [kpdo]cater
[08/08/2011 17:21:22] /a 2
[08/08/2011 17:21:33] /c [kpdo]cater
[08/08/2011 17:21:33] /c [kpdo]cater
[08/08/2011 17:21:33] /c [kpdo]cater
[08/08/2011 17:21:42] /goto [kpdo]cater
[08/08/2011 17:21:43] /goto [kpdo]cater
[08/08/2011 17:21:43] /goto [kpdo]cater
[08/08/2011 17:21:46] /goto [kpdo]cater
[08/08/2011 17:21:46] /goto [kpdo]cater
[08/08/2011 17:21:47] /goto [kpdo]cater
[08/08/2011 17:21:48] /goto [kpdo]cater
[08/08/2011 17:21:49] /goto [kpdo]cater
[08/08/2011 17:21:50] /goto [kpdo]cater
[08/08/2011 17:21:50] /goto [kpdo]cater
[08/08/2011 17:21:51] /goto [kpdo]cater
[08/08/2011 17:21:51] /goto [kpdo]cater
[08/08/2011 17:21:51] /goto [kpdo]cater
[08/08/2011 17:21:51] /goto [kpdo]cater
[08/08/2011 17:21:52] /goto [kpdo]cater
[08/08/2011 17:21:52] /goto [kpdo]cater
[08/08/2011 17:21:52] /goto [kpdo]cater
[08/08/2011 17:21:52] /goto [kpdo]cater
[08/08/2011 17:21:53] /goto [kpdo]cater
[08/08/2011 17:21:56] /goto [kpdo]cater
[08/08/2011 17:21:57] /goto [kpdo]cater
[08/08/2011 17:21:58] /goto [kpdo]cater
[08/08/2011 17:21:59] /goto [kpdo]cater
[08/08/2011 17:22:03] /goto [kpdo]cater
[08/08/2011 17:22:06] /goto [kpdo]cater
[08/08/2011 17:23:18] /goto [kpdo]Cater
[08/08/2011 17:23:21] /goto [kpdo]Cater
[08/08/2011 17:23:23] /goto [kpdo]Cater
[08/08/2011 17:23:26] /goto [kpdo]Cater
[08/08/2011 17:23:30] /goto [kpdo]Cater
[08/08/2011 17:30:18] /goto [cm]mero mero mei
[08/08/2011 17:36:38] /a 2
[08/08/2011 17:36:44] /m magnemite s
[08/08/2011 17:36:59] /r
[08/08/2011 18:04:23] /goto Bieell
[08/08/2011 18:05:32] /goto sr zero
[08/08/2011 18:05:43] /goto venomoth
[08/08/2011 18:06:34] /cp Alakazam,0,0
[08/08/2011 18:09:02] /goto remy zero
[08/08/2011 18:09:59] /goto remy zero
[08/08/2011 18:13:36] /t
[08/08/2011 18:14:29] /goto Bieell
[08/08/2011 18:16:02] /goto bieell
[08/08/2011 18:16:09] /cliport
[08/08/2011 18:18:48] /goto waka waka
[08/08/2011 18:24:57] /n mark
[08/08/2011 18:25:05] /r
[08/08/2011 18:25:48] /cliport
[08/08/2011 18:33:13] /goto aron king
[08/08/2011 18:34:01] /ghost
[08/08/2011 18:34:20] /town 10
[08/08/2011 18:34:28] /goto aron king
[08/08/2011 18:34:55] /m zubat s
[08/08/2011 18:35:34] /t
[08/08/2011 18:35:40] /goto bieel
[08/08/2011 18:35:41] /goto bieell
[08/08/2011 18:39:12] /goto shinakura sashira
[08/08/2011 18:39:27] /goto bieell
[08/08/2011 18:39:55] /goto afthermath
[08/08/2011 18:40:36] /s pidgeot
[08/08/2011 18:41:14] /goto legend handmet
[08/08/2011 18:42:19] /goto legend handmet
[08/08/2011 18:42:24] /cliport
[08/08/2011 18:43:24] /t
[08/08/2011 18:44:10] /goto santi
[08/08/2011 18:48:49] /cp Shiny Paras,0,0
[08/08/2011 18:48:51] /cp a
[08/08/2011 18:48:53] /cp a,b,c
[08/08/2011 18:49:00] /i ultra ball
[08/08/2011 18:49:14] /goto Shiny paras
[08/08/2011 18:50:54] /t
[08/08/2011 18:53:29] /town 
[08/08/2011 18:53:31] /town 8
[08/08/2011 18:53:32] /town 9
[08/08/2011 18:53:34] /town 4
[08/08/2011 18:54:11] /town 2
[08/08/2011 18:54:20] /goto waka waka
[08/08/2011 18:56:53] /r
[08/08/2011 18:57:20] /goto legend handmet
[08/08/2011 18:58:16] /t
[08/08/2011 18:59:34] /info Aron King
[08/08/2011 19:06:32] /goto mist
[08/08/2011 19:06:34] /goto misty
[08/08/2011 19:09:26] /town 3
[08/08/2011 19:13:59] /goto pokemon collector
[08/08/2011 19:14:12] /goto dypsi
[08/08/2011 19:30:13] /goto bruunown
[08/08/2011 19:30:26] /r
[08/08/2011 19:31:45] /r
[08/08/2011 19:31:46] /r
[08/08/2011 19:31:47] /r
[08/08/2011 19:31:52] /goto dypsi
[08/08/2011 19:36:08] /goto ze da maconha
[08/08/2011 19:36:10] /goto ze da maconha
[08/08/2011 19:36:16] /kick ze da maconha
[08/08/2011 19:39:36] /goto swaat owna
[08/08/2011 19:40:39] /info Fluence
[08/08/2011 19:43:26] /goto pokemon collector
[08/08/2011 19:43:30] /cliport
[08/08/2011 19:44:43] /goto golen
[08/08/2011 19:44:49] /goto tepassoapika
[08/08/2011 19:45:27] /goto dypsi
[08/08/2011 19:49:03] /goto anjo crow
[08/08/2011 19:49:56] /goto anjo crow
[08/08/2011 19:50:21] /t
[08/08/2011 19:51:55] /goto Remy Zero
[08/08/2011 19:52:34] /t
[08/08/2011 19:55:36] /goto manolo
[08/08/2011 19:58:43] /t
[08/08/2011 20:01:04] /goto manolo
[08/08/2011 20:03:30] /t
[08/08/2011 20:08:25] /goto Waka Waka
[08/08/2011 20:13:19] /a 5
[08/08/2011 20:13:20] /a 5
[08/08/2011 20:13:21] /a 5
[08/08/2011 20:13:22] /a 5
[08/08/2011 20:13:24] /a 5
[08/08/2011 20:17:50] /s Alakazam s
[08/08/2011 20:17:57] /r
[08/08/2011 20:18:15] /s dragonite
[08/08/2011 20:18:22] /r
[08/08/2011 20:19:31] /town celadon
[08/08/2011 20:19:33] /t celadon
[08/08/2011 20:19:35] /town Celadon
[08/08/2011 20:20:33] /goto bieell
[08/08/2011 20:24:06] /s crobat
[08/08/2011 20:24:26] /s cleffa
[08/08/2011 20:24:34] /r
[08/08/2011 20:24:38] /r
[08/08/2011 20:24:53] /s togetic
[08/08/2011 20:25:00] /r
[08/08/2011 20:25:02] /r
[08/08/2011 20:25:04] /r
[08/08/2011 20:25:26] /s Lanturn
[08/08/2011 20:25:33] /m pidgeot s
[08/08/2011 20:25:40] /r
[08/08/2011 20:25:52] /r
[08/08/2011 20:26:04] /s Lanturn
[08/08/2011 20:26:12] /r
[08/08/2011 20:26:24] /s Ariados
[08/08/2011 20:26:32] /s Noctowl
[08/08/2011 20:26:57] /r
[08/08/2011 20:27:12] /s Feraligatr
[08/08/2011 20:27:16] /r
[08/08/2011 20:27:27] /s Typhlosion
[08/08/2011 20:27:30] /r
[08/08/2011 20:27:38] /s pichu
[08/08/2011 20:27:41] /r
[08/08/2011 20:27:46] /s Igglybuff
[08/08/2011 20:27:49] /r
[08/08/2011 20:27:58] /s natu
[08/08/2011 20:27:59] /s xatu
[08/08/2011 20:28:06] /r
[08/08/2011 20:28:08] /r
[08/08/2011 20:28:12] /s mareep
[08/08/2011 20:28:22] /s Flaaffy
[08/08/2011 20:28:26] /s Ampharos
[08/08/2011 20:28:31] /r
[08/08/2011 20:28:34] /r
[08/08/2011 20:28:47] /r
[08/08/2011 20:28:53] /s steelix
[08/08/2011 20:29:28] /t
[08/08/2011 20:31:33] /a 5
[08/08/2011 20:31:33] /a 5
[08/08/2011 20:31:34] /a 5
[08/08/2011 20:31:35] /a 5
[08/08/2011 20:31:35] /a 5
[08/08/2011 20:31:36] /a 5
[08/08/2011 20:31:36] /a 5
[08/08/2011 20:31:38] /a 5
[08/08/2011 20:34:13] /town 11
[08/08/2011 20:34:34] /m Shiny Pinsir s
[08/08/2011 20:34:52] /s ledian s
[08/08/2011 20:34:59] /s ledian
[08/08/2011 20:35:23] /s ledian
[08/08/2011 20:35:31] /r
[08/08/2011 20:35:38] /r
[08/08/2011 20:35:42] /r
[08/08/2011 20:36:05] /r
[08/08/2011 20:36:32] /town 10
[08/08/2011 20:36:33] /town 2
[08/08/2011 20:41:39] /goto anjo crow
[08/08/2011 20:42:58] /goto Anjo crow
[08/08/2011 20:46:43] /goto graveler
[08/08/2011 20:47:22] /goto soldarkness
[08/08/2011 20:47:29] /a 5
[08/08/2011 20:47:30] /a 5
[08/08/2011 20:47:32] /a 5
[08/08/2011 20:47:32] /a 5
[08/08/2011 20:47:34] /a 5
[08/08/2011 20:47:34] /a 5
[08/08/2011 20:47:36] /a 5
[08/08/2011 20:47:37] /a 5
[08/08/2011 20:47:37] /a 5
[08/08/2011 20:47:39] /a 5
[08/08/2011 20:47:46] /goto Soldarkness
[08/08/2011 20:47:51] /goto 20:52 Shinakura Sashira: Soldarkness
[08/08/2011 20:47:55] /goto Soldarkness
[08/08/2011 20:47:57] /goto Soldarkness
[08/08/2011 20:47:57] /goto Soldarkness
[08/08/2011 20:48:00] /a 2
[08/08/2011 20:48:01] /a 2
[08/08/2011 20:48:02] /a 2
[08/08/2011 20:48:02] /a 2
[08/08/2011 20:48:03] /a 2
[08/08/2011 20:48:08] /s pidgeot
[08/08/2011 20:48:21] /s pidgeot
[08/08/2011 20:48:29] /s pidgeot
[08/08/2011 20:48:36] /r
[08/08/2011 20:48:41] /r
[08/08/2011 20:48:41] /r
[08/08/2011 20:48:41] /r
[08/08/2011 20:48:43] /s pidgeot
[08/08/2011 20:48:55] /goto Soldarkness
[08/08/2011 20:49:00] /town 10
[08/08/2011 20:49:02] /town 2
[08/08/2011 20:49:03] /a 2
[08/08/2011 20:49:04] /a 2
[08/08/2011 20:49:04] /a 2
[08/08/2011 20:49:05] /a 2
[08/08/2011 20:49:05] /a 2
[08/08/2011 20:49:10] /a 2
[08/08/2011 20:49:10] /a 2
[08/08/2011 20:49:11] /a 2
[08/08/2011 20:49:13] /a 2
[08/08/2011 20:49:16] /a 2
[08/08/2011 20:49:17] /a 2
[08/08/2011 20:49:36] /a 65
[08/08/2011 20:49:37] /a 65
[08/08/2011 20:49:38] /a 5
[08/08/2011 20:49:39] /a 5
[08/08/2011 20:49:39] /a 5
[08/08/2011 20:49:40] /a 5
[08/08/2011 20:49:40] /a 5
[08/08/2011 20:49:40] /a 5
[08/08/2011 20:49:42] /a 5
[08/08/2011 20:49:42] /a 5
[08/08/2011 20:49:43] /a 5
[08/08/2011 20:49:44] /a 5
[08/08/2011 20:49:44] /a 5
[08/08/2011 20:49:47] /a 5
[08/08/2011 20:49:47] /a 5
[08/08/2011 20:49:48] /a 5
[08/08/2011 20:49:48] /a 5
[08/08/2011 20:49:49] /a 5
[08/08/2011 20:49:49] /a 5
[08/08/2011 20:49:51] /a 5
[08/08/2011 20:49:53] /a 5
[08/08/2011 20:49:54] /a 5
[08/08/2011 20:49:55] /a 5
[08/08/2011 20:49:56] /a 5
[08/08/2011 20:49:57] /a 5
[08/08/2011 20:49:57] /a 5
[08/08/2011 20:49:58] /a 5
[08/08/2011 20:49:59] /a 5
[08/08/2011 20:50:00] /a 5
[08/08/2011 20:50:02] /a 5
[08/08/2011 20:50:06] /a 5
[08/08/2011 20:50:07] /a 5
[08/08/2011 20:50:07] /a 5
[08/08/2011 20:50:08] /a 5
[08/08/2011 20:50:09] /a 5
[08/08/2011 20:50:10] /a 5
[08/08/2011 20:50:11] /a 5
[08/08/2011 20:50:12] /a 5
[08/08/2011 20:50:13] /a 5
[08/08/2011 20:50:13] /a 5
[08/08/2011 20:50:13] /a 5
[08/08/2011 20:50:14] /a 5
[08/08/2011 20:50:14] /a 5
[08/08/2011 20:50:15] /a 5
[08/08/2011 20:50:16] /a 5
[08/08/2011 20:50:16] /a 5
[08/08/2011 20:50:32] /goto carlos
[08/08/2011 20:51:01] /goto shinakura sashira
[08/08/2011 20:52:50] /goto [cm]mero mero mei
[08/08/2011 20:53:08] /goto cogumelo azuis
[08/08/2011 20:53:23] /goto Cogumelos Azuis
[08/08/2011 20:53:55] /m tentacruel s
[08/08/2011 20:54:27] /m caterpie s
[08/08/2011 20:54:27] /m caterpie s
[08/08/2011 20:57:33] /goto fumagalli
[08/08/2011 20:57:51] /goto fumagalli
[08/08/2011 20:58:47] /goto dypsi
[08/08/2011 21:03:02] /s pidgeot s
[08/08/2011 21:05:09] /info Cogumelo Azuis
[08/08/2011 21:05:17] /info Cogumelos Azuis
[08/08/2011 21:06:04] /goto Cogumelos Azuis
[08/08/2011 21:07:24] /goto bieell
[08/08/2011 21:07:43] /goto bieell
[08/08/2011 21:08:39] /goto Cogumelo Azauis
[08/08/2011 21:08:50] /goto Cogumelos Azuis
[08/08/2011 21:10:12] /m gyarados s
[08/08/2011 21:11:09] /i mater ball
[08/08/2011 21:11:19] /goto dypsi
[08/08/2011 21:14:16] /r
[08/08/2011 21:14:56] /s caterpie s
[08/08/2011 21:15:56] /c dypsi
[08/08/2011 21:17:31] /a 2
[08/08/2011 21:21:19] /s poliwag s
[08/08/2011 21:21:35] /r
[08/08/2011 21:21:44] /i 1251
[08/08/2011 21:22:26] /a 2
[08/08/2011 21:23:51] /s fearow
[08/08/2011 21:27:44] /goto the reullez
[08/08/2011 21:30:25] /a 
[08/08/2011 21:34:07] /goto dypsi
[08/08/2011 21:34:45] /a 
[08/08/2011 21:36:19] /goto hardcore denzeru
[08/08/2011 21:36:52] /a 
[08/08/2011 21:36:55] /a 
[08/08/2011 21:37:03] /m shiny magikarp s
[08/08/2011 21:37:33] /m shiny magikarp s
[08/08/2011 21:37:59] /goto mist
[08/08/2011 21:38:04] /goto misty
[08/08/2011 21:38:05] /goto misty
[08/08/2011 21:38:15] /goto hardcore denzeru
[08/08/2011 21:38:27] /goto luthz
[08/08/2011 21:38:34] /t
[08/08/2011 21:45:49] /goto morttt
[08/08/2011 21:45:51] /goto mortet
[08/08/2011 21:45:52] /goto mortett
[08/08/2011 21:47:33] /goto biah
[08/08/2011 21:47:46] /goto rise against
[08/08/2011 21:48:20] /goto meso
[08/08/2011 21:48:32] /goto sexy trainer
[08/08/2011 21:48:49] /goto seila
[08/08/2011 21:48:50] /goto sei la
[08/08/2011 21:49:12] /town 6
[08/08/2011 21:49:16] /goto shakals
[08/08/2011 21:49:32] /town 10
[08/08/2011 21:49:33] /town 12
[08/08/2011 21:49:35] /town 22
[08/08/2011 21:49:36] /town 2
[08/08/2011 21:52:12] /goto gothic
[08/08/2011 21:52:20] /t
[08/08/2011 22:06:44] /a 3
[08/08/2011 22:17:35] /goto aladar
[08/08/2011 22:18:05] /goto okaya?
[08/08/2011 22:18:06] /goto okaya
[08/08/2011 22:18:19] /goto biah
[08/08/2011 22:20:36] /goto okaya
[08/08/2011 22:21:03] /goto fimose
[08/08/2011 22:21:55] /goto fimose
[08/08/2011 22:27:48] /i dead elder charizard
[08/08/2011 22:28:28] /s caterpie s
[08/08/2011 22:28:30] /a 2
[08/08/2011 22:28:32] /a 2
[08/08/2011 22:28:32] /a 2
[08/08/2011 22:28:32] /a 2
[08/08/2011 22:28:33] /a 2
[08/08/2011 22:28:34] /a 2
[08/08/2011 22:28:34] /a 2
[08/08/2011 22:28:34] /a 2
[08/08/2011 22:28:34] /a 2
[08/08/2011 22:28:35] /a 2
[08/08/2011 22:28:35] /a 2
[08/08/2011 22:28:35] /a 2
[08/08/2011 22:28:35] /a 2
[08/08/2011 22:28:36] /a 2
[08/08/2011 22:28:36] /a 2
[08/08/2011 22:28:38] /a 2
[08/08/2011 22:28:39] /a 2
[08/08/2011 22:28:39] /a 2
[08/08/2011 22:28:40] /a 2
[08/08/2011 22:28:40] /a 2
[08/08/2011 22:28:40] /a 2
[08/08/2011 22:28:46] /m elder charizard
[09/08/2011 12:32:02] /goto [kpdo]cater
[09/08/2011 12:56:48] /goto [kpdo]cater
[09/08/2011 12:56:50] /goto [kpdo]cater
[09/08/2011 12:57:07] /goto dypsi
[09/08/2011 13:14:02] /cliport
[09/08/2011 13:37:17] /save
[09/08/2011 13:39:57] /goto fimose
[09/08/2011 13:40:22] /goto bravo
[09/08/2011 13:41:21] /t
[09/08/2011 13:41:44] /goto [kpdo]cater
[09/08/2011 14:31:08] /town 2
[09/08/2011 14:31:08] /town 3
[09/08/2011 14:31:11] /town 4
[09/08/2011 14:31:12] /town 5
[09/08/2011 14:31:13] /town 6
[09/08/2011 14:31:14] /town 7
[09/08/2011 14:31:15] /town 8
[09/08/2011 14:31:16] /town 7
[09/08/2011 14:31:26] /c Soldarken ss
[09/08/2011 14:31:27] /c Soldarkenss
[09/08/2011 14:31:48] /c Soldarkness
[09/08/2011 14:32:00] /goto Soldarkness
[09/08/2011 14:32:04] /goto Soldarkness
[09/08/2011 14:32:30] /goto Soldarkness
[09/08/2011 14:32:33] /goto Soldarkness
[09/08/2011 14:32:59] /a 5
[09/08/2011 14:33:03] /a 5
[09/08/2011 14:33:06] /a 5
[09/08/2011 14:33:14] /a 2
[09/08/2011 14:33:30] /a 2
[09/08/2011 14:33:32] /a 2
[09/08/2011 14:33:40] /goto Soldarkness
[09/08/2011 14:35:17] /i
[09/08/2011 14:35:20] /cp
[09/08/2011 14:38:31] /m machamp s
[09/08/2011 14:38:39] /r
[09/08/2011 14:38:40] /r
[09/08/2011 14:38:45] /n nurse
[09/08/2011 14:38:50] /r
[09/08/2011 14:43:47] /town 3
[09/08/2011 14:43:48] /town 4
[09/08/2011 14:43:49] /town 5
[09/08/2011 14:43:50] /town 6
[09/08/2011 14:43:51] /town 7
[09/08/2011 14:43:59] /m machamp s
[09/08/2011 14:44:25] /cliport
[09/08/2011 14:47:00] /m machamp s
[09/08/2011 14:47:29] /m machamp
[09/08/2011 14:47:37] /m machamp s
[09/08/2011 14:47:46] /m machamp s
[09/08/2011 14:47:46] /m machamp s
[09/08/2011 14:47:46] /m machamp s
[09/08/2011 14:47:47] /m machamp s
[09/08/2011 14:48:13] /r
[09/08/2011 14:48:15] /r
[09/08/2011 14:50:08] /m machamp s
[09/08/2011 14:50:14] /m machamp s
[09/08/2011 14:50:15] /m machamp s
[09/08/2011 14:50:32] /a 5
[09/08/2011 14:55:36] /c magellan
[09/08/2011 14:58:22] /goto legend handmet
[09/08/2011 14:58:24] /goto legend handmet
[09/08/2011 14:58:42] /a 2
[09/08/2011 14:59:46] /a 2
[09/08/2011 14:59:47] /a 2
[09/08/2011 14:59:48] /a 2
[09/08/2011 14:59:48] /a 2
[09/08/2011 14:59:48] /a 2
[09/08/2011 14:59:50] /a 2
[09/08/2011 14:59:54] /t
[09/08/2011 14:59:58] /a 50
[09/08/2011 15:00:02] /m shiny pidgeo
[09/08/2011 15:00:03] /m shiny pidgeot s
[09/08/2011 15:00:35] /t
[09/08/2011 15:02:08] /goto anjo crow
[09/08/2011 15:03:39] /t
[09/08/2011 15:03:56] /a 2
[09/08/2011 15:05:54] /goto soldarkness
[09/08/2011 15:06:48] /goto hluszy
[09/08/2011 15:06:53] /goto Glypszy
[09/08/2011 15:06:58] /goto Glupszy
[09/08/2011 15:08:32] /goto surge
[09/08/2011 15:08:34] /a 5
[09/08/2011 15:08:37] /a 2
[09/08/2011 15:09:16] /c Glupszy
[09/08/2011 15:19:22] /town 3
[09/08/2011 15:19:23] /town 4
[09/08/2011 15:19:24] /town 5
[09/08/2011 15:19:26] /town 6
[09/08/2011 15:19:28] /town 7
[09/08/2011 15:19:33] /town 9
[09/08/2011 15:19:36] /town 8
[09/08/2011 15:19:49] /town 1
[09/08/2011 15:19:52] /town 2
[09/08/2011 15:20:04] /town Cerulean
[09/08/2011 15:20:57] /c Glupszy
[09/08/2011 15:21:40] /goto glupszy
[09/08/2011 15:24:42] /goto [kpdo]cater
[09/08/2011 15:25:37] /goto [kpdo]cater
[09/08/2011 15:28:23] /s golbat s
[09/08/2011 15:30:06] /t
[09/08/2011 15:34:40] /goto fimoso
[09/08/2011 15:34:48] /goto fimose
[09/08/2011 15:34:56] /goto fimose
[09/08/2011 15:35:01] /goto Fimos
[09/08/2011 15:35:02] /goto Fimose
[09/08/2011 15:36:41] /t
[09/08/2011 15:36:47] /goto [kpdo]cater
[09/08/2011 15:37:58] /goto porygon
[09/08/2011 15:38:01] /town 2
[09/08/2011 15:38:02] /town 2
[09/08/2011 15:38:03] /town 3
[09/08/2011 15:38:04] /town 4
[09/08/2011 15:38:04] /town 5
[09/08/2011 15:38:05] /town 6
[09/08/2011 15:38:06] /town 7
[09/08/2011 15:38:07] /town 8
[09/08/2011 15:38:08] /town 9
[09/08/2011 15:38:10] /town 10
[09/08/2011 15:38:12] /town 8
[09/08/2011 15:38:14] /town 9
[09/08/2011 15:38:18] /town 4
[09/08/2011 15:38:23] /town 6
[09/08/2011 15:39:24] /goto hitmonlee
[09/08/2011 15:39:27] /town 3
[09/08/2011 15:40:04] /cliport
[09/08/2011 15:40:09] /c [kpdo]cater
[09/08/2011 15:40:36] /a 2
[09/08/2011 15:40:54] /a 1
[09/08/2011 15:40:56] /a 2
[09/08/2011 15:43:58] /goto [kpdo]cater
[09/08/2011 15:44:15] /goto [kpdo]cater
[09/08/2011 15:50:48] /goto [kpdo]cater
[09/08/2011 15:52:17] /a 2
[09/08/2011 15:53:16] /t
[09/08/2011 16:16:34] /goto machamp
[09/08/2011 16:16:37] /goto afterlife
[09/08/2011 16:17:41] /t
[09/08/2011 17:40:40] /cliport
[09/08/2011 17:41:11] /t
[09/08/2011 17:41:18] /t
[09/08/2011 17:42:02] /t
[09/08/2011 17:42:05] /a 2
[09/08/2011 17:42:08] /a 5
[09/08/2011 17:42:10] /a 8
[09/08/2011 17:42:47] /t
[09/08/2011 17:42:50] /a 10
[09/08/2011 17:43:14] /t
[09/08/2011 17:43:16] /a 10
[09/08/2011 17:43:21] /t
[09/08/2011 17:43:23] /a 10
[09/08/2011 17:43:44] /t
[09/08/2011 17:43:49] /a 10
[09/08/2011 17:45:07] /t
[09/08/2011 17:45:09] /a 10
[09/08/2011 17:47:10] /a 2
[09/08/2011 17:48:31] /r
[09/08/2011 17:50:03] /r
[09/08/2011 17:52:28] /a 3
[09/08/2011 17:52:54] /a 3
[09/08/2011 17:53:07] /a 2
[09/08/2011 17:54:51] /m Squirtle s
[09/08/2011 17:55:11] /m Wartortle s
[09/08/2011 17:55:29] /m blastoise s
[09/08/2011 18:12:20] /goto magnemite
[09/08/2011 18:12:25] /goto raichu
[09/08/2011 18:12:42] /goto magneton
[09/08/2011 18:12:58] /t
[09/08/2011 18:13:31] /i barrel
[09/08/2011 18:13:39] /town 6
[09/08/2011 18:13:41] /town 9
[09/08/2011 18:13:43] /town 2
[09/08/2011 18:13:46] /goto magneton
[09/08/2011 18:14:27] /goto legend handmet
[09/08/2011 18:14:48] /goto cogumelos azuis
[09/08/2011 18:17:24] /s caterpie s
[09/08/2011 18:17:25] /s caterpie s
[09/08/2011 18:17:25] /s caterpie s
[09/08/2011 18:18:03] /town 4
[09/08/2011 18:18:04] /town 5
[09/08/2011 18:18:05] /town 6
[09/08/2011 18:18:06] /town 7
[09/08/2011 18:18:07] /town 8
[09/08/2011 18:18:08] /town 7
[09/08/2011 18:19:56] /a 5
[09/08/2011 18:19:57] /a 5
[09/08/2011 18:19:57] /a 5
[09/08/2011 18:19:57] /a 5
[09/08/2011 18:19:58] /a 5
[09/08/2011 18:19:58] /a 5
[09/08/2011 18:19:58] /a 5
[09/08/2011 18:19:58] /a 5
[09/08/2011 18:19:59] /a 5
[09/08/2011 18:20:00] /a 5
[09/08/2011 18:20:04] /s caterpie s
[09/08/2011 18:20:05] /s caterpie s
[09/08/2011 18:20:05] /s caterpie s
[09/08/2011 18:20:05] /s caterpie s
[09/08/2011 18:20:07] /s caterpie sm2
[09/08/2011 18:20:31] /m pidgeot s
[09/08/2011 18:20:55] /m pidgeot s
[09/08/2011 18:20:55] /m pidgeot s
[09/08/2011 18:20:58] /r
[09/08/2011 18:20:59] /r
[09/08/2011 18:21:00] /r
[09/08/2011 18:21:01] /r
[09/08/2011 18:21:06] /r
[09/08/2011 18:21:17] /town 11
[09/08/2011 18:21:19] /a 2
[09/08/2011 18:21:20] /a 2
[09/08/2011 18:21:20] /a 2
[09/08/2011 18:21:20] /a 2
[09/08/2011 18:21:21] /a 2
[09/08/2011 18:21:21] /a 2
[09/08/2011 18:21:32] /m pidgeot s
[09/08/2011 18:21:33] /m pidgeot s
[09/08/2011 18:21:36] /s mewtwo s
[09/08/2011 18:21:36] /s mewtwo s
[09/08/2011 18:22:01] /m pidgeot s
[09/08/2011 18:22:02] /m pidgeot s
[09/08/2011 18:22:02] /m pidgeot s
[09/08/2011 18:22:03] /m pidgeot s
[09/08/2011 18:22:03] /m pidgeot s
[09/08/2011 18:22:58] /n mark
[09/08/2011 18:24:19] /town 10
[09/08/2011 18:24:20] /town 11
[09/08/2011 18:24:22] /town 12
[09/08/2011 18:24:23] /town 2
[09/08/2011 18:24:23] /town 3
[09/08/2011 18:24:25] /town 4
[09/08/2011 18:24:26] /town 5
[09/08/2011 18:24:27] /town 6
[09/08/2011 18:24:28] /town 7
[09/08/2011 18:24:40] /town 10
[09/08/2011 18:24:40] /town 12
[09/08/2011 18:24:42] /town 2
[09/08/2011 18:26:48] /t
[09/08/2011 18:33:25] /bc white 
[09/08/2011 18:33:27] /bc white .
[09/08/2011 18:36:42] /goto kay qii
[09/08/2011 18:36:46] /goto katy qii
[09/08/2011 18:40:04] /t
[09/08/2011 18:40:30] /goto soldarkness
[09/08/2011 18:41:05] /goto joaozinn
[09/08/2011 18:41:28] /goto Tiina Psychoo
[09/08/2011 18:41:50] /goto Kay Qii
[09/08/2011 18:41:55] /goto Katy Qii
[09/08/2011 18:42:12] /goto legend handmet
[09/08/2011 18:42:15] /goto legend handmet
[09/08/2011 18:42:35] /goto bezeka
[09/08/2011 18:43:22] /goto fimose
[09/08/2011 18:44:51] /goto santi
[09/08/2011 18:45:07] /goto Dexter
[09/08/2011 18:45:20] /goto dexter
[09/08/2011 18:46:15] /goto grob
[09/08/2011 18:46:41] /goto Coldkross
[09/08/2011 18:47:16] /goto Leozica Fyre
[09/08/2011 18:47:41] /goto Treiner de zard
[09/08/2011 18:48:48] /a 2
[09/08/2011 18:49:29] /c vitrola
[09/08/2011 18:49:44] /info vitorla
[09/08/2011 18:49:50] /info Vitrola
[09/08/2011 18:49:52] /info Vitrola
[09/08/2011 18:51:00] /info Vitrola
[09/08/2011 18:52:21] /a 2
[09/08/2011 18:52:23] /a 2
[09/08/2011 18:53:18] /goto sirius black
[09/08/2011 18:53:36] /c dypsi
[09/08/2011 18:53:59] /a 5
[09/08/2011 18:54:25] /c katy qii
[09/08/2011 18:55:06] /info Waka waka
[09/08/2011 18:55:17] /info Waka waka
[09/08/2011 18:56:37] /goto okaya
[09/08/2011 18:57:45] /town 2
[09/08/2011 18:57:48] /c okaya
[09/08/2011 18:57:53] /goto flay
[09/08/2011 18:58:16] /goto dypsi
[09/08/2011 18:58:17] /c flay
[09/08/2011 18:58:20] /c cogumelos azuis
[09/08/2011 19:00:08] /c swaat owna
[09/08/2011 19:00:19] /c sei la
[09/08/2011 19:01:40] /c lukinhasz
[09/08/2011 19:01:48] /c ash ketchup
[09/08/2011 19:01:55] /c ash katchup
[09/08/2011 19:02:18] /c okaya
[09/08/2011 19:02:57] /a 5
[09/08/2011 19:03:42] /a 5
[09/08/2011 19:03:43] /a 5
[09/08/2011 19:03:51] /a 5
[09/08/2011 19:07:44] /info Dexter
[09/08/2011 19:07:54] /info Flay
[09/08/2011 19:08:01] /c flay
[09/08/2011 19:08:20] /info Lukinhasz
[09/08/2011 19:08:29] /info Lord Gustavoo
[09/08/2011 19:08:32] /c Lord Gustavoo
[09/08/2011 19:09:02] /y 10
[09/08/2011 19:09:05] /y 9
[09/08/2011 19:09:08] /y 8
[09/08/2011 19:11:09] /i
[09/08/2011 19:12:51] /i
[09/08/2011 19:17:40] /info Joaozinn
[09/08/2011 19:17:50] /info Sirius Black
[09/08/2011 19:17:57] /info Sirius Black
[09/08/2011 19:17:59] /info Sirius Black
[09/08/2011 19:18:00] /info Sirius Black
[09/08/2011 19:18:31] /info Ash Katchup
[09/08/2011 19:18:36] /info Sei La
[09/08/2011 19:18:41] /info Santi
[09/08/2011 19:19:08] /c santi
[09/08/2011 19:19:13] /c sei la
[09/08/2011 19:19:18] /info sei la
[09/08/2011 19:19:27] /info Joaozinn
[09/08/2011 19:19:37] /info Golen
[09/08/2011 19:20:24] /info Lor d Gustavoo
[09/08/2011 19:20:26] /info Lor d Gustavooo
[09/08/2011 19:20:27] /info Lor d Gustavoo
[09/08/2011 19:21:58] /y 5
[09/08/2011 19:21:59] /y 4
[09/08/2011 19:22:01] /y 3
[09/08/2011 19:22:02] /y 2
[09/08/2011 19:22:03] /y 1
[09/08/2011 19:22:04] /y 0
[09/08/2011 19:28:13] /info Sei la
[09/08/2011 19:28:17] /info Sei la
[09/08/2011 19:28:24] /info Cogumelos Azuis
[09/08/2011 19:28:29] /info Dypsi
[09/08/2011 19:29:54] /info Tiina Psychoo
[09/08/2011 19:31:30] /y 3
[09/08/2011 19:31:31] /y 2
[09/08/2011 19:31:33] /y 1
[09/08/2011 19:32:20] /r
[09/08/2011 19:32:21] /r
[09/08/2011 19:32:22] /r
[09/08/2011 19:32:23] /r
[09/08/2011 19:32:31] /c dypsii
[09/08/2011 19:32:33] /c dypsi
[09/08/2011 19:32:40] /c legend handmet
[09/08/2011 19:32:44] /c cogumelos azuis
[09/08/2011 19:32:49] /c tiina psychoo
[09/08/2011 19:32:57] /y 3
[09/08/2011 19:32:59] /y 2
[09/08/2011 19:33:01] /y 1
[09/08/2011 19:33:27] /mode 3
[09/08/2011 19:33:29] /mode 2
[09/08/2011 19:33:36] /mode 1
[09/08/2011 19:34:18] /town 2
[09/08/2011 19:34:20] /town 3
[09/08/2011 19:34:21] /town 4
[09/08/2011 19:34:23] /town 5
[09/08/2011 19:34:25] /town 6
[09/08/2011 19:34:26] /town 4
[09/08/2011 19:34:27] /town 2
[09/08/2011 19:34:29] /town 10
[09/08/2011 19:34:58] /a 5
[09/08/2011 19:35:12] /c dypsi
[09/08/2011 19:35:19] /c legend of handmet
[09/08/2011 19:35:24] /c Tiina Psychoo
[09/08/2011 19:35:30] /c Cogumelos Azuis
[09/08/2011 19:35:35] /c Tiina Psychoo
[09/08/2011 19:35:56] /c Legend Handmet
[09/08/2011 19:35:59] /t Legend Handmet
[09/08/2011 19:36:01] /t dypsi
[09/08/2011 19:36:03] /t cogumelos azuis
[09/08/2011 19:36:12] /t tiina psychoo
[09/08/2011 19:36:27] /c legend handmet
[09/08/2011 19:36:30] /c cogulemlos azuis
[09/08/2011 19:36:35] /c Cogumelos Azuis
[09/08/2011 19:36:47] /c dypsi
[09/08/2011 19:36:54] /c Cogumelos Azuis
[09/08/2011 19:36:58] /c Tiina Psychoo
[09/08/2011 19:37:40] /info Joaozinn
[09/08/2011 19:37:44] /info Joaozinn
[09/08/2011 19:37:48] /info Tiina Psychoo
[09/08/2011 19:37:50] /info Tiina Psychoo
[09/08/2011 19:38:02] /info Legend Handmet
[09/08/2011 19:38:07] /info Fimose
[09/08/2011 19:38:16] /info Lucera Fyre
[09/08/2011 19:38:26] /info Santi
[09/08/2011 19:38:33] /info Dexter
[09/08/2011 19:38:43] /info Coldkross
[09/08/2011 19:38:52] /info Leozica Fyre
[09/08/2011 19:39:32] /info the Rullez
[09/08/2011 19:39:34] /info the Rullez
[09/08/2011 19:39:46] /info the Rullez
[09/08/2011 19:40:13] /info dypsi
[09/08/2011 19:40:22] /info dypsi
[09/08/2011 19:40:27] /t dypsi
[09/08/2011 19:40:50] /c dypsi
[09/08/2011 19:42:50] /mode 2
[09/08/2011 19:42:56] /mode 3
[09/08/2011 19:43:56] /t
[09/08/2011 19:44:09] /c dypsi
[09/08/2011 19:44:14] /c Legend Handmet
[09/08/2011 19:44:20] /c Legend Handmet
[09/08/2011 19:44:23] /c Tiina Psychoo
[09/08/2011 19:44:48] /mode 2
[09/08/2011 19:44:50] /mode 23
[09/08/2011 19:44:51] /mode 1
[09/08/2011 19:45:06] /r
[09/08/2011 19:45:47] /ghost
[09/08/2011 19:45:49] /ghost
[09/08/2011 19:46:37] /c tiina psychoo
[09/08/2011 19:46:43] /c dypsi
[09/08/2011 19:47:09] /c cogumelos azuis
[09/08/2011 19:47:16] /c Legend Handmet
[09/08/2011 19:47:37] /a 2
[09/08/2011 19:47:38] /r
[09/08/2011 19:47:40] /r
[09/08/2011 19:47:44] /r
[09/08/2011 19:47:45] /r
[09/08/2011 19:49:39] /a 2
[09/08/2011 19:49:40] /a 2
[09/08/2011 19:49:47] /a 3
[09/08/2011 19:50:07] /a 2
[09/08/2011 19:55:25] /a 3
[09/08/2011 19:55:37] /goto sei la
[09/08/2011 19:55:38] /a 2
[09/08/2011 19:55:40] /a 2
[09/08/2011 19:55:40] /a 2
[09/08/2011 19:55:40] /a 2
[09/08/2011 19:55:42] /a 2
[09/08/2011 19:56:03] /goto ono
[09/08/2011 20:13:34] /t
[09/08/2011 20:13:56] /goto santi
[09/08/2011 20:14:45] /goto norris
[09/08/2011 20:14:54] /a 2
[09/08/2011 20:14:55] /a 2
[09/08/2011 20:14:55] /a 2
[09/08/2011 20:14:55] /a 2
[09/08/2011 20:14:56] /a 2
[09/08/2011 20:14:56] /a 2
[09/08/2011 20:14:56] /a 2
[09/08/2011 20:14:56] /a 2
[09/08/2011 20:14:57] /a 2
[09/08/2011 20:14:57] /a 2
[09/08/2011 20:14:57] /a 2
[09/08/2011 20:14:57] /a 2
[09/08/2011 20:14:58] /a 2
[09/08/2011 20:14:58] /a 2
[09/08/2011 20:14:58] /a 2
[09/08/2011 20:14:59] /a 2
[09/08/2011 20:14:59] /a 2
[09/08/2011 20:14:59] /a 2
[09/08/2011 20:15:00] /a 2
[09/08/2011 20:15:00] /a 2
[09/08/2011 20:15:00] /a 2
[09/08/2011 20:15:00] /a 2
[09/08/2011 20:15:01] /a 2
[09/08/2011 20:15:01] /a 2
[09/08/2011 20:15:01] /a 2
[09/08/2011 20:15:01] /a 2
[09/08/2011 20:15:02] /a 2
[09/08/2011 20:15:02] /a 2
[09/08/2011 20:15:13] /c anjo crow
[09/08/2011 20:15:31] /a 2
[09/08/2011 20:15:31] /a 2
[09/08/2011 20:17:03] /mut
[09/08/2011 20:17:09] /ban
[09/08/2011 20:17:15] /tutor [kpdo]Porai,1
[09/08/2011 20:17:20] /ban
[09/08/2011 20:17:32] /ban Sei La
[09/08/2011 20:17:35] /ban Sei La,1
[09/08/2011 20:18:46] /goto sei la
[09/08/2011 20:21:24] /mode 1
[09/08/2011 20:21:26] /mode 2
[09/08/2011 20:21:27] /mode 3
[09/08/2011 20:23:38] /goto Joaozinn
[09/08/2011 20:23:43] /goto Tiina Psychoo
[09/08/2011 20:25:07] /goto okaya
[09/08/2011 20:28:30] /a 
[10/08/2011 13:07:10] /goto meso
[10/08/2011 13:12:33] /goto quiejo
[10/08/2011 13:12:37] /goto queijo
[10/08/2011 13:13:24] /goto electabuzz
[10/08/2011 13:13:29] /s caterpie s
[10/08/2011 13:13:44] /mode 1
[10/08/2011 13:13:47] /mode 2
[10/08/2011 13:13:51] /mode 3
[10/08/2011 13:14:08] /goto queijo
[10/08/2011 13:15:03] /mode 
[10/08/2011 13:15:05] /mode 1
[10/08/2011 13:15:08] /mode 0
[10/08/2011 13:15:09] /mode 2
[10/08/2011 13:15:12] /mode 3
[10/08/2011 13:19:45] /closeserver
[10/08/2011 13:19:54] /openserver
[10/08/2011 13:21:53] /goto [kpdo]cater
[10/08/2011 13:22:45] /cliport
[10/08/2011 13:22:48] /cliport
[10/08/2011 13:23:02] /goto meso
[10/08/2011 13:23:43] /c tonemais
[10/08/2011 13:24:21] /reload
[10/08/2011 13:25:21] /goto tonemais
[10/08/2011 13:25:26] /goto [kpdo]cater
[10/08/2011 13:25:48] /goto tonemais
[10/08/2011 13:26:40] /cliport
[10/08/2011 13:32:19] /c tonemais
[10/08/2011 13:32:32] /m diglett s
[10/08/2011 14:35:59] /goto [kpdo]cater
[10/08/2011 14:50:04] /r
[10/08/2011 14:50:07] /goto [kpdo]cater
[10/08/2011 14:52:07] /goto [kpdo]cater
[10/08/2011 14:54:16] /t
[10/08/2011 14:54:18] /town 11
[10/08/2011 14:54:22] /ghost
[10/08/2011 14:54:23] /t
[10/08/2011 15:03:39] /cliport
[10/08/2011 15:04:23] /t
[10/08/2011 15:05:04] /a 3
[10/08/2011 15:05:06] /a 3
[10/08/2011 15:10:55] /a 2
[10/08/2011 15:10:56] /a 2
[10/08/2011 15:11:27] /a 2
[10/08/2011 15:11:28] /a 2
[10/08/2011 15:11:28] /a 2
[10/08/2011 15:11:29] /a 2
[10/08/2011 15:11:29] /a 2
[10/08/2011 15:15:43] /goto dypsi
[10/08/2011 15:17:19] /goto [kpdo]cater
[10/08/2011 15:18:07] /goto dypsi
[10/08/2011 15:18:16] /goto frajola
[10/08/2011 15:18:18] /t
[10/08/2011 15:19:06] /goto dypsi
[10/08/2011 15:19:18] /t
[10/08/2011 15:19:45] /goto [kpdo]cater
[10/08/2011 15:25:40] /r
[10/08/2011 15:25:56] /town 2
[10/08/2011 15:26:05] /goto [cm]mero mero mei
[10/08/2011 15:26:08] /goto [cm]mero mero mei
[10/08/2011 15:28:37] /a 3
[10/08/2011 15:28:40] /a 3
[10/08/2011 15:28:49] /a 
[10/08/2011 15:28:52] /a 3
[10/08/2011 15:28:53] /a 3
[10/08/2011 15:28:55] /a 3
[10/08/2011 15:28:56] /a 3
[10/08/2011 15:28:56] /a 3
[10/08/2011 15:28:57] /a 3
[10/08/2011 15:28:57] /a 3
[10/08/2011 15:29:24] /a 3
[10/08/2011 15:29:25] /a 3
[10/08/2011 15:29:27] /a 3
[10/08/2011 15:29:31] /a 3
[10/08/2011 15:29:32] /a 3
[10/08/2011 15:29:33] /a 3
[10/08/2011 15:29:33] /a 3
[10/08/2011 15:29:34] /a 3
[10/08/2011 15:29:35] /a 3
[10/08/2011 15:29:38] /a 3
[10/08/2011 15:29:39] /a 3
[10/08/2011 15:29:40] /a 3
[10/08/2011 15:36:01] /goto beatrizzs
[10/08/2011 15:36:10] /goto Beatriiz
[10/08/2011 15:36:12] /goto Beatriizs
[10/08/2011 15:36:46] /ghost
[10/08/2011 15:37:03] /t
[10/08/2011 15:37:11] /goto Beatriizs
[10/08/2011 15:37:24] /goto Beatriizs
[10/08/2011 15:37:36] /goto Beatriizs
[10/08/2011 15:37:42] /c Beatriizs
[10/08/2011 15:47:23] /goto Beatriizs
[10/08/2011 15:47:35] /goto Beatriizs
[10/08/2011 15:53:24] /m growlithe s
[10/08/2011 15:54:12] /r
[10/08/2011 15:54:20] /r
[10/08/2011 15:55:11] /r
[10/08/2011 15:55:14] /s pikachu
[10/08/2011 15:55:23] /r
[10/08/2011 15:59:04] /r
[10/08/2011 15:59:18] /goto [cm]mero mero mei
[10/08/2011 16:01:25] /goto Beatrissz
[10/08/2011 16:01:27] /goto Beatrizss
[10/08/2011 16:06:21] /r
[10/08/2011 16:06:24] /t
[10/08/2011 16:07:47] /goto pokemon collector
[10/08/2011 16:10:21] /a 2
[10/08/2011 16:11:49] /i hundred dollar
[10/08/2011 16:12:05] /goto [kpdo]cater
[10/08/2011 16:14:27] /goto [kpdo]cater
[10/08/2011 16:15:00] /goto pokemon collector
[10/08/2011 16:26:18] /goto [cm]mero mero mei
[10/08/2011 16:26:50] /t
[11/08/2011 13:03:40] /goto [kpdo]cater
[12/08/2011 17:49:12] /t
[12/08/2011 17:50:02] /cp
[12/08/2011 17:50:42] /i
[12/08/2011 17:51:27] /goto dypsi
[12/08/2011 17:54:19] /a 5
[12/08/2011 17:54:22] /a 5
[12/08/2011 17:54:22] /a 5
[12/08/2011 17:54:30] /a 10
[12/08/2011 17:54:33] /a 10
[12/08/2011 17:54:45] /a 10
[12/08/2011 17:54:47] /a 10
[12/08/2011 17:54:58] /a 10
[12/08/2011 17:55:01] /a 10
[12/08/2011 17:55:11] /a 10
[12/08/2011 17:55:13] /a 10
[12/08/2011 17:56:46] /goto [kpdo]cater
[12/08/2011 17:57:56] /t
[27/08/2011 23:03:30] /ghost
[27/08/2011 23:03:32] /t
[27/08/2011 23:03:34] /a 5
[27/08/2011 23:03:49] /cp
[27/08/2011 23:04:15] /a 5
[27/08/2011 23:04:16] /a 5
[27/08/2011 23:04:17] /a 5
[27/08/2011 23:04:19] /a 5
