[02/09/2011 01:02:20] /goto Tiina Psychoo
[02/09/2011 01:04:02] /goto vaporeon
[02/09/2011 01:04:21] /c Tiina Psychoo
[02/09/2011 01:04:52] /goto ditto
[02/09/2011 01:05:03] /s ditto
[02/09/2011 01:08:54] /goto flareon
[02/09/2011 01:09:12] /s golem
[02/09/2011 01:09:46] /t
[02/09/2011 01:10:01] /c Tiina Psychoo
[02/09/2011 01:11:22] /s golem
[02/09/2011 01:15:13] /s shiny dragonite
[02/09/2011 01:15:57] /s red gyarados
[02/09/2011 01:16:03] /s red gyarados
[02/09/2011 01:16:31] /s Red Gyarados
[02/09/2011 01:16:40] /s ShinyGyarados
[02/09/2011 01:16:42] /s Shiny Gyarados
[02/09/2011 01:22:40] /s shiny pikachu
[02/09/2011 01:23:25] /goto magellan
[02/09/2011 01:23:42] /s shiny dragonite
[02/09/2011 01:23:51] /goto magellan
[02/09/2011 01:24:04] /s shiny dragonite
[02/09/2011 01:24:13] /goto Magellan:
[02/09/2011 01:24:14] /goto Magellan
[02/09/2011 01:24:17] /goto Magellan
[02/09/2011 01:24:18] /goto Magellan
[02/09/2011 01:24:20] /goto Magellan
[02/09/2011 01:24:22] /goto Magellan
[02/09/2011 01:24:24] /goto Magellan
[02/09/2011 01:24:26] /goto Magellan
[02/09/2011 01:24:28] /goto Magellan
[02/09/2011 01:24:30] /goto Magellan
[02/09/2011 01:24:31] /goto Magellan
[02/09/2011 01:24:32] /goto Magellan
[02/09/2011 01:24:33] /goto Magellan
[02/09/2011 01:24:35] /goto Magellan
[02/09/2011 01:24:37] /goto Magellan
[02/09/2011 01:24:39] /goto Magellan
[02/09/2011 01:24:40] /goto Magellan
[02/09/2011 01:24:44] /goto Magellan
[02/09/2011 01:24:48] /goto Magellan
[02/09/2011 01:24:51] /goto Magellan
[02/09/2011 01:24:54] /goto Magellan
[02/09/2011 01:24:56] /goto Magellan
[02/09/2011 01:24:58] /goto Magellan
[02/09/2011 01:25:02] /goto Magellan
[02/09/2011 01:25:07] /goto Magellan
[02/09/2011 01:25:08] /goto Magellan
[02/09/2011 01:25:10] /goto Magellan
[02/09/2011 01:25:11] /goto Magellan
[02/09/2011 01:25:13] /goto Magellan
[02/09/2011 01:25:14] /goto Magellan
[02/09/2011 01:25:15] /goto Magellan
[02/09/2011 01:25:29] /goto Magellan
[02/09/2011 01:25:43] /goto Magellan
[02/09/2011 01:25:45] /goto Magellan
[02/09/2011 01:25:48] /goto Magellan
[02/09/2011 01:25:49] /goto Magellan
[02/09/2011 01:25:51] /goto Magellan
[02/09/2011 01:25:54] /goto Magellan
[02/09/2011 01:26:15] /goto Magellan
[02/09/2011 01:26:21] /goto Magellan
[02/09/2011 01:26:23] /goto Magellan
[02/09/2011 01:26:25] /goto Magellan
[02/09/2011 01:26:27] /goto Magellan
[02/09/2011 01:26:35] /goto Magellan
[02/09/2011 01:26:43] /s golem
[02/09/2011 01:26:46] /goto Magellan
[02/09/2011 01:26:47] /goto Magellan
[02/09/2011 01:26:49] /goto Magellan
[02/09/2011 01:26:51] /goto Magellan
[02/09/2011 01:26:52] /goto Magellan
[02/09/2011 01:26:54] /goto Magellan
[02/09/2011 01:26:55] /goto Magellan
[02/09/2011 01:26:57] /goto Magellan
[02/09/2011 01:26:58] /goto Magellan
[02/09/2011 01:26:59] /goto Magellan
[02/09/2011 01:27:00] /goto Magellan
[02/09/2011 01:27:04] /goto Magellan
[02/09/2011 01:27:16] /goto Magellan
[02/09/2011 01:27:20] /goto Magellan
[02/09/2011 01:27:29] /a 2
[02/09/2011 01:27:32] /a 2
[02/09/2011 01:27:36] /a 5
[02/09/2011 01:27:49] /goto Magellan
[02/09/2011 01:27:52] /a 4
[02/09/2011 01:28:21] /c Magellan
[02/09/2011 01:28:44] /c Magellan
[02/09/2011 01:29:05] /goto Magellan
[02/09/2011 01:29:09] /goto Magellan
[02/09/2011 01:29:25] /goto Magellan
[02/09/2011 01:29:27] /goto Magellan
[02/09/2011 01:29:34] /goto Magellan
[02/09/2011 01:29:36] /goto Magellan
[02/09/2011 01:29:38] /goto Magellan
[02/09/2011 01:29:45] /goto Magellan
[02/09/2011 01:29:46] /goto Magellan
[02/09/2011 01:29:48] /goto Magellan
[02/09/2011 01:29:50] /goto Magellan
[02/09/2011 01:29:53] /goto Magellan
[02/09/2011 01:30:01] /a 8
[02/09/2011 01:30:48] /a 5
[02/09/2011 01:30:56] /a 5
[02/09/2011 01:31:07] /goto Tiina Psychoo
[02/09/2011 01:31:11] /goto Tiina Psychoo
[02/09/2011 01:31:30] /goto Tiina Psychoo
[02/09/2011 01:31:35] /goto Tiina Psychoo
[02/09/2011 01:31:39] /goto Tiina Psychoo
[02/09/2011 01:31:40] /goto Tiina Psychoo
[02/09/2011 01:31:41] /goto Tiina Psychoo
[02/09/2011 01:31:42] /goto Tiina Psychoo
[02/09/2011 01:31:43] /goto Tiina Psychoo
[02/09/2011 01:31:44] /goto Tiina Psychoo
[02/09/2011 01:31:45] /goto Tiina Psychoo
[02/09/2011 01:31:51] /goto Tiina Psychoo
[02/09/2011 01:32:09] /s shiny dragonite
[02/09/2011 01:33:57] /goto magmar
[02/09/2011 01:35:19] /t
[02/09/2011 01:35:25] /goto Tiina Psychoo
[02/09/2011 01:35:30] /goto Tiina Psychoo
[02/09/2011 01:36:28] /goto Tiina Psychoo
[02/09/2011 01:36:30] /goto Tiina Psychoo
[02/09/2011 01:36:55] /s zapdos
[02/09/2011 01:37:48] /s golem
[02/09/2011 01:38:05] /goto Tiina Psychoo
[02/09/2011 01:38:17] /goto Tiina Psychoo
[02/09/2011 01:38:37] /goto Tiina PsychooUASHDIAUS
[02/09/2011 01:39:01] /s shiny dragonite
[02/09/2011 01:40:08] /s shiny dragonite
[02/09/2011 01:41:58] /goto Tiina Psychoo
[02/09/2011 01:43:02] /s golem
[02/09/2011 01:43:15] /s golem
[02/09/2011 01:43:57] /s golem
[02/09/2011 01:44:02] /s golem
[02/09/2011 01:45:17] /goto elder charizard
[02/09/2011 01:45:43] /c Tiina Psychoo
[02/09/2011 01:45:59] /t
[02/09/2011 01:46:03] /c Tiina Psychoo
[02/09/2011 01:47:26] /goto elder charizard
[02/09/2011 01:47:38] /s shiny dragonite
[02/09/2011 01:47:45] /s shiny dragonite
[02/09/2011 01:48:22] /c Tiina Psychoo
[02/09/2011 01:48:43] /s shiny chansey
[02/09/2011 01:48:51] /s shiny wigglytuff
[02/09/2011 01:49:00] /a 10
[02/09/2011 01:49:33] /s shiny wigglytuff
[02/09/2011 01:50:12] /t
[02/09/2011 01:50:35] /goto Tiina Psychoo
[02/09/2011 01:50:42] /s shiny wigglytuff
[02/09/2011 01:50:55] /s shiny wigglytuff
[02/09/2011 01:51:17] /s shiny wigglytuff
[02/09/2011 01:51:28] /s shiny wigglytuff
[02/09/2011 01:54:54] /a 2
[02/09/2011 01:54:55] /a 2
[02/09/2011 01:54:58] /a 2
[02/09/2011 01:55:16] /a 2
[02/09/2011 01:55:18] /a 2
[02/09/2011 01:55:18] /a 2
[02/09/2011 01:55:19] /a 2
[02/09/2011 01:57:51] /t
[02/09/2011 01:59:32] /goto dark abra
[02/09/2011 01:59:37] /goto alakazam
[02/09/2011 01:59:48] /a 2
[02/09/2011 02:01:23] /goto lapras
[02/09/2011 02:01:42] /goto lapras
[02/09/2011 02:02:17] /s shiny dragonite
[02/09/2011 02:02:36] /goto lapras
[02/09/2011 02:02:40] /s shiny dragonite
[02/09/2011 02:02:50] /s shiny dragonite
[02/09/2011 02:02:53] /goto lapras
[02/09/2011 02:02:56] /s shiny dragonite
[02/09/2011 02:03:03] /s shiny dragonite
[02/09/2011 02:03:07] /goto lapras
[02/09/2011 02:03:10] /s shiny dragonite
[02/09/2011 02:03:21] /goto lapras
[02/09/2011 02:03:24] /s shiny dragonite
[02/09/2011 02:03:42] /goto lapras
[02/09/2011 02:03:45] /s shiny dragonite
[02/09/2011 02:04:00] /s shiny dragonite
[02/09/2011 02:04:03] /goto lapras
[02/09/2011 02:04:53] /goto lapras
[02/09/2011 02:04:59] /s shiny dragonite
[02/09/2011 02:05:27] /goto lapras
[02/09/2011 02:05:31] /s shiny dragonite
[02/09/2011 02:05:44] /goto lapras
[02/09/2011 02:05:49] /s shiny dragonite
[02/09/2011 02:06:00] /goto lapras
[02/09/2011 02:06:03] /s shiny dragonite
[02/09/2011 02:06:11] /goto lapras
[02/09/2011 02:06:18] /s shiny dragonite
[02/09/2011 02:06:27] /goto lapras
[02/09/2011 02:06:30] /s shiny dragonite
[02/09/2011 02:06:44] /s shiny dragonite
[02/09/2011 02:06:48] /goto lapras
[02/09/2011 02:06:49] /s shiny dragonite
[02/09/2011 02:06:58] /goto lapras
[02/09/2011 02:07:00] /goto lapras
[02/09/2011 02:07:01] /goto lapras
[02/09/2011 02:07:10] /goto jynx
[02/09/2011 02:07:14] /s shiny dragonite
[02/09/2011 02:07:18] /s shiny dragonite
[02/09/2011 02:07:21] /goto jynx
[02/09/2011 02:07:22] /s shiny dragonite
[02/09/2011 02:07:28] /goto jynx
[02/09/2011 02:07:35] /goto jynx
[02/09/2011 02:07:39] /s shiny dragonite
[02/09/2011 02:07:44] /goto jynx
[02/09/2011 02:07:46] /s shiny dragonite
[02/09/2011 02:07:50] /goto jynx
[02/09/2011 02:07:52] /s shiny dragonite
[02/09/2011 02:08:07] /goto jynx
[02/09/2011 02:08:09] /s shiny dragonite
[02/09/2011 02:08:14] /goto jynx
[02/09/2011 02:08:17] /s shiny dragonite
[02/09/2011 02:08:21] /goto jynx
[02/09/2011 02:08:24] /s shiny dragonite
[02/09/2011 02:08:28] /s shiny dragonite
[02/09/2011 02:08:31] /goto jynx
[02/09/2011 02:08:33] /s shiny dragonite
[02/09/2011 02:08:36] /goto jynx
[02/09/2011 02:08:39] /s shiny dragonite
[02/09/2011 02:08:42] /s shiny dragonite
[02/09/2011 02:08:44] /goto jynx
[02/09/2011 02:08:47] /s shiny dragonite
[02/09/2011 02:09:02] /goto jynx
[02/09/2011 02:09:07] /goto jynx
[02/09/2011 02:09:09] /goto jynx
[02/09/2011 02:09:57] /s shiny dragonite
[02/09/2011 02:10:50] /a 2
[02/09/2011 02:13:01] /goto Tiina Psychoo
[02/09/2011 02:13:02] /goto Tiina Psychoo
[02/09/2011 02:13:09] /goto dragonair
[02/09/2011 02:13:14] /s shiny dragonite
[02/09/2011 02:13:19] /s shiny dragonite
[02/09/2011 02:13:21] /goto dragonair
[02/09/2011 02:13:23] /s shiny dragonite
[02/09/2011 02:13:28] /goto dragonair
[02/09/2011 02:13:32] /goto dragonair
[02/09/2011 02:13:38] /s shiny dragonite
[02/09/2011 02:13:43] /goto dragonair
[02/09/2011 02:13:45] /s shiny dragonite
[02/09/2011 02:13:50] /goto dragonair
[02/09/2011 02:13:55] /goto dragonair
[02/09/2011 02:14:00] /s shiny dragonite
[02/09/2011 02:14:03] /s shiny dragonite
[02/09/2011 02:14:05] /goto dragonair
[02/09/2011 02:14:19] /goto dragonair
[02/09/2011 02:14:24] /goto dragonair
[02/09/2011 02:14:31] /s shiny dragonite
[02/09/2011 02:15:04] /goto dragonair
[02/09/2011 02:15:08] /s shiny dragonite
[02/09/2011 02:15:13] /goto dragonair
[02/09/2011 02:15:22] /a 2
[02/09/2011 02:15:36] /goto dragonair
[02/09/2011 02:15:44] /a 2
[02/09/2011 02:15:45] /a 2
[02/09/2011 02:15:45] /a 2
[02/09/2011 02:15:46] /a 2
[02/09/2011 02:17:18] /a 3
[02/09/2011 02:17:19] /a 3
[02/09/2011 02:17:20] /a 3
[02/09/2011 02:17:20] /a 3
[02/09/2011 02:17:20] /a 3
[02/09/2011 02:17:21] /a 3
[02/09/2011 02:17:21] /a 3
[02/09/2011 02:17:22] /a 3
[02/09/2011 02:17:22] /a 3
[02/09/2011 02:17:23] /a 3
[02/09/2011 02:17:23] /a 3
[02/09/2011 02:17:25] /a 3
[02/09/2011 02:17:25] /a 3
[02/09/2011 02:17:26] /a 3
[02/09/2011 02:17:27] /a 3
[02/09/2011 02:17:27] /a 3
[02/09/2011 02:17:28] /a 3
[02/09/2011 02:17:29] /a 3
[02/09/2011 02:17:29] /a 3
[02/09/2011 02:17:30] /a 3
[02/09/2011 02:17:31] /a 3
[02/09/2011 02:17:31] /a 3
[02/09/2011 02:17:32] /a 3
[02/09/2011 02:17:33] /a 3
[02/09/2011 02:17:33] /a 3
[02/09/2011 02:17:34] /a 3
[02/09/2011 02:17:34] /a 3
[02/09/2011 02:17:34] /a 3
[02/09/2011 02:17:35] /a 3
[02/09/2011 02:17:35] /a 3
[02/09/2011 02:17:36] /a 3
[02/09/2011 02:17:36] /a 3
[02/09/2011 02:17:37] /a 3
[02/09/2011 02:17:38] /a 3
[02/09/2011 02:17:42] /s shiny dragonite
[02/09/2011 02:18:11] /goto Tiina Psychoo
[02/09/2011 02:18:48] /a 2
[02/09/2011 02:19:19] /c Tiina Psychoo
[02/09/2011 02:20:52] /world 1
[02/09/2011 02:33:28] /a 1
[02/09/2011 02:34:31] /goto y
[02/09/2011 02:37:02] /goto venonat
[02/09/2011 02:37:06] /a 3
[02/09/2011 02:37:07] /a 3
[02/09/2011 02:37:09] /a 3
[02/09/2011 02:37:09] /a 3
[02/09/2011 02:37:11] /a 3
[02/09/2011 02:37:11] /a 3
[02/09/2011 02:37:12] /a 3
[02/09/2011 02:37:13] /a 3
[02/09/2011 02:37:16] /a 5
[02/09/2011 02:37:17] /a 5
[02/09/2011 02:37:17] /a 5
[02/09/2011 02:37:18] /a 5
[02/09/2011 02:37:19] /a 5
[02/09/2011 02:37:19] /a 5
[02/09/2011 02:37:21] /a 5
[02/09/2011 02:37:21] /a 5
[02/09/2011 02:37:22] /a 5
[02/09/2011 02:37:23] /a 5
[02/09/2011 02:37:23] /a 5
[02/09/2011 02:37:24] /a 5
[02/09/2011 02:37:25] /a 5
[02/09/2011 02:37:26] /a 5
[02/09/2011 02:37:26] /a 5
[02/09/2011 02:37:27] /a 5
[02/09/2011 02:37:28] /a 5
[02/09/2011 02:37:31] /a 5
[02/09/2011 02:37:31] /a 5
[02/09/2011 02:37:32] /a 5
[02/09/2011 02:37:33] /a 3
[02/09/2011 02:37:34] /a 3
[02/09/2011 02:37:34] /a 3
[02/09/2011 02:37:35] /a 3
[02/09/2011 02:37:36] /a 3
[02/09/2011 02:37:36] /a 3
[02/09/2011 02:37:38] /a 3
[02/09/2011 02:37:39] /a 3
[02/09/2011 02:37:40] /a 3
[02/09/2011 02:37:42] /a 3
[02/09/2011 02:37:44] /a 3
[02/09/2011 02:37:44] /a 3
[02/09/2011 02:37:45] /a 3
[02/09/2011 02:37:45] /a 3
[02/09/2011 02:37:46] /a 3
[02/09/2011 02:37:47] /a 3
[02/09/2011 02:38:11] /a 5
[02/09/2011 02:38:11] /a 5
[02/09/2011 02:38:12] /a 5
[02/09/2011 02:38:13] /a 5
[02/09/2011 02:38:13] /a 5
[02/09/2011 02:38:14] /a 5
[02/09/2011 02:38:14] /a 5
[02/09/2011 02:38:15] /a 5
[02/09/2011 02:38:15] /a 5
[02/09/2011 02:38:16] /a 5
[02/09/2011 02:38:16] /a 5
[02/09/2011 02:38:17] /a 5
[02/09/2011 02:38:18] /a 5
[02/09/2011 02:38:18] /a 5
[02/09/2011 02:38:19] /a 5
[02/09/2011 02:38:21] /a 5
[02/09/2011 02:38:23] /a 5
[02/09/2011 02:38:23] /a 5
[02/09/2011 02:38:26] /a 5
[02/09/2011 02:38:45] /s shiny dragonite
[02/09/2011 02:38:57] /goto jully
[02/09/2011 02:39:06] /c maresia
[02/09/2011 02:39:22] /s fearow
[02/09/2011 02:41:23] /t
[02/09/2011 02:41:32] /c Maresia
[02/09/2011 09:35:04] /s shiny geodude
[02/09/2011 09:35:09] /goto kasa :S
[02/09/2011 09:36:41] /a 5
[02/09/2011 09:36:53] /a 2
[02/09/2011 09:37:21] /goto okaya
[02/09/2011 09:37:51] /t
[02/09/2011 09:39:12] /s shiny dragonite
[02/09/2011 09:48:00] /s shiny dragonite
[02/09/2011 12:14:01] /world 0
[02/09/2011 12:14:15] /world 1
[02/09/2011 13:50:10] /c fosia
[02/09/2011 13:50:55] /goto fosia
[02/09/2011 13:52:34] /t
[02/09/2011 13:53:01] /s shiny lapras
[02/09/2011 13:54:30] /goto lapras
[02/09/2011 14:02:00] /goto Tiina Psychoo
[03/09/2011 16:30:53] /goto Tiina Psychoo
[03/09/2011 16:31:12] /a 10
[03/09/2011 16:32:14] /t
[03/09/2011 16:32:19] /a 50
[03/09/2011 16:33:28] /world 1
[03/09/2011 16:40:31] /t
[03/09/2011 16:48:32] /a 50
[03/09/2011 16:48:34] /a 50
[03/09/2011 16:48:39] /a 50
[03/09/2011 16:48:41] /a 50
[03/09/2011 16:48:42] /a 50
[03/09/2011 16:48:44] /a 50
[03/09/2011 16:48:45] /a 50
[03/09/2011 16:48:47] /a 50
[03/09/2011 16:48:52] /a 50
[03/09/2011 16:48:53] /a 50
[03/09/2011 16:48:58] /a 5
[03/09/2011 16:48:59] /a 5
[03/09/2011 16:49:01] /a 50
[03/09/2011 16:49:02] /a 50
[03/09/2011 16:49:04] /a 50
[03/09/2011 16:49:05] /a 50
[03/09/2011 16:49:07] /a 50
[03/09/2011 16:49:28] /a 25
[03/09/2011 16:51:29] /goto aladar
[03/09/2011 16:51:32] /goto aladar
[03/09/2011 16:52:15] /a 5
[03/09/2011 16:52:17] /a 5
[03/09/2011 16:52:18] /a 5
[03/09/2011 16:52:19] /a 5
[03/09/2011 16:52:19] /a 5
[03/09/2011 16:52:20] /a 5
[03/09/2011 16:52:21] /a 5
[03/09/2011 16:52:21] /a 5
[03/09/2011 16:52:23] /a 5
[03/09/2011 16:52:23] /a 5
[03/09/2011 16:52:24] /a 5
[03/09/2011 16:52:25] /a 5
[03/09/2011 16:52:26] /a 5
[03/09/2011 16:52:26] /a 5
[03/09/2011 16:52:27] /a 5
[03/09/2011 16:52:29] /a 5
[03/09/2011 16:52:29] /a 5
[03/09/2011 16:52:31] /a 5
[03/09/2011 16:52:33] /a 5
[03/09/2011 16:57:16] /t
[03/09/2011 16:57:40] /goto afterlife
[03/09/2011 16:58:46] /t
[03/09/2011 16:59:50] /goto snorlax
[03/09/2011 16:59:55] /goto charizard
[03/09/2011 17:00:02] /goto elder charizard
[03/09/2011 17:00:13] /goto caterpie
[03/09/2011 17:00:20] /a 5
[03/09/2011 17:00:22] /a 5
[03/09/2011 17:00:23] /a 5
[03/09/2011 17:00:24] /a 5
[03/09/2011 17:00:25] /a 5
[03/09/2011 17:00:26] /a 5
[03/09/2011 17:00:27] /a 5
[03/09/2011 17:00:29] /a 5
[03/09/2011 17:00:30] /a 5
[03/09/2011 17:00:31] /a 5
[03/09/2011 17:00:32] /a 5
[03/09/2011 17:00:33] /a 5
[03/09/2011 17:00:34] /a 5
[03/09/2011 17:00:35] /a 5
[03/09/2011 17:00:35] /a 5
[03/09/2011 17:00:37] /a 5
[03/09/2011 17:00:38] /a 5
[03/09/2011 17:00:38] /a 5
[03/09/2011 17:00:39] /a 5
[03/09/2011 17:00:40] /a 5
[03/09/2011 17:00:41] /a 5
[03/09/2011 17:00:41] /a 5
[03/09/2011 17:00:42] /a 5
[03/09/2011 17:00:44] /a 5
[03/09/2011 17:00:44] /a 5
[03/09/2011 17:00:45] /a 5
[03/09/2011 17:00:46] /a 5
[03/09/2011 17:00:47] /a 5
[03/09/2011 17:00:48] /a 5
[03/09/2011 17:00:48] /a 5
[03/09/2011 17:00:49] /a 5
[03/09/2011 17:00:50] /a 5
[03/09/2011 17:00:51] /a 5
[03/09/2011 17:00:51] /a 5
[03/09/2011 17:00:52] /a 5
[03/09/2011 17:00:53] /a 5
[03/09/2011 17:00:54] /a 5
[03/09/2011 17:00:54] /a 5
[03/09/2011 17:00:57] /a 5
[03/09/2011 17:00:58] /a 5
[03/09/2011 17:00:58] /a 5
[03/09/2011 17:00:59] /a 5
[03/09/2011 17:00:59] /a 5
[03/09/2011 17:01:00] /a 5
[03/09/2011 17:01:01] /a 5
[03/09/2011 17:01:02] /a 5
[03/09/2011 17:01:02] /a 5
[03/09/2011 17:01:03] /a 5
[03/09/2011 17:01:03] /a 5
[03/09/2011 17:01:16] /s diglet
[03/09/2011 17:01:23] /s diglett
[03/09/2011 17:01:35] /m shiny voltorb
[03/09/2011 17:01:48] /m shiny voltorb
[03/09/2011 17:01:48] /m shiny voltorb
[03/09/2011 17:01:49] /m shiny voltorb
[03/09/2011 17:01:49] /m shiny voltorb
[03/09/2011 17:01:49] /m shiny voltorb
[03/09/2011 17:01:50] /m shiny voltorb
[03/09/2011 17:01:50] /m shiny voltorb
[03/09/2011 17:02:00] /m shiny voltorb
[03/09/2011 17:03:11] /m magnetom
[03/09/2011 17:03:15] /m magneton
[03/09/2011 17:03:15] /m magneton
[03/09/2011 17:03:16] /m magneton
[03/09/2011 17:03:16] /m magneton
[03/09/2011 17:04:14] /m shiny paras
[03/09/2011 17:04:15] /m shiny paras
[03/09/2011 17:04:15] /m shiny paras
[03/09/2011 17:04:16] /m shiny paras
[03/09/2011 17:04:16] /m shiny paras
[03/09/2011 17:04:16] /m shiny paras
[03/09/2011 17:04:36] /s diglett
[03/09/2011 17:05:02] /m shiny paras
[03/09/2011 17:05:02] /m shiny paras
[03/09/2011 17:05:02] /m shiny paras
[03/09/2011 17:05:03] /m shiny paras
[03/09/2011 17:05:03] /m shiny paras
[03/09/2011 17:05:04] /m shiny paras
[03/09/2011 17:05:05] /m shiny paras
[03/09/2011 17:05:14] /m shiny paras
[03/09/2011 17:05:19] /s diglett
[03/09/2011 17:05:30] /s diglett
[03/09/2011 17:05:51] /m shiny paras
[03/09/2011 17:05:51] /m shiny paras
[03/09/2011 17:05:52] /m shiny paras
[03/09/2011 17:05:52] /m shiny paras
[03/09/2011 17:05:53] /m shiny paras
[03/09/2011 17:05:53] /m shiny paras
[03/09/2011 17:05:53] /m shiny paras
[03/09/2011 17:06:29] /m shiny paras
[03/09/2011 17:06:29] /m shiny paras
[03/09/2011 17:06:29] /m shiny paras
[03/09/2011 17:06:30] /m shiny paras
[03/09/2011 17:06:30] /m shiny paras
[03/09/2011 17:06:31] /m shiny paras
[03/09/2011 17:06:31] /m shiny paras
[03/09/2011 17:06:31] /m shiny paras
[03/09/2011 17:06:32] /m shiny paras
[03/09/2011 17:06:32] /m shiny paras
[03/09/2011 17:06:33] /m shiny paras
[03/09/2011 17:06:33] /m shiny paras
[03/09/2011 17:06:34] /m shiny paras
[03/09/2011 17:06:34] /m shiny paras
[03/09/2011 17:08:29] /a 50
[03/09/2011 17:08:30] /a 50
[03/09/2011 17:08:32] /a 50
[03/09/2011 17:08:36] /a 20
[03/09/2011 17:08:37] /a 20
[03/09/2011 17:08:38] /a 20
[03/09/2011 17:08:39] /a 20
[03/09/2011 17:08:42] /a 10
[03/09/2011 17:08:44] /a 10
[03/09/2011 17:14:20] /a 100
[03/09/2011 17:14:24] /a 10
[03/09/2011 17:14:25] /a 10
[03/09/2011 17:14:25] /a 10
[03/09/2011 17:14:26] /a 10
[03/09/2011 17:20:22] /m electabuzz
[03/09/2011 17:20:23] /m electabuzz
[03/09/2011 17:20:24] /m electabuzz
[03/09/2011 17:20:39] /s poliwhirl
[03/09/2011 17:20:43] /s poliwhirl
[03/09/2011 17:20:48] /s poliwhirl
[03/09/2011 17:20:53] /s diglett
[03/09/2011 17:20:58] /s diglett
[03/09/2011 17:21:12] /s diglett
[03/09/2011 17:21:16] /s diglett
[03/09/2011 17:21:22] /s diglett
[03/09/2011 17:21:29] /s diglett
[03/09/2011 17:21:43] /m electabuzz
[03/09/2011 17:21:50] /s diglett
[03/09/2011 17:22:23] /s diglett
[03/09/2011 17:22:32] /m electabuzz
[03/09/2011 17:22:57] /s diglett
[03/09/2011 17:23:08] /s diglett
[03/09/2011 17:23:11] /m electabuzz
[03/09/2011 17:23:24] /m electabuzz
[03/09/2011 17:23:29] /m electabuzz
[03/09/2011 17:23:38] /s shiny dragonite
[03/09/2011 17:23:57] /m electabuzz
[03/09/2011 17:24:11] /s shiny dragonite
[03/09/2011 17:24:25] /s shiny snorlax
[03/09/2011 17:24:32] /s shiny dragonite
[03/09/2011 17:24:36] /m electabuzz
[03/09/2011 17:24:37] /m electabuzz
[03/09/2011 17:24:56] /m electabuzz
[03/09/2011 17:24:59] /s shiny dragonite
[03/09/2011 17:25:08] /m electabuzz
[03/09/2011 17:25:09] /m electabuzz
[03/09/2011 17:25:09] /m electabuzz
[03/09/2011 17:25:13] /s shiny dragonite
[03/09/2011 17:25:17] /s shiny dragonite
[03/09/2011 17:25:32] /m electabuzz
[03/09/2011 17:25:43] /m electabuzz
[03/09/2011 17:25:43] /m electabuzz
[03/09/2011 17:26:00] /m electabuzz
[03/09/2011 17:26:01] /m electabuzz
[03/09/2011 17:26:13] /m electabuzz
[03/09/2011 17:26:14] /m electabuzz
[03/09/2011 17:26:14] /m electabuzz
[03/09/2011 17:26:37] /m electabuzz
[03/09/2011 17:26:37] /m electabuzz
[03/09/2011 17:26:57] /m electabuzz
[03/09/2011 17:27:03] /m electabuzz
[03/09/2011 17:27:11] /m electabuzz
[03/09/2011 17:27:21] /m electabuzz
[03/09/2011 17:27:27] /m electabuzz
[03/09/2011 17:27:29] /m electabuzz
[03/09/2011 17:27:39] /m electabuzz
[03/09/2011 17:27:45] /m electabuzz
[03/09/2011 17:27:53] /m electabuzz
[03/09/2011 17:28:07] /m electabuzz
[03/09/2011 17:28:07] /m electabuzz
[03/09/2011 17:28:08] /m electabuzz
[03/09/2011 17:28:08] /m electabuzz
[03/09/2011 17:28:29] /m electabuzz
[03/09/2011 17:28:37] /m electabuzz
[03/09/2011 17:28:43] /m electabuzz
[03/09/2011 17:28:49] /m electabuzz
[03/09/2011 17:28:56] /m electabuzz
[03/09/2011 17:29:02] /m electabuzz
[03/09/2011 17:29:07] /m electabuzz
[03/09/2011 17:29:12] /m electabuzz
[03/09/2011 17:29:18] /m electabuzz
[03/09/2011 17:29:25] /m electabuzz
[03/09/2011 17:29:32] /m electabuzz
[03/09/2011 17:29:39] /m electabuzz
[03/09/2011 17:29:44] /m electabuzz
[03/09/2011 17:29:55] /s shiny dragonite
[03/09/2011 17:29:57] /m electabuzz
[03/09/2011 17:30:06] /m electabuzz
[03/09/2011 17:30:13] /m electabuzz
[03/09/2011 17:30:20] /m electabuzz
[03/09/2011 17:30:28] /m electabuzz
[03/09/2011 17:30:35] /m electabuzz
[03/09/2011 17:30:42] /m electabuzz
[03/09/2011 17:30:43] /m electabuzz
[03/09/2011 17:31:01] /m electabuzz
[03/09/2011 17:31:07] /m electabuzz
[03/09/2011 17:31:14] /m electabuzz
[03/09/2011 17:31:26] /m electabuzz
[03/09/2011 17:31:33] /m electabuzz
[03/09/2011 17:31:38] /m electabuzz
[03/09/2011 17:31:43] /m electabuzz
[03/09/2011 17:31:50] /m electabuzz
[03/09/2011 17:31:56] /m electabuzz
[03/09/2011 17:32:03] /m electabuzz
[03/09/2011 17:32:10] /m electabuzz
[03/09/2011 17:32:28] /m electabuzz
[03/09/2011 17:32:36] /m electabuzz
[03/09/2011 17:32:43] /m electabuzz
[03/09/2011 17:33:14] /m electabuzz
[03/09/2011 17:33:15] /m electabuzz
[03/09/2011 17:33:43] /m electabuzz
[03/09/2011 17:33:52] /m electabuzz
[03/09/2011 17:33:59] /m electabuzz
[03/09/2011 17:34:29] /m electabuzz
[03/09/2011 17:34:39] /m electabuzz
[03/09/2011 17:34:56] /m electabuzz
[03/09/2011 17:34:59] /s shiny dragonite
[03/09/2011 17:35:04] /m electabuzz
[03/09/2011 17:35:26] /m electabuzz
[03/09/2011 17:35:32] /m electabuzz
[03/09/2011 17:35:45] /m electabuzz
[03/09/2011 17:35:52] /m electabuzz
[03/09/2011 17:35:58] /m electabuzz
[03/09/2011 17:36:06] /m electabuzz
[03/09/2011 17:36:37] /m electabuzz
[03/09/2011 17:36:48] /m electabuzz
[03/09/2011 17:36:56] /m electabuzz
[03/09/2011 17:37:05] /m electabuzz
[03/09/2011 17:37:13] /m electabuzz
[03/09/2011 17:37:23] /m electabuzz
[03/09/2011 17:37:30] /m electabuzz
[03/09/2011 17:37:38] /m electabuzz
[03/09/2011 17:37:46] /m electabuzz
[03/09/2011 17:37:54] /m electabuzz
[03/09/2011 17:38:05] /m electabuzz
[03/09/2011 17:38:15] /m electabuzz
[03/09/2011 17:38:31] /goto mark
[03/09/2011 17:39:06] /goto caterpie
[03/09/2011 17:39:10] /a 50
[03/09/2011 17:39:14] /a 5
[03/09/2011 17:39:16] /a 50
[03/09/2011 17:39:18] /a 50
[03/09/2011 17:39:21] /a 40
[03/09/2011 17:39:24] /a 40
[03/09/2011 17:39:25] /a 40
[03/09/2011 17:39:26] /a 40
[03/09/2011 17:39:30] /a 3
[03/09/2011 17:39:33] /a 30
[03/09/2011 17:39:39] /a 20
[03/09/2011 17:39:42] /a 5
[03/09/2011 17:39:44] /a 5
[03/09/2011 17:39:46] /a 4
[03/09/2011 17:39:49] /a 3
[03/09/2011 17:43:17] /s shiny dragonite
[03/09/2011 17:43:19] /s shiny dragonite
[03/09/2011 17:43:19] /s shiny dragonite
[03/09/2011 17:43:21] /s shiny dragonite
[03/09/2011 17:43:25] /m magmar
[03/09/2011 17:43:26] /m magmar
[03/09/2011 17:43:27] /m magmar
[03/09/2011 17:43:46] /m magmar
[03/09/2011 17:43:48] /m magmar
[03/09/2011 17:43:57] /m magmar
[03/09/2011 17:46:48] /s shiny dragonite
[03/09/2011 17:46:49] /s shiny dragonite
[03/09/2011 17:46:50] /s shiny dragonite
[03/09/2011 17:46:52] /s shiny dragonite
[03/09/2011 17:47:05] /m magmar
[03/09/2011 17:47:17] /m electabuzz
[03/09/2011 17:55:05] /m electabuzz
[03/09/2011 17:55:11] /s shiny dragonite
[03/09/2011 17:55:17] /s shiny dragonite
[03/09/2011 17:58:21] /t
[03/09/2011 18:01:14] /a 10
[03/09/2011 18:01:15] /a 10
[03/09/2011 18:01:16] /a 10
[03/09/2011 18:01:17] /a 10
[03/09/2011 18:01:18] /a 10
[03/09/2011 18:01:18] /a 10
[03/09/2011 18:01:19] /a 10
[03/09/2011 18:01:20] /a 10
[03/09/2011 18:01:21] /a 10
[03/09/2011 18:01:22] /a 10
[03/09/2011 18:01:22] /a 10
[03/09/2011 18:01:23] /a 10
[03/09/2011 18:01:24] /a 10
[03/09/2011 18:01:24] /a 10
[03/09/2011 18:01:24] /a 10
[03/09/2011 18:01:25] /a 10
[03/09/2011 18:01:25] /a 10
[03/09/2011 18:01:26] /a 10
[03/09/2011 18:01:26] /a 10
[03/09/2011 18:01:27] /a 10
[03/09/2011 18:01:27] /a 10
[03/09/2011 18:01:27] /a 10
[03/09/2011 18:01:27] /a 10
[03/09/2011 18:01:28] /a 10
[03/09/2011 18:01:28] /a 10
[03/09/2011 18:01:29] /a 10
[03/09/2011 18:01:30] /a 10
[03/09/2011 18:01:30] /a 10
[03/09/2011 18:01:30] /a 10
[03/09/2011 18:01:30] /a 10
[03/09/2011 18:01:31] /a 10
[03/09/2011 18:01:32] /a 10
[03/09/2011 18:01:32] /a 10
[03/09/2011 18:01:33] /a 10
[03/09/2011 18:01:33] /a 10
[03/09/2011 18:01:34] /a 10
[03/09/2011 18:01:35] /a 10
[03/09/2011 18:01:35] /a 10
[03/09/2011 18:01:36] /a 10
[03/09/2011 18:01:37] /a 10
[03/09/2011 18:01:37] /a 10
[03/09/2011 18:01:38] /a 10
[03/09/2011 18:01:39] /a 10
[03/09/2011 18:01:40] /a 10
[03/09/2011 18:01:44] /a 3
[03/09/2011 18:02:05] /s shiny sandslash
[03/09/2011 18:02:25] /s shiny sandslash
[03/09/2011 18:02:33] /s shiny sandslash
[03/09/2011 18:02:55] /a 3
[03/09/2011 18:02:56] /a 3
[03/09/2011 18:02:57] /a 3
[03/09/2011 18:02:58] /a 3
[03/09/2011 18:02:58] /a 3
[03/09/2011 18:02:59] /a 3
[03/09/2011 18:03:00] /a 3
[03/09/2011 18:03:00] /a 3
[03/09/2011 18:03:01] /a 3
[03/09/2011 18:03:02] /a 3
[03/09/2011 18:03:02] /a 3
[03/09/2011 18:03:03] /a 3
[03/09/2011 22:32:51] /goto lady qii
[03/09/2011 22:32:57] /goto Katy Qii
[03/09/2011 22:33:23] /a 3
[03/09/2011 22:33:24] /a 3
[03/09/2011 22:34:15] /a 3
[03/09/2011 22:34:51] /a 3
[03/09/2011 22:34:53] /a 3
[03/09/2011 22:34:54] /a 3
[03/09/2011 22:36:16] /t
[03/09/2011 22:41:02] /goto Tiina Psychoo
[03/09/2011 22:41:35] /a 3
[03/09/2011 22:41:46] /a 3
[03/09/2011 22:41:47] /a 3
[03/09/2011 22:41:48] /a 3
[03/09/2011 22:41:50] /a 3
[03/09/2011 22:41:50] /a 3
[03/09/2011 22:42:39] /a 3
[03/09/2011 22:44:46] /s shiny dragonite
[03/09/2011 22:45:24] /s aerodactyl
[03/09/2011 22:46:00] /s aerodactyl
[03/09/2011 22:50:45] /t
[03/09/2011 22:57:19] /s red gyarados
[03/09/2011 22:57:24] /s shinygyarados
[03/09/2011 22:57:28] /s shiny gyarados
[03/09/2011 22:58:06] /a 100
[03/09/2011 22:58:34] /a 50
[03/09/2011 22:58:36] /a 50
[03/09/2011 22:58:37] /a 50
[03/09/2011 22:58:38] /a 50
[03/09/2011 22:58:41] /a 50
[03/09/2011 22:58:43] /a 50
[03/09/2011 22:58:44] /a 50
[03/09/2011 22:58:47] /a 50
[03/09/2011 22:58:47] /a 50
[03/09/2011 22:58:49] /a 50
[03/09/2011 22:58:50] /a 50
[03/09/2011 22:58:50] /a 50
[03/09/2011 22:58:52] /a 50
[03/09/2011 22:58:55] /a 3
[03/09/2011 22:58:57] /a 3
[03/09/2011 23:00:02] /goto Tiina Psychoo
[03/09/2011 23:00:09] /a 5
[03/09/2011 23:13:26] /world 1
[04/09/2011 02:40:13] /goto Tiina Psychoo
[04/09/2011 02:41:30] /a 3
[04/09/2011 02:41:31] /a 3
[04/09/2011 02:41:32] /a 3
[04/09/2011 02:41:44] /s shiny dragonite
[04/09/2011 02:42:27] /s shiny dragonite
[04/09/2011 02:42:43] /goto mark
[04/09/2011 02:42:59] /a 3
[04/09/2011 02:43:00] /a 3
[04/09/2011 02:43:01] /a 3
[04/09/2011 02:43:01] /a 3
[04/09/2011 02:43:02] /a 3
[04/09/2011 02:43:02] /a 3
[04/09/2011 02:43:03] /a 3
[04/09/2011 02:43:03] /a 3
[04/09/2011 02:43:04] /a 3
[04/09/2011 02:43:10] /goto dewgong
[04/09/2011 02:43:14] /s golem
[04/09/2011 02:43:22] /goto poliwag
[04/09/2011 02:43:25] /s golem
[04/09/2011 02:43:38] /goto pidgeotto
[04/09/2011 02:43:40] /s golem
[04/09/2011 02:43:50] /s golem
[04/09/2011 02:44:04] /s electrode
[04/09/2011 02:44:11] /s electrode
[04/09/2011 02:44:26] /s voltorb
[04/09/2011 02:44:38] /s golem
[04/09/2011 02:44:46] /s golem
[04/09/2011 02:44:51] /s golem
[04/09/2011 02:45:00] /goto mark
[04/09/2011 02:45:29] /goto dragonite
[04/09/2011 02:45:37] /s shiny dragonite
[04/09/2011 02:46:02] /goto lariih
[04/09/2011 02:47:32] /a 3
[04/09/2011 02:47:33] /a 3
[04/09/2011 02:47:35] /a 3
[04/09/2011 02:47:35] /a 3
[04/09/2011 02:47:36] /a 3
[04/09/2011 02:47:37] /a 3
[04/09/2011 02:47:37] /a 3
[04/09/2011 02:47:38] /a 3
[04/09/2011 02:47:38] /a 3
[04/09/2011 02:47:39] /a 3
[04/09/2011 02:47:40] /a 3
[04/09/2011 02:47:41] /a 3
[04/09/2011 02:47:41] /a 3
[04/09/2011 02:47:42] /a 3
[04/09/2011 02:47:42] /a 3
[04/09/2011 02:47:43] /a 3
[04/09/2011 02:47:43] /a 3
[04/09/2011 02:47:44] /a 3
[04/09/2011 02:47:44] /a 3
[04/09/2011 02:47:45] /a 3
[04/09/2011 02:47:45] /a 3
[04/09/2011 02:47:46] /a 3
[04/09/2011 02:47:46] /a 3
[04/09/2011 02:47:47] /a 3
[04/09/2011 02:47:47] /a 3
[04/09/2011 02:47:48] /a 3
[04/09/2011 02:47:48] /a 3
[04/09/2011 02:47:49] /a 3
[04/09/2011 02:47:49] /a 3
[04/09/2011 02:47:50] /a 3
[04/09/2011 02:47:50] /a 3
[04/09/2011 02:47:51] /a 3
[04/09/2011 02:47:51] /a 3
[04/09/2011 02:47:52] /a 3
[04/09/2011 02:47:52] /a 3
[04/09/2011 02:47:53] /a 3
[04/09/2011 02:47:53] /a 3
[04/09/2011 02:47:54] /a 3
[04/09/2011 02:47:54] /a 3
[04/09/2011 02:47:55] /a 3
[04/09/2011 02:47:55] /a 3
[04/09/2011 02:47:55] /a 3
[04/09/2011 02:47:56] /a 3
[04/09/2011 02:47:56] /a 3
[04/09/2011 02:47:57] /a 3
[04/09/2011 02:47:57] /a 3
[04/09/2011 02:47:57] /a 3
[04/09/2011 02:47:58] /a 3
[04/09/2011 02:47:58] /a 3
[04/09/2011 02:47:59] /a 3
[04/09/2011 02:47:59] /a 3
[04/09/2011 02:47:59] /a 3
[04/09/2011 02:48:01] /a 30
[04/09/2011 02:48:01] /a 30
[04/09/2011 02:48:02] /a 30
[04/09/2011 02:48:03] /a 30
[04/09/2011 02:48:03] /a 30
[04/09/2011 02:48:04] /a 30
[04/09/2011 02:48:05] /a 30
[04/09/2011 02:48:11] /a 100
[04/09/2011 02:48:12] /a 100
[04/09/2011 02:54:35] /goto aerodactul
[04/09/2011 02:54:42] /goto aerodactyl
[04/09/2011 02:54:51] /goto dragonite
[04/09/2011 02:55:00] /goto charizard
[04/09/2011 02:55:14] /goto bulbasaur
[04/09/2011 02:55:22] /goto venusaur
[04/09/2011 02:55:58] /goto charmander
[04/09/2011 02:56:53] /goto squirtle
[04/09/2011 02:57:00] /goto wartortle
[04/09/2011 02:57:12] /goto metapod
[04/09/2011 02:58:11] /goto shiny buterfree
[04/09/2011 02:58:12] /goto shiny buterfre
[04/09/2011 02:58:16] /goto shiny buterfle
[04/09/2011 02:58:32] /goto Shiny Butterfree
[04/09/2011 02:58:46] /s vulpix
[04/09/2011 02:59:12] /s ratata
[04/09/2011 02:59:18] /s caterpie
[04/09/2011 02:59:34] /s vulpix
[04/09/2011 02:59:42] /s vulpix
[04/09/2011 02:59:48] /s vulpix
[04/09/2011 03:00:11] /goto shiny venomoth
[04/09/2011 03:00:39] /goto shiny venonat
[04/09/2011 03:01:03] /a 3
[04/09/2011 03:01:22] /s snorlax
[04/09/2011 03:02:01] /s pichu
[04/09/2011 03:02:33] /s sandsrhew
[04/09/2011 03:02:36] /goto cubone
[04/09/2011 03:03:50] /c Tiina Psychoo
[04/09/2011 03:04:48] /goto gyarados
[04/09/2011 03:05:06] /a 5
[04/09/2011 03:05:10] /a 1
[04/09/2011 03:05:12] /a 1
[04/09/2011 03:05:12] /a 1
[04/09/2011 03:05:29] /c Tiina Psychoo
[04/09/2011 03:06:27] /a 5
[04/09/2011 03:06:28] /a 5
[04/09/2011 03:07:02] /goto gyarados
[04/09/2011 03:07:44] /goto gyarados
[04/09/2011 03:07:56] /c Tiina Psychoo
[04/09/2011 03:08:23] /goto gyarados
[04/09/2011 03:08:36] /c Tiina Psychoo
[04/09/2011 03:08:45] /t
[04/09/2011 03:08:47] /c Tiina Psychoo
[04/09/2011 03:08:51] /a 50
[04/09/2011 03:08:52] /c Tiina Psychoo
[04/09/2011 03:09:03] /a 100
[04/09/2011 03:09:04] /c Tiina Psychoo
[04/09/2011 03:09:53] /goto vaporeon
[04/09/2011 03:10:03] /c Tiina Psychoo
[04/09/2011 03:12:52] /c Tiina Psychoo
[04/09/2011 03:14:05] /a 20
[04/09/2011 03:14:07] /a 20
[04/09/2011 03:14:25] /a 20
[04/09/2011 03:14:28] /a 20
[04/09/2011 03:14:31] /a 20
[04/09/2011 03:14:32] /a 20
[04/09/2011 03:14:36] /a 20
[04/09/2011 03:14:54] /a 20
[04/09/2011 03:14:56] /a 20
[04/09/2011 03:14:59] /a 5
[04/09/2011 03:15:14] /goto Tiina Psychoo
[04/09/2011 03:16:10] /a 10
[04/09/2011 03:16:11] /a 10
[04/09/2011 03:16:11] /a 10
[04/09/2011 03:16:14] /a 10
[04/09/2011 03:16:15] /a 10
[04/09/2011 03:16:16] /a 10
[04/09/2011 03:16:19] /a 10
[04/09/2011 03:16:22] /a 10
[04/09/2011 03:16:23] /a 10
[04/09/2011 03:16:24] /a 10
[04/09/2011 03:16:26] /a 10
[04/09/2011 03:16:26] /a 10
[04/09/2011 03:16:28] /a 10
[04/09/2011 03:16:29] /a 10
[04/09/2011 03:16:30] /a 10
[04/09/2011 03:16:31] /a 10
[04/09/2011 03:16:33] /a 10
[04/09/2011 03:16:34] /a 10
[04/09/2011 03:16:35] /a 10
[04/09/2011 03:16:36] /a 10
[04/09/2011 03:16:37] /a 10
[04/09/2011 03:16:38] /a 10
[04/09/2011 03:16:38] /a 10
[04/09/2011 03:16:39] /a 10
[04/09/2011 03:16:41] /a 10
[04/09/2011 03:16:42] /a 10
[04/09/2011 03:16:43] /a 10
[04/09/2011 03:16:43] /a 10
[04/09/2011 03:16:44] /a 10
[04/09/2011 03:16:49] /a 10s
[04/09/2011 03:17:15] /goto Tiina Psychoo
[04/09/2011 03:19:22] /goto vaporeon
[04/09/2011 03:19:29] /goto gyarados
[04/09/2011 03:20:38] /a 50
[04/09/2011 03:20:42] /a 30
[04/09/2011 03:20:44] /a 30
[04/09/2011 03:20:46] /a 3
[04/09/2011 03:21:01] /goto lapras
[04/09/2011 03:21:08] /goto wartortle
[04/09/2011 03:21:15] /goto starmie
[04/09/2011 03:21:22] /goto gyarados
[04/09/2011 03:21:54] /c Tiina Psychoo
[04/09/2011 03:22:23] /goto tentacruel
[04/09/2011 03:22:41] /c Tiina Psychoo
[04/09/2011 03:22:57] /z cruel
[04/09/2011 03:23:43] /s shiny tentacruel
[04/09/2011 03:24:20] /t
[04/09/2011 03:24:29] /c Tiina Psychoo
[04/09/2011 03:24:34] /a 100
[04/09/2011 03:24:37] /c Tiina Psychoo
[04/09/2011 03:24:49] /goto tentacruel
[04/09/2011 03:24:53] /a 20
[04/09/2011 03:24:58] /a 5
[04/09/2011 03:25:16] /c Tiina Psychoo
[04/09/2011 03:26:07] /c Tiina Psychoo
[04/09/2011 03:26:17] /c Tiina Psychoo
[04/09/2011 03:27:27] /c Tiina Psychoo
[04/09/2011 03:27:31] /c Tiina Psychoo
[04/09/2011 03:27:34] /c Tiina Psychoo
[04/09/2011 03:27:41] /c Tiina Psychoo
[04/09/2011 03:27:46] /c Tiina Psychoo
[04/09/2011 03:28:41] /a 20
[04/09/2011 03:28:44] /c Tiina Psychoo
[04/09/2011 03:29:02] /c Tiina Psychoo
[04/09/2011 03:30:12] /c Tiina Psychoo
[04/09/2011 03:31:11] /c Tiina Psychoo
[04/09/2011 03:31:32] /a 15
[04/09/2011 03:31:33] /a 15
[04/09/2011 03:31:36] /a 15
[04/09/2011 03:31:38] /a 15
[04/09/2011 03:31:38] /a 15
[04/09/2011 03:31:39] /a 15
[04/09/2011 03:31:41] /a 15
[04/09/2011 03:31:42] /a 15
[04/09/2011 03:31:45] /a 15
[04/09/2011 03:31:46] /a 15
[04/09/2011 03:31:56] /a 15
[04/09/2011 03:31:56] /a 15
[04/09/2011 03:32:03] /goto gyarados
[04/09/2011 03:32:11] /goto Tiina Psychoo
[04/09/2011 03:32:18] /a 20
[04/09/2011 03:32:19] /a 20
[04/09/2011 03:32:24] /c Tiina Psychoo
[04/09/2011 03:32:37] /a 15
[04/09/2011 03:32:38] /a 15
[04/09/2011 03:32:39] /a 15
[04/09/2011 03:32:39] /a 15
[04/09/2011 03:32:41] /a 15
[04/09/2011 03:32:42] /a 15
[04/09/2011 03:32:44] /a 15
[04/09/2011 03:32:45] /a 15
[04/09/2011 03:32:49] /a 5
[04/09/2011 03:32:54] /c Tiina Psychoo
[04/09/2011 03:33:36] /a 5
[04/09/2011 03:33:37] /a 5
[04/09/2011 03:33:37] /a 5
[04/09/2011 03:33:38] /a 5
[04/09/2011 03:33:39] /a 5
[04/09/2011 03:33:39] /a 5
[04/09/2011 03:33:40] /a 5
[04/09/2011 03:33:40] /a 5
[04/09/2011 03:33:42] /a 5
[04/09/2011 03:33:42] /a 5
[04/09/2011 03:33:43] /a 5
[04/09/2011 03:33:44] /a 5
[04/09/2011 03:33:44] /a 5
[04/09/2011 03:33:45] /a 5
[04/09/2011 03:33:47] /a 5
[04/09/2011 03:33:48] /a 5
[04/09/2011 03:33:49] /a 5
[04/09/2011 03:33:50] /a 5
[04/09/2011 03:33:51] /a 5
[04/09/2011 03:33:51] /a 5
[04/09/2011 03:33:52] /a 5
[04/09/2011 03:33:52] /a 5
[04/09/2011 03:33:53] /a 5
[04/09/2011 03:33:54] /a 5
[04/09/2011 03:33:54] /a 5
[04/09/2011 03:33:55] /a 5
[04/09/2011 03:33:55] /a 5
[04/09/2011 03:33:56] /a 5
[04/09/2011 03:33:57] /a 5
[04/09/2011 03:33:58] /a 5
[04/09/2011 03:33:58] /a 5
[04/09/2011 03:33:59] /a 5
[04/09/2011 03:34:01] /a 5
[04/09/2011 03:34:01] /a 5
[04/09/2011 03:34:09] /a 5
[04/09/2011 03:34:09] /a 5
[04/09/2011 03:34:09] /a 5
[04/09/2011 03:34:10] /a 5
[04/09/2011 03:34:11] /a 5
[04/09/2011 03:34:12] /a 5
[04/09/2011 03:34:13] /a 5
[04/09/2011 03:34:13] /a 5
[04/09/2011 03:34:14] /a 5
[04/09/2011 03:34:16] /a 5
[04/09/2011 03:34:17] /a 5
[04/09/2011 03:34:17] /a 5
[04/09/2011 03:34:18] /a 5
[04/09/2011 03:34:19] /a 5
[04/09/2011 03:34:20] /a 5
[04/09/2011 03:34:21] /a 5
[04/09/2011 03:34:22] /a 5
[04/09/2011 03:34:23] /a 5
[04/09/2011 03:34:24] /a 5
[04/09/2011 03:34:25] /a 5
[04/09/2011 03:34:26] /a 5
[04/09/2011 03:34:27] /a 5
[04/09/2011 03:34:28] /a 5
[04/09/2011 03:34:29] /a 5
[04/09/2011 03:34:31] /a 5
[04/09/2011 03:34:32] /a 5
[04/09/2011 03:34:33] /a 5
[04/09/2011 03:34:35] /a 5
[04/09/2011 03:35:15] /c Tiina Psychoo
[04/09/2011 03:35:36] /c Tiina Psychoo
[04/09/2011 03:36:57] /goto venomoth
[04/09/2011 03:37:21] /goto butterfree
[04/09/2011 03:38:51] /goto Tiina Psychoo
[04/09/2011 05:03:00] /goto Tiina Psychoo
[04/09/2011 05:03:43] /bc white tchau
[04/09/2011 05:04:37] /bc green Boa noite galera, to indo dormir. tchau sz
[04/09/2011 05:05:22] /goto Tiina Psychoo
[04/09/2011 05:06:07] /m shiny pidgeot
[04/09/2011 05:06:12] /t
[04/09/2011 05:10:11] /bc red FUI!
