[06/08/2011 15:23:10] /ban Fumagalli ,1
[06/08/2011 15:55:04] /ban Dypsi , 1
[06/08/2011 16:29:24] /ban Psycko Ghostly ,1
[06/08/2011 16:32:59] /ban Psyco Ghostly ,1
[06/08/2011 18:44:50] /ban Radioactive ,10
[06/08/2011 18:45:12] /ban Radioactive ,10
[06/08/2011 18:45:15] /ban Radioactive,10
[06/08/2011 18:53:49] /ban Maatheeuusyuurii , 20
[09/08/2011 17:38:06] /ban Fimose , 2
[09/08/2011 18:16:26] /ban Darkzao ,2
[09/08/2011 20:17:42] /ban Sei La ,2
[10/08/2011 21:06:50] /ban Feliipe ,2
[10/08/2011 21:11:37] /ban Talkflex ,1
[10/08/2011 22:21:59] /ban Star King ,2
[10/08/2011 22:27:33] /ban Star King ,10
[10/08/2011 22:38:46] /ban Dark,20
[11/08/2011 13:10:23] /ban Glupi ,2
[11/08/2011 13:45:50] /ban Edilson Rox, 20
[11/08/2011 14:34:09] /ban Edilson Rox,99
[12/08/2011 14:33:51] /ban Soldarkness , 90
