[06/08/2011 14:32:01] /ban Pardal Do Gato ,1
[06/08/2011 14:32:42] /ban Bobmarley ,1
[06/08/2011 14:34:16] /ban Bellissima ,1
[06/08/2011 14:34:57] /ban Bella Bellissima ,1
[06/08/2011 14:37:27] /ban Pe Souza ,1
[06/08/2011 14:39:57] /ban Pe Souza ,2
[06/08/2011 14:41:30] /ban Pe Souza ,3
[06/08/2011 15:02:44] /ban Hisame Hoshigaki ,10
[06/08/2011 15:02:54] /ban Kisame Hoshigaki ,10
[06/08/2011 16:17:38] /ban Seensaciional ,10
[06/08/2011 16:23:48] /ban Seensaciional ,1000
[06/08/2011 16:35:11] /ban Psycko Ghostly ,1000
[06/08/2011 16:38:09] /ban Psycko Ghostly ,1000000000
[06/08/2011 16:38:12] /ban Psycko Ghostly ,1000000000
[06/08/2011 16:38:57] /ban Ghostic ,2
[06/08/2011 16:39:06] /ban Ghotic ,2
[06/08/2011 16:39:14] /ban Gothic ,2
[06/08/2011 17:19:59] /ban Gothic ,2
[06/08/2011 18:12:10] /ban Raafa Rox ,2
[06/08/2011 18:12:19] /ban Jarath Rox ,2
[06/08/2011 18:12:31] /ban Edilson Rox ,2
[06/08/2011 18:12:46] /ban Jarath ,2
[06/08/2011 18:50:19] /ban Uh Uh Homer Xegou ,3
[06/08/2011 18:52:57] /ban Maatheeuusyuurii ,10000000000
[06/08/2011 20:50:50] /ban Frajola ,2
[07/08/2011 00:24:03] /ban Brohken ,100
[07/08/2011 06:50:20] /ban Davilokoof ,10
[07/08/2011 08:43:18] /ban Psycko Ghotly ,10
[07/08/2011 08:43:33] /ban Psycko Ghostly ,10
[07/08/2011 09:02:44] /ban Psycko Ghostl ,100
[07/08/2011 09:03:40] /ban Psycko Ghostly ,100
[07/08/2011 11:15:26] /ban Fumagalli ,2
[07/08/2011 11:15:39] /ban Fumagalli ,2
[07/08/2011 11:42:05] /ban Toom Ferreira ,1
[07/08/2011 13:22:42] /ban Heavenly Demon ,2
[07/08/2011 13:23:09] /ban Manolo ,1
[08/08/2011 12:42:32] /ban Magellan ,2
[08/08/2011 14:35:53] /ban bieell ,1
[08/08/2011 14:41:27] /ban bieell ,3
[08/08/2011 16:48:30] /ban Uh Uh Homer Xegou ,100
[08/08/2011 16:56:37] /ban Uh Uh Homer Xegou ,5
[08/08/2011 16:56:47] /ban Edilson Rox ,2
[08/08/2011 18:14:12] /ban Kakici 300
[08/08/2011 18:14:22] /ban Kakici 30
[08/08/2011 18:14:38] /ban Kakici ,30
[08/08/2011 19:20:27] /ban Falcon Xd ,1
[08/08/2011 19:57:15] /ban Waka Waka ,1
[09/08/2011 00:20:49] /ban Manolo ,8
[09/08/2011 13:25:56] /ban Edilson Rox ,1
[09/08/2011 13:54:59] /ban Edilson Rox ,10
[09/08/2011 17:48:15] /ban Porai
[09/08/2011 21:14:34] /ban Crasho ,100
[10/08/2011 21:18:26] /ban Star King ,3
[10/08/2011 23:37:01] /ban Toom Ferreira ,2
[10/08/2011 23:45:46] /ban Toom Ferreira ,3
[11/08/2011 12:11:45] /ban Toom Ferreira ,100
[11/08/2011 13:10:45] /ban Danadiinha ,100
[11/08/2011 13:42:49] /ban Edilson Rox ,5
