[12/08/2011 22:02:37] /ban Cogumelo Azuis,1
[12/08/2011 22:02:54] /ban Cogumelos Azuis,1
[13/08/2011 14:05:12] /ban Fimose,9
[13/08/2011 14:05:31] /ban Fimose,5
[13/08/2011 14:05:50] /ban Fimose,5 nao respeita o Help
[13/08/2011 14:05:57] /ban Fimose,5,[]nao respeita o Help
[13/08/2011 14:24:13] /ban Fimose,9,Nao Respeita o Help.
[13/08/2011 14:26:17] /ban Lumus,9,...
[13/08/2011 14:27:56] /bancheck Fimose
[15/08/2011 12:52:11] /ban Glupi,10,troca de poke por outro sv
[16/08/2011 15:04:52] /ban Magellan,15,Desreipeito ao Game-Chat
[16/08/2011 15:06:09] /ban Bieell,1,Desreipeito
[16/08/2011 20:17:32] /ban Sei La,15,xingamentos no Help
[16/08/2011 20:19:35] /ban
[16/08/2011 20:20:10] /ban
[16/08/2011 20:20:32] /ban fimose,666,Ofenas
[16/08/2011 20:23:07] /ban Fimose,15,Ofenas
[17/08/2011 18:15:23] /ban Rtk Tio,7,Chat no Help
[30/08/2011 19:56:06] /ban Maresia,26,Desrespeito a Tutor
[01/09/2011 21:41:54] /ban Facebook,30,Desrespeito a Staff
[03/09/2011 16:54:38] /ban Blakee,10,Chat no trade
[03/09/2011 20:04:38] /ban Baltaniar,15,chat no trade
[03/09/2011 20:04:53] /ban Coldkross,15,chat no trade
[03/09/2011 20:08:33] /ban Lariih,15,chat no trade
[03/09/2011 20:15:34] /ban Menina Sex,15,chat no trade
[03/09/2011 20:21:31] /ban Super Yuyinete,15,chat no trade
[03/09/2011 23:14:05] /ban Super Yuyinete,10,chat no trade
[04/09/2011 01:59:13] /ban Poseidon,10,chat no trade
