[06/08/2011 16:17:45] /ban Seensaciional,1
[06/08/2011 16:32:36] /ban Psycko Ghostly,1
[06/08/2011 16:35:47] /ban Psycko Ghostly,1
[08/08/2011 08:57:58] /ban Sabotador,1
[08/08/2011 11:11:31] /ban Treiner De Zard,1
[08/08/2011 13:40:00] /ban Edilson Rox,1
[08/08/2011 16:02:49] /ban bieell,1
[08/08/2011 16:03:04] /ban Anjo Crow,1
[08/08/2011 16:03:26] /ban Edilson Rox,1
[08/08/2011 16:03:41] /ban Shinakura Sashira
[08/08/2011 16:03:49] /ban Shinakura Sashira,1
[08/08/2011 16:15:21] /ban Uh Uh Homer Xegou,1
[08/08/2011 16:43:14] /ban Uh Uh Homer Xegou,1
[08/08/2011 16:43:41] /ban Raioactive,1
[08/08/2011 16:43:56] /ban Raioactive,1
[08/08/2011 16:49:14] /ban Uh Uh Homer Xegou,1
[08/08/2011 16:53:11] /ban Edilson Rox,1
[08/08/2011 21:06:12] /ban Feliipe,1
[09/08/2011 10:53:09] /ban Elver,10
[09/08/2011 13:04:12] /ban Yuanshu,10
[09/08/2011 13:05:06] /ban Edilson Rox,10
[09/08/2011 15:58:11] /ban Crasho,10
[10/08/2011 00:27:35] /ban Shakals,15
[12/08/2011 21:30:45] /ban Cogumelo Amarelos,20
[12/08/2011 21:51:40] /ban Fimose,20
[12/08/2011 21:52:03] /ban Gothic,20
[12/08/2011 21:52:22] /ban Edilson Rox,20
[12/08/2011 22:04:28] /ban Cogumelos Azuis,20
[13/08/2011 14:23:51] /ban fimose,20
[13/08/2011 14:24:06] /ban Fimose,20
[13/08/2011 14:24:13] /ban Fimose,20
[13/08/2011 14:24:18] /ban Fimose,10
[13/08/2011 14:24:23] /ban Fimose,1
[13/08/2011 14:24:32] /ban Fimose,1
[13/08/2011 14:24:38] /ban Fimose,1
[13/08/2011 14:24:42] /ban Fimose,1
[13/08/2011 14:24:52] /ban Fimose,10
[13/08/2011 14:24:58] /ban Fimose,tempo 10
[13/08/2011 14:25:04] /ban Fimose,tempo 1
[13/08/2011 14:26:27] /ban Lumos,10
[13/08/2011 14:27:33] /bancheck Fimose
[13/08/2011 14:27:45] /bancheck Fimose
[13/08/2011 14:27:58] /bancheck Fimose
[13/08/2011 14:28:22] /bancheck fimose
[13/08/2011 17:24:21] /ban Bruh,10,Chat No Help
[13/08/2011 18:53:50] /ban Cogumelos Rosas,20,Chat no help
[13/08/2011 18:59:23] /ban Bobmarley,1,Chat Indevido
[14/08/2011 01:04:03] /i hyper ball
[14/08/2011 01:55:51] /ban seila,20,Chingado No Help
[15/08/2011 01:30:30] /ban Jarath,20,chat help
[17/08/2011 14:45:47] /ban Diamonds Aren't Forever,20,chat indevido
[03/09/2011 14:00:19] /ban Super yuyinete,10
[03/09/2011 14:00:26] /ban Super yuyinete,10
[03/09/2011 14:00:42] /ban Super yuyinete,10,chat indevido
[03/09/2011 14:03:41] /ban Aquarium,10,chat indevido
[03/09/2011 14:04:15] /ban Biah,10,chat indevido
[03/09/2011 14:04:36] /ban tiina psychoo,10,chat indevido
[03/09/2011 14:04:56] /ban lariih,10,chat indevido
[03/09/2011 14:06:41] /ban sahsuah,10
[03/09/2011 14:25:32] /ban maresia,10,chat indevido
[03/09/2011 14:30:59] /ban meso,10,chat indevido
[03/09/2011 14:51:45] /ban meso,15,chat indevido de novo
[03/09/2011 15:14:50] /ban Play Donato,10,chat indevido
[03/09/2011 15:26:14] /ban kasa,10,chat indevido
[03/09/2011 15:42:58] /ban play donato,10,chat indevido 
[03/09/2011 15:50:10] /ban super Yuyinete,20,continua com chat indevido
[03/09/2011 15:57:36] /ban Lariih,20,Chat indevido
[03/09/2011 16:17:07] /ban sindy,10,chat indevido
[03/09/2011 17:38:02] /ban Super Yuyinete,20,Nao respita os canail
