[25/06/2013 23:36:26] /t
[25/06/2013 23:51:06] /a 20
[25/06/2013 23:51:08] /a 20
[25/06/2013 23:57:34] /a 1
[25/06/2013 23:59:43] /a 1
[26/06/2013 17:56:05] /goto [kpdo]cater
[26/06/2013 18:06:23] /goto [kpdo]cater
[27/06/2013 16:14:28] /c 
[27/06/2013 16:14:31] /c [kpdo]cater
[27/06/2013 16:15:07] /t
[27/06/2013 18:10:35] /asm64 doPlayerSendTextMessage(cid,getCreaturePosition(getPlayerByName("[kpdo]cater"))
[27/06/2013 18:10:41] /asm64 doPlayerSendTextMessage(cid,22,getCreaturePosition(getPlayerByName("[kpdo]cater"))
[27/06/2013 18:10:52] /kick [kpdo]cater
[27/06/2013 18:12:52] /c [kpdo]cater
[27/06/2013 18:14:14] /c [kpdo
[27/06/2013 18:14:16] /c [kpdo]cater
[27/06/2013 18:19:27] /c [kpdo]cater
[28/06/2013 10:13:36] /c [kpdo
[28/06/2013 10:13:39] /c [kpdo]cater
[28/06/2013 10:44:45] /c [kpdo]cater
[28/06/2013 10:46:06] /c [kpdo]cater
[28/06/2013 10:47:01] /c [kpdo]cater
[28/06/2013 10:51:18] /c [kpdo]cater
[28/06/2013 10:57:17] /c [kpdo
[28/06/2013 10:57:19] /c [kpdo]cater
[01/07/2013 18:40:20] /c [kpdo]cater
[01/07/2013 18:41:51] /c [kpdo]cater
[01/07/2013 18:46:57] /c 
[01/07/2013 18:47:00] /c [kpdo]cater
[01/07/2013 18:47:20] /c [kpdo]cater
[01/07/2013 18:47:25] /t
[01/07/2013 18:47:27] /tptown 4
[01/07/2013 18:57:16] /c [kpdo
[01/07/2013 18:57:17] /c [kpdo]cater
[01/07/2013 18:57:36] /c [kpdo]cater
[01/07/2013 19:00:13] /c [kpdo
[01/07/2013 19:00:16] /c [kpdo]cater
[01/07/2013 19:00:36] /c [kpdo]cater
[01/07/2013 19:04:06] /c [kpdo]cater
[01/07/2013 19:05:10] /c [kpdo
[01/07/2013 19:05:13] /c [kpdo]cater
[02/07/2013 16:47:18] /a 1
[15/07/2013 02:50:53] /c 
[15/07/2013 02:50:54] /c 
[15/07/2013 02:51:01] /c [kpdo]cater
[09/09/2013 14:18:26] /a 1
[09/09/2013 14:18:31] /goto [kpdo]cater
[09/09/2013 14:29:38] /tutor pqp em meu,1
[08/11/2013 09:03:50] /a 1
[12/11/2013 17:07:22] /cliport
[12/11/2013 17:07:22] /a 1
[14/11/2013 17:32:01] /c [kpdo]cater
[21/11/2013 19:48:43] /a 1
