[07/08/2011 01:16:50] /i master ball
[07/08/2011 01:18:03] /i 2160
[07/08/2011 01:18:08] /i 2159
[07/08/2011 01:18:27] /i 2159
[07/08/2011 01:18:28] /i 2159
[07/08/2011 01:18:33] /i 2159
[07/08/2011 01:19:35] /ghost
[07/08/2011 01:19:53] /i 192
[07/08/2011 01:19:59] /i 192
[07/08/2011 01:20:02] /i 192
[07/08/2011 01:20:15] /a 2
[07/08/2011 01:20:30] /a 2
[07/08/2011 01:20:30] /a 2
[07/08/2011 01:20:31] /a 2
[07/08/2011 01:20:37] /a 2
[07/08/2011 01:20:37] /a 2
[07/08/2011 01:20:39] /a 2
[07/08/2011 01:20:40] /a 2
[07/08/2011 01:20:40] /a 2
[07/08/2011 01:20:40] /a 2
[07/08/2011 01:20:41] /a 2
[07/08/2011 01:20:41] /a 2
[07/08/2011 01:20:41] /a 2
[07/08/2011 01:20:42] /a 2
[07/08/2011 01:20:42] /a 2
[07/08/2011 01:20:43] /a 2
[07/08/2011 01:20:43] /a 2
[07/08/2011 01:20:44] /a 2
[07/08/2011 01:20:44] /a 2
[07/08/2011 01:20:46] /a 2
[07/08/2011 01:20:46] /a 2
[07/08/2011 01:20:52] /m shiny raichu
[07/08/2011 19:07:10] /ghost
